Analysis & Synthesis report for UART
Fri Mar 11 08:25:21 2022
Quartus Prime Version 20.1.1 Build 720 11/11/2020 SJ Lite Edition


---------------------
; Table of Contents ;
---------------------
  1. Legal Notice
  2. Analysis & Synthesis Summary
  3. Analysis & Synthesis Settings
  4. Parallel Compilation
  5. Analysis & Synthesis Source Files Read
  6. Analysis & Synthesis Resource Usage Summary
  7. Analysis & Synthesis Resource Utilization by Entity
  8. State Machine - |UART|uart_tx:t|r_SM_Main
  9. State Machine - |UART|uart_rx:r|r_SM_Main
 10. Registers Removed During Synthesis
 11. General Register Statistics
 12. Inverted Register Statistics
 13. Multiplexer Restructuring Statistics (Restructuring Performed)
 14. Parameter Settings for User Entity Instance: clockdiv:cd
 15. Parameter Settings for User Entity Instance: clockdiv:cd_2
 16. Parameter Settings for User Entity Instance: uart_rx:r
 17. Parameter Settings for User Entity Instance: uart_tx:t
 18. Port Connectivity Checks: "uart_tx:t"
 19. Post-Synthesis Netlist Statistics for Top Partition
 20. Elapsed Time Per Partition
 21. Analysis & Synthesis Messages
 22. Analysis & Synthesis Suppressed Messages



----------------
; Legal Notice ;
----------------
Copyright (C) 2020  Intel Corporation. All rights reserved.
Your use of Intel Corporation's design tools, logic functions 
and other software and tools, and any partner logic 
functions, and any output files from any of the foregoing 
(including device programming or simulation files), and any 
associated documentation or information are expressly subject 
to the terms and conditions of the Intel Program License 
Subscription Agreement, the Intel Quartus Prime License Agreement,
the Intel FPGA IP License Agreement, or other applicable license
agreement, including, without limitation, that your use is for
the sole purpose of programming logic devices manufactured by
Intel and sold by Intel or its authorized distributors.  Please
refer to the applicable agreement for further details, at
https://fpgasoftware.intel.com/eula.



+----------------------------------------------------------------------------------+
; Analysis & Synthesis Summary                                                     ;
+------------------------------------+---------------------------------------------+
; Analysis & Synthesis Status        ; Successful - Fri Mar 11 08:25:21 2022       ;
; Quartus Prime Version              ; 20.1.1 Build 720 11/11/2020 SJ Lite Edition ;
; Revision Name                      ; UART                                        ;
; Top-level Entity Name              ; UART                                        ;
; Family                             ; MAX 10                                      ;
; Total logic elements               ; 186                                         ;
;     Total combinational functions  ; 185                                         ;
;     Dedicated logic registers      ; 103                                         ;
; Total registers                    ; 103                                         ;
; Total pins                         ; 36                                          ;
; Total virtual pins                 ; 0                                           ;
; Total memory bits                  ; 0                                           ;
; Embedded Multiplier 9-bit elements ; 0                                           ;
; Total PLLs                         ; 0                                           ;
; UFM blocks                         ; 0                                           ;
; ADC blocks                         ; 0                                           ;
+------------------------------------+---------------------------------------------+


+------------------------------------------------------------------------------------------------------------+
; Analysis & Synthesis Settings                                                                              ;
+------------------------------------------------------------------+--------------------+--------------------+
; Option                                                           ; Setting            ; Default Value      ;
+------------------------------------------------------------------+--------------------+--------------------+
; Device                                                           ; 10M50DAF484C7G     ;                    ;
; Top-level entity name                                            ; UART               ; UART               ;
; Family name                                                      ; MAX 10             ; Cyclone V          ;
; Use smart compilation                                            ; Off                ; Off                ;
; Enable parallel Assembler and Timing Analyzer during compilation ; On                 ; On                 ;
; Enable compact report table                                      ; Off                ; Off                ;
; Restructure Multiplexers                                         ; Auto               ; Auto               ;
; Create Debugging Nodes for IP Cores                              ; Off                ; Off                ;
; Preserve fewer node names                                        ; On                 ; On                 ;
; Intel FPGA IP Evaluation Mode                                    ; Enable             ; Enable             ;
; Verilog Version                                                  ; Verilog_2001       ; Verilog_2001       ;
; VHDL Version                                                     ; VHDL_1993          ; VHDL_1993          ;
; State Machine Processing                                         ; Auto               ; Auto               ;
; Safe State Machine                                               ; Off                ; Off                ;
; Extract Verilog State Machines                                   ; On                 ; On                 ;
; Extract VHDL State Machines                                      ; On                 ; On                 ;
; Ignore Verilog initial constructs                                ; Off                ; Off                ;
; Iteration limit for constant Verilog loops                       ; 5000               ; 5000               ;
; Iteration limit for non-constant Verilog loops                   ; 250                ; 250                ;
; Add Pass-Through Logic to Inferred RAMs                          ; On                 ; On                 ;
; Infer RAMs from Raw Logic                                        ; On                 ; On                 ;
; Parallel Synthesis                                               ; On                 ; On                 ;
; DSP Block Balancing                                              ; Auto               ; Auto               ;
; NOT Gate Push-Back                                               ; On                 ; On                 ;
; Power-Up Don't Care                                              ; On                 ; On                 ;
; Remove Redundant Logic Cells                                     ; Off                ; Off                ;
; Remove Duplicate Registers                                       ; On                 ; On                 ;
; Ignore CARRY Buffers                                             ; Off                ; Off                ;
; Ignore CASCADE Buffers                                           ; Off                ; Off                ;
; Ignore GLOBAL Buffers                                            ; Off                ; Off                ;
; Ignore ROW GLOBAL Buffers                                        ; Off                ; Off                ;
; Ignore LCELL Buffers                                             ; Off                ; Off                ;
; Ignore SOFT Buffers                                              ; On                 ; On                 ;
; Limit AHDL Integers to 32 Bits                                   ; Off                ; Off                ;
; Optimization Technique                                           ; Balanced           ; Balanced           ;
; Carry Chain Length                                               ; 70                 ; 70                 ;
; Auto Carry Chains                                                ; On                 ; On                 ;
; Auto Open-Drain Pins                                             ; On                 ; On                 ;
; Perform WYSIWYG Primitive Resynthesis                            ; Off                ; Off                ;
; Auto ROM Replacement                                             ; On                 ; On                 ;
; Auto RAM Replacement                                             ; On                 ; On                 ;
; Auto DSP Block Replacement                                       ; On                 ; On                 ;
; Auto Shift Register Replacement                                  ; Auto               ; Auto               ;
; Allow Shift Register Merging across Hierarchies                  ; Auto               ; Auto               ;
; Auto Clock Enable Replacement                                    ; On                 ; On                 ;
; Strict RAM Replacement                                           ; Off                ; Off                ;
; Allow Synchronous Control Signals                                ; On                 ; On                 ;
; Force Use of Synchronous Clear Signals                           ; Off                ; Off                ;
; Auto RAM Block Balancing                                         ; On                 ; On                 ;
; Auto RAM to Logic Cell Conversion                                ; Off                ; Off                ;
; Auto Resource Sharing                                            ; Off                ; Off                ;
; Allow Any RAM Size For Recognition                               ; Off                ; Off                ;
; Allow Any ROM Size For Recognition                               ; Off                ; Off                ;
; Allow Any Shift Register Size For Recognition                    ; Off                ; Off                ;
; Use LogicLock Constraints during Resource Balancing              ; On                 ; On                 ;
; Ignore translate_off and synthesis_off directives                ; Off                ; Off                ;
; Timing-Driven Synthesis                                          ; On                 ; On                 ;
; Report Parameter Settings                                        ; On                 ; On                 ;
; Report Source Assignments                                        ; On                 ; On                 ;
; Report Connectivity Checks                                       ; On                 ; On                 ;
; Ignore Maximum Fan-Out Assignments                               ; Off                ; Off                ;
; Synchronization Register Chain Length                            ; 2                  ; 2                  ;
; Power Optimization During Synthesis                              ; Normal compilation ; Normal compilation ;
; HDL message level                                                ; Level2             ; Level2             ;
; Suppress Register Optimization Related Messages                  ; Off                ; Off                ;
; Number of Removed Registers Reported in Synthesis Report         ; 5000               ; 5000               ;
; Number of Swept Nodes Reported in Synthesis Report               ; 5000               ; 5000               ;
; Number of Inverted Registers Reported in Synthesis Report        ; 100                ; 100                ;
; Clock MUX Protection                                             ; On                 ; On                 ;
; Auto Gated Clock Conversion                                      ; Off                ; Off                ;
; Block Design Naming                                              ; Auto               ; Auto               ;
; SDC constraint protection                                        ; Off                ; Off                ;
; Synthesis Effort                                                 ; Auto               ; Auto               ;
; Shift Register Replacement - Allow Asynchronous Clear Signal     ; On                 ; On                 ;
; Pre-Mapping Resynthesis Optimization                             ; Off                ; Off                ;
; Analysis & Synthesis Message Level                               ; Medium             ; Medium             ;
; Disable Register Merging Across Hierarchies                      ; Auto               ; Auto               ;
; Resource Aware Inference For Block RAM                           ; On                 ; On                 ;
+------------------------------------------------------------------+--------------------+--------------------+


+------------------------------------------+
; Parallel Compilation                     ;
+----------------------------+-------------+
; Processors                 ; Number      ;
+----------------------------+-------------+
; Number detected on machine ; 16          ;
; Maximum allowed            ; 16          ;
;                            ;             ;
; Average used               ; 1.00        ;
; Maximum used               ; 16          ;
;                            ;             ;
; Usage by Processor         ; % Time Used ;
;     Processor 1            ; 100.0%      ;
;     Processor 2            ;   0.0%      ;
;     Processors 3-16        ;   0.0%      ;
+----------------------------+-------------+


+---------------------------------------------------------------------------------------------------------------------------------------+
; Analysis & Synthesis Source Files Read                                                                                                ;
+----------------------------------+-----------------+------------------------+-----------------------------------------------+---------+
; File Name with User-Entered Path ; Used in Netlist ; File Type              ; File Name with Absolute Path                  ; Library ;
+----------------------------------+-----------------+------------------------+-----------------------------------------------+---------+
; UART.v                           ; yes             ; User Verilog HDL File  ; /home/paok/Documents/Verilog_Labs/UART/UART.v ;         ;
+----------------------------------+-----------------+------------------------+-----------------------------------------------+---------+


+--------------------------------------------------------------------+
; Analysis & Synthesis Resource Usage Summary                        ;
+---------------------------------------------+----------------------+
; Resource                                    ; Usage                ;
+---------------------------------------------+----------------------+
; Estimated Total logic elements              ; 186                  ;
;                                             ;                      ;
; Total combinational functions               ; 185                  ;
; Logic element usage by number of LUT inputs ;                      ;
;     -- 4 input functions                    ; 81                   ;
;     -- 3 input functions                    ; 27                   ;
;     -- <=2 input functions                  ; 77                   ;
;                                             ;                      ;
; Logic elements by mode                      ;                      ;
;     -- normal mode                          ; 119                  ;
;     -- arithmetic mode                      ; 66                   ;
;                                             ;                      ;
; Total registers                             ; 103                  ;
;     -- Dedicated logic registers            ; 103                  ;
;     -- I/O registers                        ; 0                    ;
;                                             ;                      ;
; I/O pins                                    ; 36                   ;
;                                             ;                      ;
; Embedded Multiplier 9-bit elements          ; 0                    ;
;                                             ;                      ;
; Maximum fan-out node                        ; clockdiv:cd|slow_clk ;
; Maximum fan-out                             ; 67                   ;
; Total fan-out                               ; 906                  ;
; Average fan-out                             ; 2.52                 ;
+---------------------------------------------+----------------------+


+------------------------------------------------------------------------------------------------------------------------------------------------------------------------------------------------------------------------------------+
; Analysis & Synthesis Resource Utilization by Entity                                                                                                                                                                                ;
+----------------------------+---------------------+---------------------------+-------------+------------+--------------+---------+-----------+------+--------------+------------+---------------------+-------------+--------------+
; Compilation Hierarchy Node ; Combinational ALUTs ; Dedicated Logic Registers ; Memory Bits ; UFM Blocks ; DSP Elements ; DSP 9x9 ; DSP 18x18 ; Pins ; Virtual Pins ; ADC blocks ; Full Hierarchy Name ; Entity Name ; Library Name ;
+----------------------------+---------------------+---------------------------+-------------+------------+--------------+---------+-----------+------+--------------+------------+---------------------+-------------+--------------+
; |UART                      ; 185 (0)             ; 103 (0)                   ; 0           ; 0          ; 0            ; 0       ; 0         ; 36   ; 0            ; 0          ; |UART               ; UART        ; work         ;
;    |BCD:A|                 ; 7 (7)               ; 0 (0)                     ; 0           ; 0          ; 0            ; 0       ; 0         ; 0    ; 0            ; 0          ; |UART|BCD:A         ; BCD         ; work         ;
;    |BCD:B|                 ; 7 (7)               ; 0 (0)                     ; 0           ; 0          ; 0            ; 0       ; 0         ; 0    ; 0            ; 0          ; |UART|BCD:B         ; BCD         ; work         ;
;    |BCD:C|                 ; 7 (7)               ; 0 (0)                     ; 0           ; 0          ; 0            ; 0       ; 0         ; 0    ; 0            ; 0          ; |UART|BCD:C         ; BCD         ; work         ;
;    |BCD:D|                 ; 7 (7)               ; 0 (0)                     ; 0           ; 0          ; 0            ; 0       ; 0         ; 0    ; 0            ; 0          ; |UART|BCD:D         ; BCD         ; work         ;
;    |clockdiv:cd_2|         ; 36 (36)             ; 28 (28)                   ; 0           ; 0          ; 0            ; 0       ; 0         ; 0    ; 0            ; 0          ; |UART|clockdiv:cd_2 ; clockdiv    ; work         ;
;    |clockdiv:cd|           ; 43 (43)             ; 28 (28)                   ; 0           ; 0          ; 0            ; 0       ; 0         ; 0    ; 0            ; 0          ; |UART|clockdiv:cd   ; clockdiv    ; work         ;
;    |downCounter:c|         ; 8 (8)               ; 8 (8)                     ; 0           ; 0          ; 0            ; 0       ; 0         ; 0    ; 0            ; 0          ; |UART|downCounter:c ; downCounter ; work         ;
;    |uart_rx:r|             ; 49 (49)             ; 27 (27)                   ; 0           ; 0          ; 0            ; 0       ; 0         ; 0    ; 0            ; 0          ; |UART|uart_rx:r     ; uart_rx     ; work         ;
;    |uart_tx:t|             ; 21 (21)             ; 12 (12)                   ; 0           ; 0          ; 0            ; 0       ; 0         ; 0    ; 0            ; 0          ; |UART|uart_tx:t     ; uart_tx     ; work         ;
+----------------------------+---------------------+---------------------------+-------------+------------+--------------+---------+-----------+------+--------------+------------+---------------------+-------------+--------------+
Note: For table entries with two numbers listed, the numbers in parentheses indicate the number of resources of the given type used by the specific entity alone. The numbers listed outside of parentheses indicate the total resources of the given type used by the specific entity and all of its sub-entities in the hierarchy.


Encoding Type:  One-Hot
+------------------------------------------------------------------------------------------------------------------------------------------------+
; State Machine - |UART|uart_tx:t|r_SM_Main                                                                                                      ;
+--------------------------+-------------------------+--------------------------+--------------------------+---------------+---------------------+
; Name                     ; r_SM_Main.s_TX_STOP_BIT ; r_SM_Main.s_TX_DATA_BITS ; r_SM_Main.s_TX_START_BIT ; r_SM_Main.000 ; r_SM_Main.s_CLEANUP ;
+--------------------------+-------------------------+--------------------------+--------------------------+---------------+---------------------+
; r_SM_Main.000            ; 0                       ; 0                        ; 0                        ; 0             ; 0                   ;
; r_SM_Main.s_TX_START_BIT ; 0                       ; 0                        ; 1                        ; 1             ; 0                   ;
; r_SM_Main.s_TX_DATA_BITS ; 0                       ; 1                        ; 0                        ; 1             ; 0                   ;
; r_SM_Main.s_TX_STOP_BIT  ; 1                       ; 0                        ; 0                        ; 1             ; 0                   ;
; r_SM_Main.s_CLEANUP      ; 0                       ; 0                        ; 0                        ; 1             ; 1                   ;
+--------------------------+-------------------------+--------------------------+--------------------------+---------------+---------------------+


Encoding Type:  One-Hot
+------------------------------------------------------------------------------------------------------------------------------------------------+
; State Machine - |UART|uart_rx:r|r_SM_Main                                                                                                      ;
+--------------------------+-------------------------+--------------------------+--------------------------+---------------+---------------------+
; Name                     ; r_SM_Main.s_RX_STOP_BIT ; r_SM_Main.s_RX_DATA_BITS ; r_SM_Main.s_RX_START_BIT ; r_SM_Main.000 ; r_SM_Main.s_CLEANUP ;
+--------------------------+-------------------------+--------------------------+--------------------------+---------------+---------------------+
; r_SM_Main.000            ; 0                       ; 0                        ; 0                        ; 0             ; 0                   ;
; r_SM_Main.s_RX_START_BIT ; 0                       ; 0                        ; 1                        ; 1             ; 0                   ;
; r_SM_Main.s_RX_DATA_BITS ; 0                       ; 1                        ; 0                        ; 1             ; 0                   ;
; r_SM_Main.s_RX_STOP_BIT  ; 1                       ; 0                        ; 0                        ; 1             ; 0                   ;
; r_SM_Main.s_CLEANUP      ; 0                       ; 0                        ; 0                        ; 1             ; 1                   ;
+--------------------------+-------------------------+--------------------------+--------------------------+---------------+---------------------+


+---------------------------------------------------------------------------------+
; Registers Removed During Synthesis                                              ;
+----------------------------------------+----------------------------------------+
; Register name                          ; Reason for Removal                     ;
+----------------------------------------+----------------------------------------+
; uart_tx:t|r_Tx_Data[1,3..5,7]          ; Stuck at GND due to stuck port data_in ;
; uart_tx:t|r_Tx_Data[2,6]               ; Merged with uart_tx:t|r_Tx_Data[0]     ;
; uart_tx:t|r_Clock_Count[0..7]          ; Lost fanout                            ;
; uart_tx:t|r_SM_Main~2                  ; Lost fanout                            ;
; uart_tx:t|r_SM_Main~3                  ; Lost fanout                            ;
; uart_rx:r|r_SM_Main~2                  ; Lost fanout                            ;
; uart_rx:r|r_SM_Main~3                  ; Lost fanout                            ;
; Total Number of Removed Registers = 19 ;                                        ;
+----------------------------------------+----------------------------------------+


+------------------------------------------------------+
; General Register Statistics                          ;
+----------------------------------------------+-------+
; Statistic                                    ; Value ;
+----------------------------------------------+-------+
; Total registers                              ; 103   ;
; Number of registers using Synchronous Clear  ; 62    ;
; Number of registers using Synchronous Load   ; 8     ;
; Number of registers using Asynchronous Clear ; 0     ;
; Number of registers using Asynchronous Load  ; 0     ;
; Number of registers using Clock Enable       ; 8     ;
; Number of registers using Preset             ; 0     ;
+----------------------------------------------+-------+


+--------------------------------------------------+
; Inverted Register Statistics                     ;
+----------------------------------------+---------+
; Inverted Register                      ; Fan out ;
+----------------------------------------+---------+
; uart_rx:r|r_Rx_Data                    ; 12      ;
; uart_rx:r|r_Rx_Data_R                  ; 1       ;
; Total number of inverted registers = 2 ;         ;
+----------------------------------------+---------+


+------------------------------------------------------------------------------------------------------------------------------------------------+
; Multiplexer Restructuring Statistics (Restructuring Performed)                                                                                 ;
+--------------------+-----------+---------------+----------------------+------------------------+------------+----------------------------------+
; Multiplexer Inputs ; Bus Width ; Baseline Area ; Area if Restructured ; Saving if Restructured ; Registered ; Example Multiplexer Output       ;
+--------------------+-----------+---------------+----------------------+------------------------+------------+----------------------------------+
; 8:1                ; 8 bits    ; 40 LEs        ; 8 LEs                ; 32 LEs                 ; Yes        ; |UART|uart_rx:r|r_Clock_Count[1] ;
; 3:1                ; 3 bits    ; 6 LEs         ; 6 LEs                ; 0 LEs                  ; No         ; |UART|uart_tx:t|r_Bit_Index      ;
; 3:1                ; 3 bits    ; 6 LEs         ; 6 LEs                ; 0 LEs                  ; No         ; |UART|uart_rx:r|r_Bit_Index      ;
+--------------------+-----------+---------------+----------------------+------------------------+------------+----------------------------------+


+----------------------------------------------------------+
; Parameter Settings for User Entity Instance: clockdiv:cd ;
+----------------+---------+-------------------------------+
; Parameter Name ; Value   ; Type                          ;
+----------------+---------+-------------------------------+
; val1           ; 3124999 ; Signed Integer                ;
; val2           ; 1562500 ; Signed Integer                ;
+----------------+---------+-------------------------------+
Note: In order to hide this table in the UI and the text report file, please set the "Show Parameter Settings in Synthesis Report" option in "Analysis and Synthesis Settings -> More Settings" to "Off".


+------------------------------------------------------------+
; Parameter Settings for User Entity Instance: clockdiv:cd_2 ;
+----------------+-------+-----------------------------------+
; Parameter Name ; Value ; Type                              ;
+----------------+-------+-----------------------------------+
; val1           ; 8     ; Signed Integer                    ;
; val2           ; 4     ; Signed Integer                    ;
+----------------+-------+-----------------------------------+
Note: In order to hide this table in the UI and the text report file, please set the "Show Parameter Settings in Synthesis Report" option in "Analysis and Synthesis Settings -> More Settings" to "Off".


+--------------------------------------------------------+
; Parameter Settings for User Entity Instance: uart_rx:r ;
+----------------+-------+-------------------------------+
; Parameter Name ; Value ; Type                          ;
+----------------+-------+-------------------------------+
; CLKS_PER_BIT   ; 1     ; Signed Integer                ;
+----------------+-------+-------------------------------+
Note: In order to hide this table in the UI and the text report file, please set the "Show Parameter Settings in Synthesis Report" option in "Analysis and Synthesis Settings -> More Settings" to "Off".


+--------------------------------------------------------+
; Parameter Settings for User Entity Instance: uart_tx:t ;
+----------------+-------+-------------------------------+
; Parameter Name ; Value ; Type                          ;
+----------------+-------+-------------------------------+
; CLKS_PER_BIT   ; 1     ; Signed Integer                ;
+----------------+-------+-------------------------------+
Note: In order to hide this table in the UI and the text report file, please set the "Show Parameter Settings in Synthesis Report" option in "Analysis and Synthesis Settings -> More Settings" to "Off".


+-------------------------------------------------------------------------------------------------------------------------------------------------------------------------------------------------------------------------+
; Port Connectivity Checks: "uart_tx:t"                                                                                                                                                                                   ;
+-----------------+-------+----------+------------------------------------------------------------------------------------------------------------------------------------------------------------------------------------+
; Port            ; Type  ; Severity ; Details                                                                                                                                                                            ;
+-----------------+-------+----------+------------------------------------------------------------------------------------------------------------------------------------------------------------------------------------+
; i_Tx_Byte       ; Input ; Warning  ; Input port expression (32 bits) is wider than the input port (8 bits) it drives.  The 24 most-significant bit(s) in the expression will be dangling if they have no other fanouts. ;
; i_Tx_Byte[5..3] ; Input ; Info     ; Stuck at GND                                                                                                                                                                       ;
; i_Tx_Byte[7]    ; Input ; Info     ; Stuck at GND                                                                                                                                                                       ;
; i_Tx_Byte[6]    ; Input ; Info     ; Stuck at VCC                                                                                                                                                                       ;
; i_Tx_Byte[2]    ; Input ; Info     ; Stuck at VCC                                                                                                                                                                       ;
; i_Tx_Byte[1]    ; Input ; Info     ; Stuck at GND                                                                                                                                                                       ;
; i_Tx_Byte[0]    ; Input ; Info     ; Stuck at VCC                                                                                                                                                                       ;
+-----------------+-------+----------+------------------------------------------------------------------------------------------------------------------------------------------------------------------------------------+


+-----------------------------------------------------+
; Post-Synthesis Netlist Statistics for Top Partition ;
+-----------------------+-----------------------------+
; Type                  ; Count                       ;
+-----------------------+-----------------------------+
; boundary_port         ; 36                          ;
; cycloneiii_ff         ; 103                         ;
;     ENA SCLR          ; 8                           ;
;     SCLR              ; 54                          ;
;     SLD               ; 8                           ;
;     plain             ; 33                          ;
; cycloneiii_lcell_comb ; 189                         ;
;     arith             ; 66                          ;
;         2 data inputs ; 66                          ;
;     normal            ; 123                         ;
;         1 data inputs ; 9                           ;
;         2 data inputs ; 6                           ;
;         3 data inputs ; 27                          ;
;         4 data inputs ; 81                          ;
;                       ;                             ;
; Max LUT depth         ; 5.00                        ;
; Average LUT depth     ; 2.55                        ;
+-----------------------+-----------------------------+


+-------------------------------+
; Elapsed Time Per Partition    ;
+----------------+--------------+
; Partition Name ; Elapsed Time ;
+----------------+--------------+
; Top            ; 00:00:00     ;
+----------------+--------------+


+-------------------------------+
; Analysis & Synthesis Messages ;
+-------------------------------+
Info: *******************************************************************
Info: Running Quartus Prime Analysis & Synthesis
    Info: Version 20.1.1 Build 720 11/11/2020 SJ Lite Edition
    Info: Processing started: Fri Mar 11 08:25:14 2022
Info: Command: quartus_map --read_settings_files=on --write_settings_files=off UART -c UART
Warning (18236): Number of processors has not been specified which may cause overloading on shared machines.  Set the global assignment NUM_PARALLEL_PROCESSORS in your QSF to an appropriate value for best performance.
Info (20030): Parallel compilation is enabled and will use 16 of the 16 processors detected
Info (12021): Found 6 design units, including 6 entities, in source file UART.v
    Info (12023): Found entity 1: UART File: /home/paok/Documents/Verilog_Labs/UART/UART.v Line: 1
    Info (12023): Found entity 2: downCounter File: /home/paok/Documents/Verilog_Labs/UART/UART.v Line: 40
    Info (12023): Found entity 3: clockdiv File: /home/paok/Documents/Verilog_Labs/UART/UART.v Line: 47
    Info (12023): Found entity 4: BCD File: /home/paok/Documents/Verilog_Labs/UART/UART.v Line: 55
    Info (12023): Found entity 5: uart_tx File: /home/paok/Documents/Verilog_Labs/UART/UART.v Line: 92
    Info (12023): Found entity 6: uart_rx File: /home/paok/Documents/Verilog_Labs/UART/UART.v Line: 248
Warning (10222): Verilog HDL Parameter Declaration warning at UART.v(258): Parameter Declaration in module "uart_rx" behaves as a Local Parameter Declaration because the module has a Module Parameter Port List File: /home/paok/Documents/Verilog_Labs/UART/UART.v Line: 258
Warning (10222): Verilog HDL Parameter Declaration warning at UART.v(259): Parameter Declaration in module "uart_rx" behaves as a Local Parameter Declaration because the module has a Module Parameter Port List File: /home/paok/Documents/Verilog_Labs/UART/UART.v Line: 259
Warning (10222): Verilog HDL Parameter Declaration warning at UART.v(260): Parameter Declaration in module "uart_rx" behaves as a Local Parameter Declaration because the module has a Module Parameter Port List File: /home/paok/Documents/Verilog_Labs/UART/UART.v Line: 260
Warning (10222): Verilog HDL Parameter Declaration warning at UART.v(261): Parameter Declaration in module "uart_rx" behaves as a Local Parameter Declaration because the module has a Module Parameter Port List File: /home/paok/Documents/Verilog_Labs/UART/UART.v Line: 261
Warning (10222): Verilog HDL Parameter Declaration warning at UART.v(262): Parameter Declaration in module "uart_rx" behaves as a Local Parameter Declaration because the module has a Module Parameter Port List File: /home/paok/Documents/Verilog_Labs/UART/UART.v Line: 262
Warning (10222): Verilog HDL Parameter Declaration warning at UART.v(104): Parameter Declaration in module "uart_tx" behaves as a Local Parameter Declaration because the module has a Module Parameter Port List File: /home/paok/Documents/Verilog_Labs/UART/UART.v Line: 104
Warning (10222): Verilog HDL Parameter Declaration warning at UART.v(105): Parameter Declaration in module "uart_tx" behaves as a Local Parameter Declaration because the module has a Module Parameter Port List File: /home/paok/Documents/Verilog_Labs/UART/UART.v Line: 105
Warning (10222): Verilog HDL Parameter Declaration warning at UART.v(106): Parameter Declaration in module "uart_tx" behaves as a Local Parameter Declaration because the module has a Module Parameter Port List File: /home/paok/Documents/Verilog_Labs/UART/UART.v Line: 106
Warning (10222): Verilog HDL Parameter Declaration warning at UART.v(107): Parameter Declaration in module "uart_tx" behaves as a Local Parameter Declaration because the module has a Module Parameter Port List File: /home/paok/Documents/Verilog_Labs/UART/UART.v Line: 107
Warning (10222): Verilog HDL Parameter Declaration warning at UART.v(108): Parameter Declaration in module "uart_tx" behaves as a Local Parameter Declaration because the module has a Module Parameter Port List File: /home/paok/Documents/Verilog_Labs/UART/UART.v Line: 108
Info (12127): Elaborating entity "UART" for the top level hierarchy
Info (12128): Elaborating entity "clockdiv" for hierarchy "clockdiv:cd" File: /home/paok/Documents/Verilog_Labs/UART/UART.v Line: 25
Warning (10230): Verilog HDL assignment warning at UART.v(50): truncated value with size 32 to match size of target (27) File: /home/paok/Documents/Verilog_Labs/UART/UART.v Line: 50
Info (12128): Elaborating entity "clockdiv" for hierarchy "clockdiv:cd_2" File: /home/paok/Documents/Verilog_Labs/UART/UART.v Line: 26
Warning (10230): Verilog HDL assignment warning at UART.v(50): truncated value with size 32 to match size of target (27) File: /home/paok/Documents/Verilog_Labs/UART/UART.v Line: 50
Info (12128): Elaborating entity "downCounter" for hierarchy "downCounter:c" File: /home/paok/Documents/Verilog_Labs/UART/UART.v Line: 28
Warning (10230): Verilog HDL assignment warning at UART.v(43): truncated value with size 32 to match size of target (8) File: /home/paok/Documents/Verilog_Labs/UART/UART.v Line: 43
Info (12128): Elaborating entity "uart_rx" for hierarchy "uart_rx:r" File: /home/paok/Documents/Verilog_Labs/UART/UART.v Line: 30
Warning (10230): Verilog HDL assignment warning at UART.v(316): truncated value with size 32 to match size of target (8) File: /home/paok/Documents/Verilog_Labs/UART/UART.v Line: 316
Warning (10230): Verilog HDL assignment warning at UART.v(330): truncated value with size 32 to match size of target (8) File: /home/paok/Documents/Verilog_Labs/UART/UART.v Line: 330
Warning (10230): Verilog HDL assignment warning at UART.v(341): truncated value with size 32 to match size of target (3) File: /home/paok/Documents/Verilog_Labs/UART/UART.v Line: 341
Warning (10230): Verilog HDL assignment warning at UART.v(362): truncated value with size 32 to match size of target (8) File: /home/paok/Documents/Verilog_Labs/UART/UART.v Line: 362
Info (12128): Elaborating entity "uart_tx" for hierarchy "uart_tx:t" File: /home/paok/Documents/Verilog_Labs/UART/UART.v Line: 31
Warning (10230): Verilog HDL assignment warning at UART.v(148): truncated value with size 32 to match size of target (8) File: /home/paok/Documents/Verilog_Labs/UART/UART.v Line: 148
Warning (10230): Verilog HDL assignment warning at UART.v(169): truncated value with size 32 to match size of target (8) File: /home/paok/Documents/Verilog_Labs/UART/UART.v Line: 169
Warning (10230): Verilog HDL assignment warning at UART.v(179): truncated value with size 32 to match size of target (3) File: /home/paok/Documents/Verilog_Labs/UART/UART.v Line: 179
Warning (10230): Verilog HDL assignment warning at UART.v(202): truncated value with size 32 to match size of target (8) File: /home/paok/Documents/Verilog_Labs/UART/UART.v Line: 202
Info (12128): Elaborating entity "BCD" for hierarchy "BCD:A" File: /home/paok/Documents/Verilog_Labs/UART/UART.v Line: 33
Warning (12241): 1 hierarchies have connectivity warnings - see the Connectivity Checks report folder
Info (286030): Timing-Driven Synthesis is running
Info (17049): 12 registers lost all their fanouts during netlist optimizations.
Info (144001): Generated suppressed messages file /home/paok/Documents/Verilog_Labs/UART/output_files/UART.map.smsg
Info (16010): Generating hard_block partition "hard_block:auto_generated_inst"
    Info (16011): Adding 0 node(s), including 0 DDIO, 0 PLL, 0 transceiver and 0 LCELL
Info (21057): Implemented 225 device resources after synthesis - the final resource count might be different
    Info (21058): Implemented 4 input pins
    Info (21059): Implemented 32 output pins
    Info (21061): Implemented 189 logic cells
Info: Quartus Prime Analysis & Synthesis was successful. 0 errors, 23 warnings
    Info: Peak virtual memory: 695 megabytes
    Info: Processing ended: Fri Mar 11 08:25:21 2022
    Info: Elapsed time: 00:00:07
    Info: Total CPU time (on all processors): 00:00:20


+------------------------------------------+
; Analysis & Synthesis Suppressed Messages ;
+------------------------------------------+
The suppressed messages can be found in /home/paok/Documents/Verilog_Labs/UART/output_files/UART.map.smsg.


