Analysis & Synthesis report for sum
Tue Mar  8 19:49:35 2022
Quartus Prime Version 20.1.1 Build 720 11/11/2020 SJ Lite Edition


---------------------
; Table of Contents ;
---------------------
  1. Legal Notice
  2. Analysis & Synthesis Summary
  3. Analysis & Synthesis Settings
  4. Parallel Compilation
  5. Analysis & Synthesis Source Files Read
  6. Analysis & Synthesis Resource Usage Summary
  7. Analysis & Synthesis Resource Utilization by Entity
  8. State Machine - |sum|current_state
  9. User-Specified and Inferred Latches
 10. Registers Removed During Synthesis
 11. General Register Statistics
 12. Multiplexer Restructuring Statistics (Restructuring Performed)
 13. Parameter Settings for User Entity Instance: Top-level Entity: |sum
 14. Parameter Settings for Inferred Entity Instance: lpm_divide:Mod0
 15. Port Connectivity Checks: "BCD:DECENAS"
 16. Port Connectivity Checks: "BCD:UNITS"
 17. Port Connectivity Checks: "counter:COUNT"
 18. Post-Synthesis Netlist Statistics for Top Partition
 19. Elapsed Time Per Partition
 20. Analysis & Synthesis Messages
 21. Analysis & Synthesis Suppressed Messages



----------------
; Legal Notice ;
----------------
Copyright (C) 2020  Intel Corporation. All rights reserved.
Your use of Intel Corporation's design tools, logic functions 
and other software and tools, and any partner logic 
functions, and any output files from any of the foregoing 
(including device programming or simulation files), and any 
associated documentation or information are expressly subject 
to the terms and conditions of the Intel Program License 
Subscription Agreement, the Intel Quartus Prime License Agreement,
the Intel FPGA IP License Agreement, or other applicable license
agreement, including, without limitation, that your use is for
the sole purpose of programming logic devices manufactured by
Intel and sold by Intel or its authorized distributors.  Please
refer to the applicable agreement for further details, at
https://fpgasoftware.intel.com/eula.



+----------------------------------------------------------------------------------+
; Analysis & Synthesis Summary                                                     ;
+------------------------------------+---------------------------------------------+
; Analysis & Synthesis Status        ; Successful - Tue Mar  8 19:49:35 2022       ;
; Quartus Prime Version              ; 20.1.1 Build 720 11/11/2020 SJ Lite Edition ;
; Revision Name                      ; sum                                         ;
; Top-level Entity Name              ; sum                                         ;
; Family                             ; MAX 10                                      ;
; Total logic elements               ; 79                                          ;
;     Total combinational functions  ; 79                                          ;
;     Dedicated logic registers      ; 49                                          ;
; Total registers                    ; 49                                          ;
; Total pins                         ; 32                                          ;
; Total virtual pins                 ; 0                                           ;
; Total memory bits                  ; 0                                           ;
; Embedded Multiplier 9-bit elements ; 0                                           ;
; Total PLLs                         ; 0                                           ;
; UFM blocks                         ; 0                                           ;
; ADC blocks                         ; 0                                           ;
+------------------------------------+---------------------------------------------+


+------------------------------------------------------------------------------------------------------------+
; Analysis & Synthesis Settings                                                                              ;
+------------------------------------------------------------------+--------------------+--------------------+
; Option                                                           ; Setting            ; Default Value      ;
+------------------------------------------------------------------+--------------------+--------------------+
; Device                                                           ; 10M50DAF484C7G     ;                    ;
; Top-level entity name                                            ; sum                ; sum                ;
; Family name                                                      ; MAX 10             ; Cyclone V          ;
; Use smart compilation                                            ; Off                ; Off                ;
; Enable parallel Assembler and Timing Analyzer during compilation ; On                 ; On                 ;
; Enable compact report table                                      ; Off                ; Off                ;
; Restructure Multiplexers                                         ; Auto               ; Auto               ;
; Create Debugging Nodes for IP Cores                              ; Off                ; Off                ;
; Preserve fewer node names                                        ; On                 ; On                 ;
; Intel FPGA IP Evaluation Mode                                    ; Enable             ; Enable             ;
; Verilog Version                                                  ; Verilog_2001       ; Verilog_2001       ;
; VHDL Version                                                     ; VHDL_1993          ; VHDL_1993          ;
; State Machine Processing                                         ; Auto               ; Auto               ;
; Safe State Machine                                               ; Off                ; Off                ;
; Extract Verilog State Machines                                   ; On                 ; On                 ;
; Extract VHDL State Machines                                      ; On                 ; On                 ;
; Ignore Verilog initial constructs                                ; Off                ; Off                ;
; Iteration limit for constant Verilog loops                       ; 5000               ; 5000               ;
; Iteration limit for non-constant Verilog loops                   ; 250                ; 250                ;
; Add Pass-Through Logic to Inferred RAMs                          ; On                 ; On                 ;
; Infer RAMs from Raw Logic                                        ; On                 ; On                 ;
; Parallel Synthesis                                               ; On                 ; On                 ;
; DSP Block Balancing                                              ; Auto               ; Auto               ;
; NOT Gate Push-Back                                               ; On                 ; On                 ;
; Power-Up Don't Care                                              ; On                 ; On                 ;
; Remove Redundant Logic Cells                                     ; Off                ; Off                ;
; Remove Duplicate Registers                                       ; On                 ; On                 ;
; Ignore CARRY Buffers                                             ; Off                ; Off                ;
; Ignore CASCADE Buffers                                           ; Off                ; Off                ;
; Ignore GLOBAL Buffers                                            ; Off                ; Off                ;
; Ignore ROW GLOBAL Buffers                                        ; Off                ; Off                ;
; Ignore LCELL Buffers                                             ; Off                ; Off                ;
; Ignore SOFT Buffers                                              ; On                 ; On                 ;
; Limit AHDL Integers to 32 Bits                                   ; Off                ; Off                ;
; Optimization Technique                                           ; Balanced           ; Balanced           ;
; Carry Chain Length                                               ; 70                 ; 70                 ;
; Auto Carry Chains                                                ; On                 ; On                 ;
; Auto Open-Drain Pins                                             ; On                 ; On                 ;
; Perform WYSIWYG Primitive Resynthesis                            ; Off                ; Off                ;
; Auto ROM Replacement                                             ; On                 ; On                 ;
; Auto RAM Replacement                                             ; On                 ; On                 ;
; Auto DSP Block Replacement                                       ; On                 ; On                 ;
; Auto Shift Register Replacement                                  ; Auto               ; Auto               ;
; Allow Shift Register Merging across Hierarchies                  ; Auto               ; Auto               ;
; Auto Clock Enable Replacement                                    ; On                 ; On                 ;
; Strict RAM Replacement                                           ; Off                ; Off                ;
; Allow Synchronous Control Signals                                ; On                 ; On                 ;
; Force Use of Synchronous Clear Signals                           ; Off                ; Off                ;
; Auto RAM Block Balancing                                         ; On                 ; On                 ;
; Auto RAM to Logic Cell Conversion                                ; Off                ; Off                ;
; Auto Resource Sharing                                            ; Off                ; Off                ;
; Allow Any RAM Size For Recognition                               ; Off                ; Off                ;
; Allow Any ROM Size For Recognition                               ; Off                ; Off                ;
; Allow Any Shift Register Size For Recognition                    ; Off                ; Off                ;
; Use LogicLock Constraints during Resource Balancing              ; On                 ; On                 ;
; Ignore translate_off and synthesis_off directives                ; Off                ; Off                ;
; Timing-Driven Synthesis                                          ; On                 ; On                 ;
; Report Parameter Settings                                        ; On                 ; On                 ;
; Report Source Assignments                                        ; On                 ; On                 ;
; Report Connectivity Checks                                       ; On                 ; On                 ;
; Ignore Maximum Fan-Out Assignments                               ; Off                ; Off                ;
; Synchronization Register Chain Length                            ; 2                  ; 2                  ;
; Power Optimization During Synthesis                              ; Normal compilation ; Normal compilation ;
; HDL message level                                                ; Level2             ; Level2             ;
; Suppress Register Optimization Related Messages                  ; Off                ; Off                ;
; Number of Removed Registers Reported in Synthesis Report         ; 5000               ; 5000               ;
; Number of Swept Nodes Reported in Synthesis Report               ; 5000               ; 5000               ;
; Number of Inverted Registers Reported in Synthesis Report        ; 100                ; 100                ;
; Clock MUX Protection                                             ; On                 ; On                 ;
; Auto Gated Clock Conversion                                      ; Off                ; Off                ;
; Block Design Naming                                              ; Auto               ; Auto               ;
; SDC constraint protection                                        ; Off                ; Off                ;
; Synthesis Effort                                                 ; Auto               ; Auto               ;
; Shift Register Replacement - Allow Asynchronous Clear Signal     ; On                 ; On                 ;
; Pre-Mapping Resynthesis Optimization                             ; Off                ; Off                ;
; Analysis & Synthesis Message Level                               ; Medium             ; Medium             ;
; Disable Register Merging Across Hierarchies                      ; Auto               ; Auto               ;
; Resource Aware Inference For Block RAM                           ; On                 ; On                 ;
+------------------------------------------------------------------+--------------------+--------------------+


+------------------------------------------+
; Parallel Compilation                     ;
+----------------------------+-------------+
; Processors                 ; Number      ;
+----------------------------+-------------+
; Number detected on machine ; 16          ;
; Maximum allowed            ; 16          ;
;                            ;             ;
; Average used               ; 1.00        ;
; Maximum used               ; 16          ;
;                            ;             ;
; Usage by Processor         ; % Time Used ;
;     Processor 1            ; 100.0%      ;
;     Processors 2-16        ;   0.0%      ;
+----------------------------+-------------+


+----------------------------------------------------------------------------------------------------------------------------------------------------------------------------------+
; Analysis & Synthesis Source Files Read                                                                                                                                           ;
+----------------------------------+-----------------+------------------------------+------------------------------------------------------------------------------------+---------+
; File Name with User-Entered Path ; Used in Netlist ; File Type                    ; File Name with Absolute Path                                                       ; Library ;
+----------------------------------+-----------------+------------------------------+------------------------------------------------------------------------------------+---------+
; clk_divider.v                    ; yes             ; User Verilog HDL File        ; /home/paok/Documents/Verilog_Labs/Sumatoria/clk_divider.v                          ;         ;
; BCD.v                            ; yes             ; User Verilog HDL File        ; /home/paok/Documents/Verilog_Labs/Sumatoria/BCD.v                                  ;         ;
; sum.v                            ; yes             ; User Verilog HDL File        ; /home/paok/Documents/Verilog_Labs/Sumatoria/sum.v                                  ;         ;
; counter.v                        ; yes             ; User Verilog HDL File        ; /home/paok/Documents/Verilog_Labs/Sumatoria/counter.v                              ;         ;
; lpm_divide.tdf                   ; yes             ; Megafunction                 ; /home/paok/intelFPGA_lite/20.1/quartus/libraries/megafunctions/lpm_divide.tdf      ;         ;
; abs_divider.inc                  ; yes             ; Megafunction                 ; /home/paok/intelFPGA_lite/20.1/quartus/libraries/megafunctions/abs_divider.inc     ;         ;
; sign_div_unsign.inc              ; yes             ; Megafunction                 ; /home/paok/intelFPGA_lite/20.1/quartus/libraries/megafunctions/sign_div_unsign.inc ;         ;
; aglobal201.inc                   ; yes             ; Megafunction                 ; /home/paok/intelFPGA_lite/20.1/quartus/libraries/megafunctions/aglobal201.inc      ;         ;
; db/lpm_divide_mll.tdf            ; yes             ; Auto-Generated Megafunction  ; /home/paok/Documents/Verilog_Labs/Sumatoria/db/lpm_divide_mll.tdf                  ;         ;
; db/sign_div_unsign_llh.tdf       ; yes             ; Auto-Generated Megafunction  ; /home/paok/Documents/Verilog_Labs/Sumatoria/db/sign_div_unsign_llh.tdf             ;         ;
; db/alt_u_div_khe.tdf             ; yes             ; Auto-Generated Megafunction  ; /home/paok/Documents/Verilog_Labs/Sumatoria/db/alt_u_div_khe.tdf                   ;         ;
; db/add_sub_t3c.tdf               ; yes             ; Auto-Generated Megafunction  ; /home/paok/Documents/Verilog_Labs/Sumatoria/db/add_sub_t3c.tdf                     ;         ;
; db/add_sub_u3c.tdf               ; yes             ; Auto-Generated Megafunction  ; /home/paok/Documents/Verilog_Labs/Sumatoria/db/add_sub_u3c.tdf                     ;         ;
+----------------------------------+-----------------+------------------------------+------------------------------------------------------------------------------------+---------+


+---------------------------------------------------------+
; Analysis & Synthesis Resource Usage Summary             ;
+---------------------------------------------+-----------+
; Resource                                    ; Usage     ;
+---------------------------------------------+-----------+
; Estimated Total logic elements              ; 79        ;
;                                             ;           ;
; Total combinational functions               ; 79        ;
; Logic element usage by number of LUT inputs ;           ;
;     -- 4 input functions                    ; 15        ;
;     -- 3 input functions                    ; 18        ;
;     -- <=2 input functions                  ; 46        ;
;                                             ;           ;
; Logic elements by mode                      ;           ;
;     -- normal mode                          ; 38        ;
;     -- arithmetic mode                      ; 41        ;
;                                             ;           ;
; Total registers                             ; 49        ;
;     -- Dedicated logic registers            ; 49        ;
;     -- I/O registers                        ; 0         ;
;                                             ;           ;
; I/O pins                                    ; 32        ;
;                                             ;           ;
; Embedded Multiplier 9-bit elements          ; 0         ;
;                                             ;           ;
; Maximum fan-out node                        ; rst~input ;
; Maximum fan-out                             ; 49        ;
; Total fan-out                               ; 410       ;
; Average fan-out                             ; 2.14      ;
+---------------------------------------------+-----------+


+-------------------------------------------------------------------------------------------------------------------------------------------------------------------------------------------------------------------------------------------+
; Analysis & Synthesis Resource Utilization by Entity                                                                                                                                                                                       ;
+----------------------------+---------------------+---------------------------+-------------+------------+--------------+---------+-----------+------+--------------+------------+----------------------------+-------------+--------------+
; Compilation Hierarchy Node ; Combinational ALUTs ; Dedicated Logic Registers ; Memory Bits ; UFM Blocks ; DSP Elements ; DSP 9x9 ; DSP 18x18 ; Pins ; Virtual Pins ; ADC blocks ; Full Hierarchy Name        ; Entity Name ; Library Name ;
+----------------------------+---------------------+---------------------------+-------------+------------+--------------+---------+-----------+------+--------------+------------+----------------------------+-------------+--------------+
; |sum                       ; 79 (7)              ; 49 (4)                    ; 0           ; 0          ; 0            ; 0       ; 0         ; 32   ; 0            ; 0          ; |sum                       ; sum         ; work         ;
;    |clk_divider:New_Clock| ; 55 (55)             ; 33 (33)                   ; 0           ; 0          ; 0            ; 0       ; 0         ; 0    ; 0            ; 0          ; |sum|clk_divider:New_Clock ; clk_divider ; work         ;
;    |counter:COUNT|         ; 17 (17)             ; 12 (12)                   ; 0           ; 0          ; 0            ; 0       ; 0         ; 0    ; 0            ; 0          ; |sum|counter:COUNT         ; counter     ; work         ;
+----------------------------+---------------------+---------------------------+-------------+------------+--------------+---------+-----------+------+--------------+------------+----------------------------+-------------+--------------+
Note: For table entries with two numbers listed, the numbers in parentheses indicate the number of resources of the given type used by the specific entity alone. The numbers listed outside of parentheses indicate the total resources of the given type used by the specific entity and all of its sub-entities in the hierarchy.


Encoding Type:  One-Hot
+-------------------------------------------------------------------------------------------------------------------+
; State Machine - |sum|current_state                                                                                ;
+-------------------------+--------------------+-------------------------+---------------------+--------------------+
; Name                    ; current_state.DONE ; current_state.COMPUTING ; current_state.START ; current_state.IDLE ;
+-------------------------+--------------------+-------------------------+---------------------+--------------------+
; current_state.IDLE      ; 0                  ; 0                       ; 0                   ; 0                  ;
; current_state.START     ; 0                  ; 0                       ; 1                   ; 1                  ;
; current_state.COMPUTING ; 0                  ; 1                       ; 0                   ; 1                  ;
; current_state.DONE      ; 1                  ; 0                       ; 0                   ; 1                  ;
+-------------------------+--------------------+-------------------------+---------------------+--------------------+


+---------------------------------------------------------------------------------------------------+
; User-Specified and Inferred Latches                                                               ;
+----------------------------------------------------+---------------------+------------------------+
; Latch Name                                         ; Latch Enable Signal ; Free of Timing Hazards ;
+----------------------------------------------------+---------------------+------------------------+
; accumulator[0]                                     ; accumulator         ; yes                    ;
; accumulator[2]                                     ; accumulator         ; yes                    ;
; hardReset                                          ; accumulator         ; yes                    ;
; Number of user-specified and inferred latches = 3  ;                     ;                        ;
+----------------------------------------------------+---------------------+------------------------+
Note: All latches listed above may not be present at the end of synthesis due to various synthesis optimizations.


+------------------------------------------------------------+
; Registers Removed During Synthesis                         ;
+---------------------------------------+--------------------+
; Register name                         ; Reason for Removal ;
+---------------------------------------+--------------------+
; current_state~4                       ; Lost fanout        ;
; current_state~5                       ; Lost fanout        ;
; current_state~6                       ; Lost fanout        ;
; Total Number of Removed Registers = 3 ;                    ;
+---------------------------------------+--------------------+


+------------------------------------------------------+
; General Register Statistics                          ;
+----------------------------------------------+-------+
; Statistic                                    ; Value ;
+----------------------------------------------+-------+
; Total registers                              ; 49    ;
; Number of registers using Synchronous Clear  ; 11    ;
; Number of registers using Synchronous Load   ; 0     ;
; Number of registers using Asynchronous Clear ; 49    ;
; Number of registers using Asynchronous Load  ; 0     ;
; Number of registers using Clock Enable       ; 11    ;
; Number of registers using Preset             ; 0     ;
+----------------------------------------------+-------+


+---------------------------------------------------------------------------------------------------------------------------------------------+
; Multiplexer Restructuring Statistics (Restructuring Performed)                                                                              ;
+--------------------+-----------+---------------+----------------------+------------------------+------------+-------------------------------+
; Multiplexer Inputs ; Bus Width ; Baseline Area ; Area if Restructured ; Saving if Restructured ; Registered ; Example Multiplexer Output    ;
+--------------------+-----------+---------------+----------------------+------------------------+------------+-------------------------------+
; 3:1                ; 12 bits   ; 24 LEs        ; 12 LEs               ; 12 LEs                 ; Yes        ; |sum|counter:COUNT|counterMax ;
+--------------------+-----------+---------------+----------------------+------------------------+------------+-------------------------------+


+---------------------------------------------------------------------+
; Parameter Settings for User Entity Instance: Top-level Entity: |sum ;
+----------------+-------+--------------------------------------------+
; Parameter Name ; Value ; Type                                       ;
+----------------+-------+--------------------------------------------+
; IDLE           ; 0     ; Signed Integer                             ;
; START          ; 1     ; Signed Integer                             ;
; COMPUTING      ; 2     ; Signed Integer                             ;
; DONE           ; 3     ; Signed Integer                             ;
+----------------+-------+--------------------------------------------+
Note: In order to hide this table in the UI and the text report file, please set the "Show Parameter Settings in Synthesis Report" option in "Analysis and Synthesis Settings -> More Settings" to "Off".


+------------------------------------------------------------------+
; Parameter Settings for Inferred Entity Instance: lpm_divide:Mod0 ;
+------------------------+----------------+------------------------+
; Parameter Name         ; Value          ; Type                   ;
+------------------------+----------------+------------------------+
; LPM_WIDTHN             ; 11             ; Untyped                ;
; LPM_WIDTHD             ; 4              ; Untyped                ;
; LPM_NREPRESENTATION    ; UNSIGNED       ; Untyped                ;
; LPM_DREPRESENTATION    ; UNSIGNED       ; Untyped                ;
; LPM_PIPELINE           ; 0              ; Untyped                ;
; LPM_REMAINDERPOSITIVE  ; TRUE           ; Untyped                ;
; MAXIMIZE_SPEED         ; 5              ; Untyped                ;
; CBXI_PARAMETER         ; lpm_divide_mll ; Untyped                ;
; CARRY_CHAIN            ; MANUAL         ; Untyped                ;
; OPTIMIZE_FOR_SPEED     ; 5              ; Untyped                ;
; AUTO_CARRY_CHAINS      ; ON             ; AUTO_CARRY             ;
; IGNORE_CARRY_BUFFERS   ; OFF            ; IGNORE_CARRY           ;
; AUTO_CASCADE_CHAINS    ; ON             ; AUTO_CASCADE           ;
; IGNORE_CASCADE_BUFFERS ; OFF            ; IGNORE_CASCADE         ;
+------------------------+----------------+------------------------+
Note: In order to hide this table in the UI and the text report file, please set the "Show Parameter Settings in Synthesis Report" option in "Analysis and Synthesis Settings -> More Settings" to "Off".


+---------------------------------------------+
; Port Connectivity Checks: "BCD:DECENAS"     ;
+-----------+-------+----------+--------------+
; Port      ; Type  ; Severity ; Details      ;
+-----------+-------+----------+--------------+
; num[5..4] ; Input ; Info     ; Stuck at GND ;
+-----------+-------+----------+--------------+


+---------------------------------------------+
; Port Connectivity Checks: "BCD:UNITS"       ;
+-----------+-------+----------+--------------+
; Port      ; Type  ; Severity ; Details      ;
+-----------+-------+----------+--------------+
; num[5..4] ; Input ; Info     ; Stuck at GND ;
+-----------+-------+----------+--------------+


+---------------------------------------------------------------------------------------------------------------------------------------------------------------------------+
; Port Connectivity Checks: "counter:COUNT"                                                                                                                                 ;
+--------+--------+----------+----------------------------------------------------------------------------------------------------------------------------------------------+
; Port   ; Type   ; Severity ; Details                                                                                                                                      ;
+--------+--------+----------+----------------------------------------------------------------------------------------------------------------------------------------------+
; count  ; Output ; Info     ; Connected to dangling logic. Logic that only feeds a dangling port will be removed.                                                          ;
; target ; Input  ; Warning  ; Declared by entity but not connected by instance. If a default value exists, it will be used.  Otherwise, the port will be connected to GND. ;
+--------+--------+----------+----------------------------------------------------------------------------------------------------------------------------------------------+


+-----------------------------------------------------+
; Post-Synthesis Netlist Statistics for Top Partition ;
+-----------------------+-----------------------------+
; Type                  ; Count                       ;
+-----------------------+-----------------------------+
; boundary_port         ; 32                          ;
; cycloneiii_ff         ; 49                          ;
;     CLR               ; 38                          ;
;     ENA CLR SCLR      ; 11                          ;
; cycloneiii_lcell_comb ; 82                          ;
;     arith             ; 41                          ;
;         2 data inputs ; 41                          ;
;     normal            ; 41                          ;
;         0 data inputs ; 2                           ;
;         1 data inputs ; 3                           ;
;         2 data inputs ; 3                           ;
;         3 data inputs ; 18                          ;
;         4 data inputs ; 15                          ;
;                       ;                             ;
; Max LUT depth         ; 4.40                        ;
; Average LUT depth     ; 2.90                        ;
+-----------------------+-----------------------------+


+-------------------------------+
; Elapsed Time Per Partition    ;
+----------------+--------------+
; Partition Name ; Elapsed Time ;
+----------------+--------------+
; Top            ; 00:00:00     ;
+----------------+--------------+


+-------------------------------+
; Analysis & Synthesis Messages ;
+-------------------------------+
Info: *******************************************************************
Info: Running Quartus Prime Analysis & Synthesis
    Info: Version 20.1.1 Build 720 11/11/2020 SJ Lite Edition
    Info: Processing started: Tue Mar  8 19:49:29 2022
Info: Command: quartus_map --read_settings_files=on --write_settings_files=off sum -c sum
Warning (18236): Number of processors has not been specified which may cause overloading on shared machines.  Set the global assignment NUM_PARALLEL_PROCESSORS in your QSF to an appropriate value for best performance.
Info (20030): Parallel compilation is enabled and will use 16 of the 16 processors detected
Info (12021): Found 1 design units, including 1 entities, in source file clk_divider.v
    Info (12023): Found entity 1: clk_divider File: /home/paok/Documents/Verilog_Labs/Sumatoria/clk_divider.v Line: 1
Info (12021): Found 1 design units, including 1 entities, in source file BCD.v
    Info (12023): Found entity 1: BCD File: /home/paok/Documents/Verilog_Labs/Sumatoria/BCD.v Line: 1
Info (12021): Found 1 design units, including 1 entities, in source file sum.v
    Info (12023): Found entity 1: sum File: /home/paok/Documents/Verilog_Labs/Sumatoria/sum.v Line: 1
Info (12021): Found 1 design units, including 1 entities, in source file counter.v
    Info (12023): Found entity 1: counter File: /home/paok/Documents/Verilog_Labs/Sumatoria/counter.v Line: 1
Info (12021): Found 1 design units, including 1 entities, in source file sum_tb.v
    Info (12023): Found entity 1: sum_tb File: /home/paok/Documents/Verilog_Labs/Sumatoria/sum_tb.v Line: 1
Info (12127): Elaborating entity "sum" for the top level hierarchy
Warning (10036): Verilog HDL or VHDL warning at sum.v(12): object "target" assigned a value but never read File: /home/paok/Documents/Verilog_Labs/Sumatoria/sum.v Line: 12
Warning (10235): Verilog HDL Always Construct warning at sum.v(77): variable "start" is read inside the Always Construct but isn't in the Always Construct's Event Control File: /home/paok/Documents/Verilog_Labs/Sumatoria/sum.v Line: 77
Warning (10235): Verilog HDL Always Construct warning at sum.v(94): variable "counterMax" is read inside the Always Construct but isn't in the Always Construct's Event Control File: /home/paok/Documents/Verilog_Labs/Sumatoria/sum.v Line: 94
Warning (10235): Verilog HDL Always Construct warning at sum.v(107): variable "start" is read inside the Always Construct but isn't in the Always Construct's Event Control File: /home/paok/Documents/Verilog_Labs/Sumatoria/sum.v Line: 107
Warning (10235): Verilog HDL Always Construct warning at sum.v(115): variable "accumulator" is read inside the Always Construct but isn't in the Always Construct's Event Control File: /home/paok/Documents/Verilog_Labs/Sumatoria/sum.v Line: 115
Warning (10230): Verilog HDL assignment warning at sum.v(115): truncated value with size 32 to match size of target (6) File: /home/paok/Documents/Verilog_Labs/Sumatoria/sum.v Line: 115
Warning (10235): Verilog HDL Always Construct warning at sum.v(116): variable "accumulator" is read inside the Always Construct but isn't in the Always Construct's Event Control File: /home/paok/Documents/Verilog_Labs/Sumatoria/sum.v Line: 116
Warning (10230): Verilog HDL assignment warning at sum.v(116): truncated value with size 32 to match size of target (6) File: /home/paok/Documents/Verilog_Labs/Sumatoria/sum.v Line: 116
Warning (10235): Verilog HDL Always Construct warning at sum.v(117): variable "accumulator" is read inside the Always Construct but isn't in the Always Construct's Event Control File: /home/paok/Documents/Verilog_Labs/Sumatoria/sum.v Line: 117
Warning (10230): Verilog HDL assignment warning at sum.v(117): truncated value with size 32 to match size of target (6) File: /home/paok/Documents/Verilog_Labs/Sumatoria/sum.v Line: 117
Warning (10240): Verilog HDL Always Construct warning at sum.v(64): inferring latch(es) for variable "hardReset", which holds its previous value in one or more paths through the always construct File: /home/paok/Documents/Verilog_Labs/Sumatoria/sum.v Line: 64
Warning (10240): Verilog HDL Always Construct warning at sum.v(64): inferring latch(es) for variable "accumulator", which holds its previous value in one or more paths through the always construct File: /home/paok/Documents/Verilog_Labs/Sumatoria/sum.v Line: 64
Info (10041): Inferred latch for "accumulator[0]" at sum.v(64) File: /home/paok/Documents/Verilog_Labs/Sumatoria/sum.v Line: 64
Info (10041): Inferred latch for "accumulator[1]" at sum.v(64) File: /home/paok/Documents/Verilog_Labs/Sumatoria/sum.v Line: 64
Info (10041): Inferred latch for "accumulator[2]" at sum.v(64) File: /home/paok/Documents/Verilog_Labs/Sumatoria/sum.v Line: 64
Info (10041): Inferred latch for "accumulator[3]" at sum.v(64) File: /home/paok/Documents/Verilog_Labs/Sumatoria/sum.v Line: 64
Info (10041): Inferred latch for "accumulator[4]" at sum.v(64) File: /home/paok/Documents/Verilog_Labs/Sumatoria/sum.v Line: 64
Info (10041): Inferred latch for "accumulator[5]" at sum.v(64) File: /home/paok/Documents/Verilog_Labs/Sumatoria/sum.v Line: 64
Info (10041): Inferred latch for "accumulator[6]" at sum.v(64) File: /home/paok/Documents/Verilog_Labs/Sumatoria/sum.v Line: 64
Info (10041): Inferred latch for "accumulator[7]" at sum.v(64) File: /home/paok/Documents/Verilog_Labs/Sumatoria/sum.v Line: 64
Info (10041): Inferred latch for "accumulator[8]" at sum.v(64) File: /home/paok/Documents/Verilog_Labs/Sumatoria/sum.v Line: 64
Info (10041): Inferred latch for "accumulator[9]" at sum.v(64) File: /home/paok/Documents/Verilog_Labs/Sumatoria/sum.v Line: 64
Info (10041): Inferred latch for "accumulator[10]" at sum.v(64) File: /home/paok/Documents/Verilog_Labs/Sumatoria/sum.v Line: 64
Info (10041): Inferred latch for "hardReset" at sum.v(64) File: /home/paok/Documents/Verilog_Labs/Sumatoria/sum.v Line: 64
Info (12128): Elaborating entity "clk_divider" for hierarchy "clk_divider:New_Clock" File: /home/paok/Documents/Verilog_Labs/Sumatoria/sum.v Line: 30
Info (12128): Elaborating entity "counter" for hierarchy "counter:COUNT" File: /home/paok/Documents/Verilog_Labs/Sumatoria/sum.v Line: 39
Warning (10230): Verilog HDL assignment warning at counter.v(22): truncated value with size 32 to match size of target (11) File: /home/paok/Documents/Verilog_Labs/Sumatoria/counter.v Line: 22
Info (12128): Elaborating entity "BCD" for hierarchy "BCD:UNITS" File: /home/paok/Documents/Verilog_Labs/Sumatoria/sum.v Line: 45
Info (278001): Inferred 1 megafunctions from design logic
    Info (278004): Inferred divider/modulo megafunction ("lpm_divide") from the following logic: "Mod0" File: /home/paok/Documents/Verilog_Labs/Sumatoria/sum.v Line: 115
Info (12130): Elaborated megafunction instantiation "lpm_divide:Mod0" File: /home/paok/Documents/Verilog_Labs/Sumatoria/sum.v Line: 115
Info (12133): Instantiated megafunction "lpm_divide:Mod0" with the following parameter: File: /home/paok/Documents/Verilog_Labs/Sumatoria/sum.v Line: 115
    Info (12134): Parameter "LPM_WIDTHN" = "11"
    Info (12134): Parameter "LPM_WIDTHD" = "4"
    Info (12134): Parameter "LPM_NREPRESENTATION" = "UNSIGNED"
    Info (12134): Parameter "LPM_DREPRESENTATION" = "UNSIGNED"
Info (12021): Found 1 design units, including 1 entities, in source file db/lpm_divide_mll.tdf
    Info (12023): Found entity 1: lpm_divide_mll File: /home/paok/Documents/Verilog_Labs/Sumatoria/db/lpm_divide_mll.tdf Line: 25
Info (12021): Found 1 design units, including 1 entities, in source file db/sign_div_unsign_llh.tdf
    Info (12023): Found entity 1: sign_div_unsign_llh File: /home/paok/Documents/Verilog_Labs/Sumatoria/db/sign_div_unsign_llh.tdf Line: 25
Info (12021): Found 1 design units, including 1 entities, in source file db/alt_u_div_khe.tdf
    Info (12023): Found entity 1: alt_u_div_khe File: /home/paok/Documents/Verilog_Labs/Sumatoria/db/alt_u_div_khe.tdf Line: 27
Info (12021): Found 1 design units, including 1 entities, in source file db/add_sub_t3c.tdf
    Info (12023): Found entity 1: add_sub_t3c File: /home/paok/Documents/Verilog_Labs/Sumatoria/db/add_sub_t3c.tdf Line: 23
Info (12021): Found 1 design units, including 1 entities, in source file db/add_sub_u3c.tdf
    Info (12023): Found entity 1: add_sub_u3c File: /home/paok/Documents/Verilog_Labs/Sumatoria/db/add_sub_u3c.tdf Line: 23
Warning (12241): 1 hierarchies have connectivity warnings - see the Connectivity Checks report folder
Info (13025): Duplicate LATCH primitives merged into single LATCH primitive
    Info (13026): Duplicate LATCH primitive "accumulator[2]" merged with LATCH primitive "accumulator[0]" File: /home/paok/Documents/Verilog_Labs/Sumatoria/sum.v Line: 64
Warning (13024): Output pins are stuck at VCC or GND
    Warning (13410): Pin "display_units[0]" is stuck at GND File: /home/paok/Documents/Verilog_Labs/Sumatoria/sum.v Line: 5
    Warning (13410): Pin "display_units[2]" is stuck at GND File: /home/paok/Documents/Verilog_Labs/Sumatoria/sum.v Line: 5
    Warning (13410): Pin "display_units[3]" is stuck at GND File: /home/paok/Documents/Verilog_Labs/Sumatoria/sum.v Line: 5
    Warning (13410): Pin "display_units[5]" is stuck at GND File: /home/paok/Documents/Verilog_Labs/Sumatoria/sum.v Line: 5
    Warning (13410): Pin "display_decenas[0]" is stuck at GND File: /home/paok/Documents/Verilog_Labs/Sumatoria/sum.v Line: 5
    Warning (13410): Pin "display_decenas[1]" is stuck at GND File: /home/paok/Documents/Verilog_Labs/Sumatoria/sum.v Line: 5
    Warning (13410): Pin "display_decenas[2]" is stuck at GND File: /home/paok/Documents/Verilog_Labs/Sumatoria/sum.v Line: 5
    Warning (13410): Pin "display_decenas[3]" is stuck at GND File: /home/paok/Documents/Verilog_Labs/Sumatoria/sum.v Line: 5
    Warning (13410): Pin "display_decenas[4]" is stuck at GND File: /home/paok/Documents/Verilog_Labs/Sumatoria/sum.v Line: 5
    Warning (13410): Pin "display_decenas[5]" is stuck at GND File: /home/paok/Documents/Verilog_Labs/Sumatoria/sum.v Line: 5
    Warning (13410): Pin "display_decenas[6]" is stuck at VCC File: /home/paok/Documents/Verilog_Labs/Sumatoria/sum.v Line: 5
    Warning (13410): Pin "display_centenas[0]" is stuck at GND File: /home/paok/Documents/Verilog_Labs/Sumatoria/sum.v Line: 7
    Warning (13410): Pin "display_centenas[1]" is stuck at GND File: /home/paok/Documents/Verilog_Labs/Sumatoria/sum.v Line: 7
    Warning (13410): Pin "display_centenas[2]" is stuck at GND File: /home/paok/Documents/Verilog_Labs/Sumatoria/sum.v Line: 7
    Warning (13410): Pin "display_centenas[3]" is stuck at GND File: /home/paok/Documents/Verilog_Labs/Sumatoria/sum.v Line: 7
    Warning (13410): Pin "display_centenas[4]" is stuck at GND File: /home/paok/Documents/Verilog_Labs/Sumatoria/sum.v Line: 7
    Warning (13410): Pin "display_centenas[5]" is stuck at GND File: /home/paok/Documents/Verilog_Labs/Sumatoria/sum.v Line: 7
    Warning (13410): Pin "display_centenas[6]" is stuck at VCC File: /home/paok/Documents/Verilog_Labs/Sumatoria/sum.v Line: 7
Info (286030): Timing-Driven Synthesis is running
Info (17049): 3 registers lost all their fanouts during netlist optimizations.
Info (144001): Generated suppressed messages file /home/paok/Documents/Verilog_Labs/Sumatoria/output_files/sum.map.smsg
Info (16010): Generating hard_block partition "hard_block:auto_generated_inst"
    Info (16011): Adding 0 node(s), including 0 DDIO, 0 PLL, 0 transceiver and 0 LCELL
Warning (21074): Design contains 6 input pin(s) that do not drive logic
    Warning (15610): No output dependent on input pin "data[0]" File: /home/paok/Documents/Verilog_Labs/Sumatoria/sum.v Line: 3
    Warning (15610): No output dependent on input pin "data[1]" File: /home/paok/Documents/Verilog_Labs/Sumatoria/sum.v Line: 3
    Warning (15610): No output dependent on input pin "data[2]" File: /home/paok/Documents/Verilog_Labs/Sumatoria/sum.v Line: 3
    Warning (15610): No output dependent on input pin "data[3]" File: /home/paok/Documents/Verilog_Labs/Sumatoria/sum.v Line: 3
    Warning (15610): No output dependent on input pin "data[4]" File: /home/paok/Documents/Verilog_Labs/Sumatoria/sum.v Line: 3
    Warning (15610): No output dependent on input pin "data[5]" File: /home/paok/Documents/Verilog_Labs/Sumatoria/sum.v Line: 3
Info (21057): Implemented 111 device resources after synthesis - the final resource count might be different
    Info (21058): Implemented 9 input pins
    Info (21059): Implemented 23 output pins
    Info (21061): Implemented 79 logic cells
Info: Quartus Prime Analysis & Synthesis was successful. 0 errors, 41 warnings
    Info: Peak virtual memory: 695 megabytes
    Info: Processing ended: Tue Mar  8 19:49:35 2022
    Info: Elapsed time: 00:00:06
    Info: Total CPU time (on all processors): 00:00:17


+------------------------------------------+
; Analysis & Synthesis Suppressed Messages ;
+------------------------------------------+
The suppressed messages can be found in /home/paok/Documents/Verilog_Labs/Sumatoria/output_files/sum.map.smsg.


