Analysis & Synthesis report for Password
Wed Mar  2 20:08:06 2022
Quartus Prime Version 20.1.1 Build 720 11/11/2020 SJ Lite Edition


---------------------
; Table of Contents ;
---------------------
  1. Legal Notice
  2. Analysis & Synthesis Summary
  3. Analysis & Synthesis Settings
  4. Parallel Compilation
  5. Analysis & Synthesis Source Files Read
  6. Analysis & Synthesis Resource Usage Summary
  7. Analysis & Synthesis Resource Utilization by Entity
  8. State Machine - |Password|current_state
  9. User-Specified and Inferred Latches
 10. Registers Removed During Synthesis
 11. General Register Statistics
 12. Parameter Settings for User Entity Instance: Top-level Entity: |Password
 13. Port Connectivity Checks: "BCD:DISPLAY_SET_IN"
 14. Port Connectivity Checks: "BCD:DISPLAY_SET_4"
 15. Port Connectivity Checks: "BCD:DISPLAY_SET_3"
 16. Port Connectivity Checks: "BCD:DISPLAY_SET_2"
 17. Port Connectivity Checks: "BCD:DISPLAY_SET_1"
 18. Post-Synthesis Netlist Statistics for Top Partition
 19. Elapsed Time Per Partition
 20. Analysis & Synthesis Messages
 21. Analysis & Synthesis Suppressed Messages



----------------
; Legal Notice ;
----------------
Copyright (C) 2020  Intel Corporation. All rights reserved.
Your use of Intel Corporation's design tools, logic functions 
and other software and tools, and any partner logic 
functions, and any output files from any of the foregoing 
(including device programming or simulation files), and any 
associated documentation or information are expressly subject 
to the terms and conditions of the Intel Program License 
Subscription Agreement, the Intel Quartus Prime License Agreement,
the Intel FPGA IP License Agreement, or other applicable license
agreement, including, without limitation, that your use is for
the sole purpose of programming logic devices manufactured by
Intel and sold by Intel or its authorized distributors.  Please
refer to the applicable agreement for further details, at
https://fpgasoftware.intel.com/eula.



+----------------------------------------------------------------------------------+
; Analysis & Synthesis Summary                                                     ;
+------------------------------------+---------------------------------------------+
; Analysis & Synthesis Status        ; Successful - Wed Mar  2 20:08:06 2022       ;
; Quartus Prime Version              ; 20.1.1 Build 720 11/11/2020 SJ Lite Edition ;
; Revision Name                      ; Password                                    ;
; Top-level Entity Name              ; Password                                    ;
; Family                             ; MAX 10                                      ;
; Total logic elements               ; 98                                          ;
;     Total combinational functions  ; 98                                          ;
;     Dedicated logic registers      ; 38                                          ;
; Total registers                    ; 38                                          ;
; Total pins                         ; 51                                          ;
; Total virtual pins                 ; 0                                           ;
; Total memory bits                  ; 0                                           ;
; Embedded Multiplier 9-bit elements ; 0                                           ;
; Total PLLs                         ; 0                                           ;
; UFM blocks                         ; 0                                           ;
; ADC blocks                         ; 0                                           ;
+------------------------------------+---------------------------------------------+


+------------------------------------------------------------------------------------------------------------+
; Analysis & Synthesis Settings                                                                              ;
+------------------------------------------------------------------+--------------------+--------------------+
; Option                                                           ; Setting            ; Default Value      ;
+------------------------------------------------------------------+--------------------+--------------------+
; Device                                                           ; 10M50DAF484C7G     ;                    ;
; Top-level entity name                                            ; Password           ; Password           ;
; Family name                                                      ; MAX 10             ; Cyclone V          ;
; Use smart compilation                                            ; Off                ; Off                ;
; Enable parallel Assembler and Timing Analyzer during compilation ; On                 ; On                 ;
; Enable compact report table                                      ; Off                ; Off                ;
; Restructure Multiplexers                                         ; Auto               ; Auto               ;
; Create Debugging Nodes for IP Cores                              ; Off                ; Off                ;
; Preserve fewer node names                                        ; On                 ; On                 ;
; Intel FPGA IP Evaluation Mode                                    ; Enable             ; Enable             ;
; Verilog Version                                                  ; Verilog_2001       ; Verilog_2001       ;
; VHDL Version                                                     ; VHDL_1993          ; VHDL_1993          ;
; State Machine Processing                                         ; Auto               ; Auto               ;
; Safe State Machine                                               ; Off                ; Off                ;
; Extract Verilog State Machines                                   ; On                 ; On                 ;
; Extract VHDL State Machines                                      ; On                 ; On                 ;
; Ignore Verilog initial constructs                                ; Off                ; Off                ;
; Iteration limit for constant Verilog loops                       ; 5000               ; 5000               ;
; Iteration limit for non-constant Verilog loops                   ; 250                ; 250                ;
; Add Pass-Through Logic to Inferred RAMs                          ; On                 ; On                 ;
; Infer RAMs from Raw Logic                                        ; On                 ; On                 ;
; Parallel Synthesis                                               ; On                 ; On                 ;
; DSP Block Balancing                                              ; Auto               ; Auto               ;
; NOT Gate Push-Back                                               ; On                 ; On                 ;
; Power-Up Don't Care                                              ; On                 ; On                 ;
; Remove Redundant Logic Cells                                     ; Off                ; Off                ;
; Remove Duplicate Registers                                       ; On                 ; On                 ;
; Ignore CARRY Buffers                                             ; Off                ; Off                ;
; Ignore CASCADE Buffers                                           ; Off                ; Off                ;
; Ignore GLOBAL Buffers                                            ; Off                ; Off                ;
; Ignore ROW GLOBAL Buffers                                        ; Off                ; Off                ;
; Ignore LCELL Buffers                                             ; Off                ; Off                ;
; Ignore SOFT Buffers                                              ; On                 ; On                 ;
; Limit AHDL Integers to 32 Bits                                   ; Off                ; Off                ;
; Optimization Technique                                           ; Balanced           ; Balanced           ;
; Carry Chain Length                                               ; 70                 ; 70                 ;
; Auto Carry Chains                                                ; On                 ; On                 ;
; Auto Open-Drain Pins                                             ; On                 ; On                 ;
; Perform WYSIWYG Primitive Resynthesis                            ; Off                ; Off                ;
; Auto ROM Replacement                                             ; On                 ; On                 ;
; Auto RAM Replacement                                             ; On                 ; On                 ;
; Auto DSP Block Replacement                                       ; On                 ; On                 ;
; Auto Shift Register Replacement                                  ; Auto               ; Auto               ;
; Allow Shift Register Merging across Hierarchies                  ; Auto               ; Auto               ;
; Auto Clock Enable Replacement                                    ; On                 ; On                 ;
; Strict RAM Replacement                                           ; Off                ; Off                ;
; Allow Synchronous Control Signals                                ; On                 ; On                 ;
; Force Use of Synchronous Clear Signals                           ; Off                ; Off                ;
; Auto RAM Block Balancing                                         ; On                 ; On                 ;
; Auto RAM to Logic Cell Conversion                                ; Off                ; Off                ;
; Auto Resource Sharing                                            ; Off                ; Off                ;
; Allow Any RAM Size For Recognition                               ; Off                ; Off                ;
; Allow Any ROM Size For Recognition                               ; Off                ; Off                ;
; Allow Any Shift Register Size For Recognition                    ; Off                ; Off                ;
; Use LogicLock Constraints during Resource Balancing              ; On                 ; On                 ;
; Ignore translate_off and synthesis_off directives                ; Off                ; Off                ;
; Timing-Driven Synthesis                                          ; On                 ; On                 ;
; Report Parameter Settings                                        ; On                 ; On                 ;
; Report Source Assignments                                        ; On                 ; On                 ;
; Report Connectivity Checks                                       ; On                 ; On                 ;
; Ignore Maximum Fan-Out Assignments                               ; Off                ; Off                ;
; Synchronization Register Chain Length                            ; 2                  ; 2                  ;
; Power Optimization During Synthesis                              ; Normal compilation ; Normal compilation ;
; HDL message level                                                ; Level2             ; Level2             ;
; Suppress Register Optimization Related Messages                  ; Off                ; Off                ;
; Number of Removed Registers Reported in Synthesis Report         ; 5000               ; 5000               ;
; Number of Swept Nodes Reported in Synthesis Report               ; 5000               ; 5000               ;
; Number of Inverted Registers Reported in Synthesis Report        ; 100                ; 100                ;
; Clock MUX Protection                                             ; On                 ; On                 ;
; Auto Gated Clock Conversion                                      ; Off                ; Off                ;
; Block Design Naming                                              ; Auto               ; Auto               ;
; SDC constraint protection                                        ; Off                ; Off                ;
; Synthesis Effort                                                 ; Auto               ; Auto               ;
; Shift Register Replacement - Allow Asynchronous Clear Signal     ; On                 ; On                 ;
; Pre-Mapping Resynthesis Optimization                             ; Off                ; Off                ;
; Analysis & Synthesis Message Level                               ; Medium             ; Medium             ;
; Disable Register Merging Across Hierarchies                      ; Auto               ; Auto               ;
; Resource Aware Inference For Block RAM                           ; On                 ; On                 ;
+------------------------------------------------------------------+--------------------+--------------------+


+------------------------------------------+
; Parallel Compilation                     ;
+----------------------------+-------------+
; Processors                 ; Number      ;
+----------------------------+-------------+
; Number detected on machine ; 16          ;
; Maximum allowed            ; 16          ;
;                            ;             ;
; Average used               ; 1.00        ;
; Maximum used               ; 16          ;
;                            ;             ;
; Usage by Processor         ; % Time Used ;
;     Processor 1            ; 100.0%      ;
;     Processor 2            ;   0.0%      ;
;     Processors 3-16        ;   0.0%      ;
+----------------------------+-------------+


+-----------------------------------------------------------------------------------------------------------------------------------------------+
; Analysis & Synthesis Source Files Read                                                                                                        ;
+----------------------------------+-----------------+------------------------+-------------------------------------------------------+---------+
; File Name with User-Entered Path ; Used in Netlist ; File Type              ; File Name with Absolute Path                          ; Library ;
+----------------------------------+-----------------+------------------------+-------------------------------------------------------+---------+
; Password.v                       ; yes             ; User Verilog HDL File  ; /home/paok/Documents/Verilog_Labs/Password/Password.v ;         ;
; BCD.v                            ; yes             ; User Verilog HDL File  ; /home/paok/Documents/Verilog_Labs/Password/BCD.v      ;         ;
; clk_div.v                        ; yes             ; User Verilog HDL File  ; /home/paok/Documents/Verilog_Labs/Password/clk_div.v  ;         ;
+----------------------------------+-----------------+------------------------+-------------------------------------------------------+---------+


+---------------------------------------------------------+
; Analysis & Synthesis Resource Usage Summary             ;
+---------------------------------------------+-----------+
; Resource                                    ; Usage     ;
+---------------------------------------------+-----------+
; Estimated Total logic elements              ; 98        ;
;                                             ;           ;
; Total combinational functions               ; 98        ;
; Logic element usage by number of LUT inputs ;           ;
;     -- 4 input functions                    ; 34        ;
;     -- 3 input functions                    ; 24        ;
;     -- <=2 input functions                  ; 40        ;
;                                             ;           ;
; Logic elements by mode                      ;           ;
;     -- normal mode                          ; 67        ;
;     -- arithmetic mode                      ; 31        ;
;                                             ;           ;
; Total registers                             ; 38        ;
;     -- Dedicated logic registers            ; 38        ;
;     -- I/O registers                        ; 0         ;
;                                             ;           ;
; I/O pins                                    ; 51        ;
;                                             ;           ;
; Embedded Multiplier 9-bit elements          ; 0         ;
;                                             ;           ;
; Maximum fan-out node                        ; rst~input ;
; Maximum fan-out                             ; 38        ;
; Total fan-out                               ; 486       ;
; Average fan-out                             ; 2.04      ;
+---------------------------------------------+-----------+


+----------------------------------------------------------------------------------------------------------------------------------------------------------------------------------------------------------------------------------------------+
; Analysis & Synthesis Resource Utilization by Entity                                                                                                                                                                                          ;
+----------------------------+---------------------+---------------------------+-------------+------------+--------------+---------+-----------+------+--------------+------------+-------------------------------+-------------+--------------+
; Compilation Hierarchy Node ; Combinational ALUTs ; Dedicated Logic Registers ; Memory Bits ; UFM Blocks ; DSP Elements ; DSP 9x9 ; DSP 18x18 ; Pins ; Virtual Pins ; ADC blocks ; Full Hierarchy Name           ; Entity Name ; Library Name ;
+----------------------------+---------------------+---------------------------+-------------+------------+--------------+---------+-----------+------+--------------+------------+-------------------------------+-------------+--------------+
; |Password                  ; 98 (27)             ; 38 (5)                    ; 0           ; 0          ; 0            ; 0       ; 0         ; 51   ; 0            ; 0          ; |Password                     ; Password    ; work         ;
;    |BCD:DISPLAY_SET_1|     ; 2 (2)               ; 0 (0)                     ; 0           ; 0          ; 0            ; 0       ; 0         ; 0    ; 0            ; 0          ; |Password|BCD:DISPLAY_SET_1   ; BCD         ; work         ;
;    |BCD:DISPLAY_SET_2|     ; 3 (3)               ; 0 (0)                     ; 0           ; 0          ; 0            ; 0       ; 0         ; 0    ; 0            ; 0          ; |Password|BCD:DISPLAY_SET_2   ; BCD         ; work         ;
;    |BCD:DISPLAY_SET_3|     ; 2 (2)               ; 0 (0)                     ; 0           ; 0          ; 0            ; 0       ; 0         ; 0    ; 0            ; 0          ; |Password|BCD:DISPLAY_SET_3   ; BCD         ; work         ;
;    |BCD:DISPLAY_SET_4|     ; 7 (7)               ; 0 (0)                     ; 0           ; 0          ; 0            ; 0       ; 0         ; 0    ; 0            ; 0          ; |Password|BCD:DISPLAY_SET_4   ; BCD         ; work         ;
;    |BCD:DISPLAY_SET_IN|    ; 6 (6)               ; 0 (0)                     ; 0           ; 0          ; 0            ; 0       ; 0         ; 0    ; 0            ; 0          ; |Password|BCD:DISPLAY_SET_IN  ; BCD         ; work         ;
;    |clk_divider:DIVIDER|   ; 51 (51)             ; 33 (33)                   ; 0           ; 0          ; 0            ; 0       ; 0         ; 0    ; 0            ; 0          ; |Password|clk_divider:DIVIDER ; clk_divider ; work         ;
+----------------------------+---------------------+---------------------------+-------------+------------+--------------+---------+-----------+------+--------------+------------+-------------------------------+-------------+--------------+
Note: For table entries with two numbers listed, the numbers in parentheses indicate the number of resources of the given type used by the specific entity alone. The numbers listed outside of parentheses indicate the total resources of the given type used by the specific entity and all of its sub-entities in the hierarchy.


Encoding Type:  One-Hot
+---------------------------------------------------------------------------------------------------------------------+
; State Machine - |Password|current_state                                                                             ;
+--------------------+------------------+------------------+------------------+--------------------+------------------+
; Name               ; current_state.k3 ; current_state.k2 ; current_state.k1 ; current_state.idle ; current_state.k4 ;
+--------------------+------------------+------------------+------------------+--------------------+------------------+
; current_state.idle ; 0                ; 0                ; 0                ; 0                  ; 0                ;
; current_state.k1   ; 0                ; 0                ; 1                ; 1                  ; 0                ;
; current_state.k2   ; 0                ; 1                ; 0                ; 1                  ; 0                ;
; current_state.k3   ; 1                ; 0                ; 0                ; 1                  ; 0                ;
; current_state.k4   ; 0                ; 0                ; 0                ; 1                  ; 1                ;
+--------------------+------------------+------------------+------------------+--------------------+------------------+


+---------------------------------------------------------------------------------------------------+
; User-Specified and Inferred Latches                                                               ;
+----------------------------------------------------+---------------------+------------------------+
; Latch Name                                         ; Latch Enable Signal ; Free of Timing Hazards ;
+----------------------------------------------------+---------------------+------------------------+
; counter[2]                                         ; current_state.k4    ; yes                    ;
; counter[1]                                         ; current_state.k4    ; yes                    ;
; counter[0]                                         ; current_state.k4    ; yes                    ;
; counter[3]                                         ; current_state.k4    ; yes                    ;
; Number of user-specified and inferred latches = 4  ;                     ;                        ;
+----------------------------------------------------+---------------------+------------------------+
Note: All latches listed above may not be present at the end of synthesis due to various synthesis optimizations.


+------------------------------------------------------------+
; Registers Removed During Synthesis                         ;
+---------------------------------------+--------------------+
; Register name                         ; Reason for Removal ;
+---------------------------------------+--------------------+
; current_state~4                       ; Lost fanout        ;
; current_state~5                       ; Lost fanout        ;
; Total Number of Removed Registers = 2 ;                    ;
+---------------------------------------+--------------------+


+------------------------------------------------------+
; General Register Statistics                          ;
+----------------------------------------------+-------+
; Statistic                                    ; Value ;
+----------------------------------------------+-------+
; Total registers                              ; 38    ;
; Number of registers using Synchronous Clear  ; 0     ;
; Number of registers using Synchronous Load   ; 0     ;
; Number of registers using Asynchronous Clear ; 38    ;
; Number of registers using Asynchronous Load  ; 0     ;
; Number of registers using Clock Enable       ; 0     ;
; Number of registers using Preset             ; 0     ;
+----------------------------------------------+-------+


+--------------------------------------------------------------------------+
; Parameter Settings for User Entity Instance: Top-level Entity: |Password ;
+----------------+-------+-------------------------------------------------+
; Parameter Name ; Value ; Type                                            ;
+----------------+-------+-------------------------------------------------+
; idle           ; 0     ; Signed Integer                                  ;
; k1             ; 1     ; Signed Integer                                  ;
; k2             ; 2     ; Signed Integer                                  ;
; k3             ; 3     ; Signed Integer                                  ;
; k4             ; 4     ; Signed Integer                                  ;
; pwd1           ; 0001  ; Unsigned Binary                                 ;
; pwd2           ; 0010  ; Unsigned Binary                                 ;
; pwd3           ; 0011  ; Unsigned Binary                                 ;
; pwd4           ; 0100  ; Unsigned Binary                                 ;
; P              ; 10    ; Signed Integer                                  ;
; A              ; 11    ; Signed Integer                                  ;
; S              ; 5     ; Signed Integer                                  ;
+----------------+-------+-------------------------------------------------+
Note: In order to hide this table in the UI and the text report file, please set the "Show Parameter Settings in Synthesis Report" option in "Analysis and Synthesis Settings -> More Settings" to "Off".


+-----------------------------------------------------------------------------------------------------------------------------------------------------------------------+
; Port Connectivity Checks: "BCD:DISPLAY_SET_IN"                                                                                                                        ;
+------+-------+----------+---------------------------------------------------------------------------------------------------------------------------------------------+
; Port ; Type  ; Severity ; Details                                                                                                                                     ;
+------+-------+----------+---------------------------------------------------------------------------------------------------------------------------------------------+
; num  ; Input ; Warning  ; Input port expression (4 bits) is smaller than the input port (7 bits) it drives.  Extra input bit(s) "num[6..4]" will be connected to GND. ;
+------+-------+----------+---------------------------------------------------------------------------------------------------------------------------------------------+


+-----------------------------------------------+
; Port Connectivity Checks: "BCD:DISPLAY_SET_4" ;
+-----------+-------+----------+----------------+
; Port      ; Type  ; Severity ; Details        ;
+-----------+-------+----------+----------------+
; num[6..4] ; Input ; Info     ; Stuck at GND   ;
+-----------+-------+----------+----------------+


+-----------------------------------------------+
; Port Connectivity Checks: "BCD:DISPLAY_SET_3" ;
+-----------+-------+----------+----------------+
; Port      ; Type  ; Severity ; Details        ;
+-----------+-------+----------+----------------+
; num[6..3] ; Input ; Info     ; Stuck at GND   ;
+-----------+-------+----------+----------------+


+-----------------------------------------------+
; Port Connectivity Checks: "BCD:DISPLAY_SET_2" ;
+-----------+-------+----------+----------------+
; Port      ; Type  ; Severity ; Details        ;
+-----------+-------+----------+----------------+
; num[6..4] ; Input ; Info     ; Stuck at GND   ;
; num[2]    ; Input ; Info     ; Stuck at GND   ;
+-----------+-------+----------+----------------+


+-----------------------------------------------+
; Port Connectivity Checks: "BCD:DISPLAY_SET_1" ;
+-----------+-------+----------+----------------+
; Port      ; Type  ; Severity ; Details        ;
+-----------+-------+----------+----------------+
; num[6..4] ; Input ; Info     ; Stuck at GND   ;
; num[2]    ; Input ; Info     ; Stuck at GND   ;
+-----------+-------+----------+----------------+


+-----------------------------------------------------+
; Post-Synthesis Netlist Statistics for Top Partition ;
+-----------------------+-----------------------------+
; Type                  ; Count                       ;
+-----------------------+-----------------------------+
; boundary_port         ; 51                          ;
; cycloneiii_ff         ; 38                          ;
;     CLR               ; 38                          ;
; cycloneiii_lcell_comb ; 105                         ;
;     arith             ; 31                          ;
;         2 data inputs ; 31                          ;
;     normal            ; 74                          ;
;         0 data inputs ; 1                           ;
;         1 data inputs ; 7                           ;
;         2 data inputs ; 8                           ;
;         3 data inputs ; 24                          ;
;         4 data inputs ; 34                          ;
;                       ;                             ;
; Max LUT depth         ; 4.30                        ;
; Average LUT depth     ; 2.93                        ;
+-----------------------+-----------------------------+


+-------------------------------+
; Elapsed Time Per Partition    ;
+----------------+--------------+
; Partition Name ; Elapsed Time ;
+----------------+--------------+
; Top            ; 00:00:00     ;
+----------------+--------------+


+-------------------------------+
; Analysis & Synthesis Messages ;
+-------------------------------+
Info: *******************************************************************
Info: Running Quartus Prime Analysis & Synthesis
    Info: Version 20.1.1 Build 720 11/11/2020 SJ Lite Edition
    Info: Processing started: Wed Mar  2 20:08:00 2022
Info: Command: quartus_map --read_settings_files=on --write_settings_files=off Password -c Password
Warning (18236): Number of processors has not been specified which may cause overloading on shared machines.  Set the global assignment NUM_PARALLEL_PROCESSORS in your QSF to an appropriate value for best performance.
Info (20030): Parallel compilation is enabled and will use 16 of the 16 processors detected
Info (12021): Found 1 design units, including 1 entities, in source file Password.v
    Info (12023): Found entity 1: Password File: /home/paok/Documents/Verilog_Labs/Password/Password.v Line: 1
Info (12021): Found 1 design units, including 1 entities, in source file BCD.v
    Info (12023): Found entity 1: BCD File: /home/paok/Documents/Verilog_Labs/Password/BCD.v Line: 1
Info (12021): Found 1 design units, including 1 entities, in source file one_shot.v
    Info (12023): Found entity 1: one_shot File: /home/paok/Documents/Verilog_Labs/Password/one_shot.v Line: 1
Info (12021): Found 1 design units, including 1 entities, in source file clk_div.v
    Info (12023): Found entity 1: clk_divider File: /home/paok/Documents/Verilog_Labs/Password/clk_div.v Line: 2
Info (12127): Elaborating entity "Password" for the top level hierarchy
Warning (10235): Verilog HDL Always Construct warning at Password.v(66): variable "enteredPassword" is read inside the Always Construct but isn't in the Always Construct's Event Control File: /home/paok/Documents/Verilog_Labs/Password/Password.v Line: 66
Warning (10235): Verilog HDL Always Construct warning at Password.v(81): variable "enteredPassword" is read inside the Always Construct but isn't in the Always Construct's Event Control File: /home/paok/Documents/Verilog_Labs/Password/Password.v Line: 81
Warning (10235): Verilog HDL Always Construct warning at Password.v(97): variable "enteredPassword" is read inside the Always Construct but isn't in the Always Construct's Event Control File: /home/paok/Documents/Verilog_Labs/Password/Password.v Line: 97
Warning (10235): Verilog HDL Always Construct warning at Password.v(111): variable "enteredPassword" is read inside the Always Construct but isn't in the Always Construct's Event Control File: /home/paok/Documents/Verilog_Labs/Password/Password.v Line: 111
Warning (10235): Verilog HDL Always Construct warning at Password.v(115): variable "enteredPassword" is read inside the Always Construct but isn't in the Always Construct's Event Control File: /home/paok/Documents/Verilog_Labs/Password/Password.v Line: 115
Warning (10235): Verilog HDL Always Construct warning at Password.v(126): variable "counter" is read inside the Always Construct but isn't in the Always Construct's Event Control File: /home/paok/Documents/Verilog_Labs/Password/Password.v Line: 126
Warning (10230): Verilog HDL assignment warning at Password.v(126): truncated value with size 32 to match size of target (4) File: /home/paok/Documents/Verilog_Labs/Password/Password.v Line: 126
Warning (10230): Verilog HDL assignment warning at Password.v(129): truncated value with size 32 to match size of target (7) File: /home/paok/Documents/Verilog_Labs/Password/Password.v Line: 129
Warning (10230): Verilog HDL assignment warning at Password.v(130): truncated value with size 32 to match size of target (7) File: /home/paok/Documents/Verilog_Labs/Password/Password.v Line: 130
Warning (10230): Verilog HDL assignment warning at Password.v(131): truncated value with size 32 to match size of target (7) File: /home/paok/Documents/Verilog_Labs/Password/Password.v Line: 131
Warning (10230): Verilog HDL assignment warning at Password.v(132): truncated value with size 32 to match size of target (7) File: /home/paok/Documents/Verilog_Labs/Password/Password.v Line: 132
Warning (10240): Verilog HDL Always Construct warning at Password.v(48): inferring latch(es) for variable "counter", which holds its previous value in one or more paths through the always construct File: /home/paok/Documents/Verilog_Labs/Password/Password.v Line: 48
Info (10041): Inferred latch for "counter[0]" at Password.v(48) File: /home/paok/Documents/Verilog_Labs/Password/Password.v Line: 48
Info (10041): Inferred latch for "counter[1]" at Password.v(48) File: /home/paok/Documents/Verilog_Labs/Password/Password.v Line: 48
Info (10041): Inferred latch for "counter[2]" at Password.v(48) File: /home/paok/Documents/Verilog_Labs/Password/Password.v Line: 48
Info (10041): Inferred latch for "counter[3]" at Password.v(48) File: /home/paok/Documents/Verilog_Labs/Password/Password.v Line: 48
Info (12128): Elaborating entity "clk_divider" for hierarchy "clk_divider:DIVIDER" File: /home/paok/Documents/Verilog_Labs/Password/Password.v Line: 38
Info (12128): Elaborating entity "BCD" for hierarchy "BCD:DISPLAY_SET_1" File: /home/paok/Documents/Verilog_Labs/Password/Password.v Line: 147
Warning (12241): 1 hierarchies have connectivity warnings - see the Connectivity Checks report folder
Warning (13024): Output pins are stuck at VCC or GND
    Warning (13410): Pin "display1[1]" is stuck at GND File: /home/paok/Documents/Verilog_Labs/Password/Password.v Line: 6
    Warning (13410): Pin "display2[0]" is stuck at GND File: /home/paok/Documents/Verilog_Labs/Password/Password.v Line: 6
    Warning (13410): Pin "display2[1]" is stuck at GND File: /home/paok/Documents/Verilog_Labs/Password/Password.v Line: 6
    Warning (13410): Pin "display2[4]" is stuck at GND File: /home/paok/Documents/Verilog_Labs/Password/Password.v Line: 6
    Warning (13410): Pin "display3[0]" is stuck at GND File: /home/paok/Documents/Verilog_Labs/Password/Password.v Line: 6
    Warning (13410): Pin "display3[2]" is stuck at GND File: /home/paok/Documents/Verilog_Labs/Password/Password.v Line: 6
    Warning (13410): Pin "display3[3]" is stuck at GND File: /home/paok/Documents/Verilog_Labs/Password/Password.v Line: 6
Info (286030): Timing-Driven Synthesis is running
Info (17049): 2 registers lost all their fanouts during netlist optimizations.
Info (144001): Generated suppressed messages file /home/paok/Documents/Verilog_Labs/Password/output_files/Password.map.smsg
Info (16010): Generating hard_block partition "hard_block:auto_generated_inst"
    Info (16011): Adding 0 node(s), including 0 DDIO, 0 PLL, 0 transceiver and 0 LCELL
Info (21057): Implemented 149 device resources after synthesis - the final resource count might be different
    Info (21058): Implemented 10 input pins
    Info (21059): Implemented 41 output pins
    Info (21061): Implemented 98 logic cells
Info: Quartus Prime Analysis & Synthesis was successful. 0 errors, 22 warnings
    Info: Peak virtual memory: 694 megabytes
    Info: Processing ended: Wed Mar  2 20:08:06 2022
    Info: Elapsed time: 00:00:06
    Info: Total CPU time (on all processors): 00:00:17


+------------------------------------------+
; Analysis & Synthesis Suppressed Messages ;
+------------------------------------------+
The suppressed messages can be found in /home/paok/Documents/Verilog_Labs/Password/output_files/Password.map.smsg.


