Analysis & Synthesis report for ALU_CPU
Thu Mar 17 21:24:44 2022
Quartus Prime Version 20.1.1 Build 720 11/11/2020 SJ Lite Edition


---------------------
; Table of Contents ;
---------------------
  1. Legal Notice
  2. Analysis & Synthesis Summary
  3. Analysis & Synthesis Settings
  4. Parallel Compilation
  5. Analysis & Synthesis Source Files Read
  6. Analysis & Synthesis Resource Usage Summary
  7. Analysis & Synthesis Resource Utilization by Entity
  8. State Machine - |ALU_CPU|state
  9. Registers Removed During Synthesis
 10. General Register Statistics
 11. Parameter Settings for User Entity Instance: Top-level Entity: |ALU_CPU
 12. Post-Synthesis Netlist Statistics for Top Partition
 13. Elapsed Time Per Partition
 14. Analysis & Synthesis Messages
 15. Analysis & Synthesis Suppressed Messages



----------------
; Legal Notice ;
----------------
Copyright (C) 2020  Intel Corporation. All rights reserved.
Your use of Intel Corporation's design tools, logic functions 
and other software and tools, and any partner logic 
functions, and any output files from any of the foregoing 
(including device programming or simulation files), and any 
associated documentation or information are expressly subject 
to the terms and conditions of the Intel Program License 
Subscription Agreement, the Intel Quartus Prime License Agreement,
the Intel FPGA IP License Agreement, or other applicable license
agreement, including, without limitation, that your use is for
the sole purpose of programming logic devices manufactured by
Intel and sold by Intel or its authorized distributors.  Please
refer to the applicable agreement for further details, at
https://fpgasoftware.intel.com/eula.



+----------------------------------------------------------------------------------+
; Analysis & Synthesis Summary                                                     ;
+------------------------------------+---------------------------------------------+
; Analysis & Synthesis Status        ; Successful - Thu Mar 17 21:24:44 2022       ;
; Quartus Prime Version              ; 20.1.1 Build 720 11/11/2020 SJ Lite Edition ;
; Revision Name                      ; ALU_CPU                                     ;
; Top-level Entity Name              ; ALU_CPU                                     ;
; Family                             ; MAX 10                                      ;
; Total logic elements               ; 24                                          ;
;     Total combinational functions  ; 24                                          ;
;     Dedicated logic registers      ; 6                                           ;
; Total registers                    ; 6                                           ;
; Total pins                         ; 31                                          ;
; Total virtual pins                 ; 0                                           ;
; Total memory bits                  ; 0                                           ;
; Embedded Multiplier 9-bit elements ; 0                                           ;
; Total PLLs                         ; 0                                           ;
; UFM blocks                         ; 0                                           ;
; ADC blocks                         ; 0                                           ;
+------------------------------------+---------------------------------------------+


+------------------------------------------------------------------------------------------------------------+
; Analysis & Synthesis Settings                                                                              ;
+------------------------------------------------------------------+--------------------+--------------------+
; Option                                                           ; Setting            ; Default Value      ;
+------------------------------------------------------------------+--------------------+--------------------+
; Device                                                           ; 10M50DAF484C7G     ;                    ;
; Top-level entity name                                            ; ALU_CPU            ; ALU_CPU            ;
; Family name                                                      ; MAX 10             ; Cyclone V          ;
; Use smart compilation                                            ; Off                ; Off                ;
; Enable parallel Assembler and Timing Analyzer during compilation ; On                 ; On                 ;
; Enable compact report table                                      ; Off                ; Off                ;
; Restructure Multiplexers                                         ; Auto               ; Auto               ;
; Create Debugging Nodes for IP Cores                              ; Off                ; Off                ;
; Preserve fewer node names                                        ; On                 ; On                 ;
; Intel FPGA IP Evaluation Mode                                    ; Enable             ; Enable             ;
; Verilog Version                                                  ; Verilog_2001       ; Verilog_2001       ;
; VHDL Version                                                     ; VHDL_1993          ; VHDL_1993          ;
; State Machine Processing                                         ; Auto               ; Auto               ;
; Safe State Machine                                               ; Off                ; Off                ;
; Extract Verilog State Machines                                   ; On                 ; On                 ;
; Extract VHDL State Machines                                      ; On                 ; On                 ;
; Ignore Verilog initial constructs                                ; Off                ; Off                ;
; Iteration limit for constant Verilog loops                       ; 5000               ; 5000               ;
; Iteration limit for non-constant Verilog loops                   ; 250                ; 250                ;
; Add Pass-Through Logic to Inferred RAMs                          ; On                 ; On                 ;
; Infer RAMs from Raw Logic                                        ; On                 ; On                 ;
; Parallel Synthesis                                               ; On                 ; On                 ;
; DSP Block Balancing                                              ; Auto               ; Auto               ;
; NOT Gate Push-Back                                               ; On                 ; On                 ;
; Power-Up Don't Care                                              ; On                 ; On                 ;
; Remove Redundant Logic Cells                                     ; Off                ; Off                ;
; Remove Duplicate Registers                                       ; On                 ; On                 ;
; Ignore CARRY Buffers                                             ; Off                ; Off                ;
; Ignore CASCADE Buffers                                           ; Off                ; Off                ;
; Ignore GLOBAL Buffers                                            ; Off                ; Off                ;
; Ignore ROW GLOBAL Buffers                                        ; Off                ; Off                ;
; Ignore LCELL Buffers                                             ; Off                ; Off                ;
; Ignore SOFT Buffers                                              ; On                 ; On                 ;
; Limit AHDL Integers to 32 Bits                                   ; Off                ; Off                ;
; Optimization Technique                                           ; Balanced           ; Balanced           ;
; Carry Chain Length                                               ; 70                 ; 70                 ;
; Auto Carry Chains                                                ; On                 ; On                 ;
; Auto Open-Drain Pins                                             ; On                 ; On                 ;
; Perform WYSIWYG Primitive Resynthesis                            ; Off                ; Off                ;
; Auto ROM Replacement                                             ; On                 ; On                 ;
; Auto RAM Replacement                                             ; On                 ; On                 ;
; Auto DSP Block Replacement                                       ; On                 ; On                 ;
; Auto Shift Register Replacement                                  ; Auto               ; Auto               ;
; Allow Shift Register Merging across Hierarchies                  ; Auto               ; Auto               ;
; Auto Clock Enable Replacement                                    ; On                 ; On                 ;
; Strict RAM Replacement                                           ; Off                ; Off                ;
; Allow Synchronous Control Signals                                ; On                 ; On                 ;
; Force Use of Synchronous Clear Signals                           ; Off                ; Off                ;
; Auto RAM Block Balancing                                         ; On                 ; On                 ;
; Auto RAM to Logic Cell Conversion                                ; Off                ; Off                ;
; Auto Resource Sharing                                            ; Off                ; Off                ;
; Allow Any RAM Size For Recognition                               ; Off                ; Off                ;
; Allow Any ROM Size For Recognition                               ; Off                ; Off                ;
; Allow Any Shift Register Size For Recognition                    ; Off                ; Off                ;
; Use LogicLock Constraints during Resource Balancing              ; On                 ; On                 ;
; Ignore translate_off and synthesis_off directives                ; Off                ; Off                ;
; Timing-Driven Synthesis                                          ; On                 ; On                 ;
; Report Parameter Settings                                        ; On                 ; On                 ;
; Report Source Assignments                                        ; On                 ; On                 ;
; Report Connectivity Checks                                       ; On                 ; On                 ;
; Ignore Maximum Fan-Out Assignments                               ; Off                ; Off                ;
; Synchronization Register Chain Length                            ; 2                  ; 2                  ;
; Power Optimization During Synthesis                              ; Normal compilation ; Normal compilation ;
; HDL message level                                                ; Level2             ; Level2             ;
; Suppress Register Optimization Related Messages                  ; Off                ; Off                ;
; Number of Removed Registers Reported in Synthesis Report         ; 5000               ; 5000               ;
; Number of Swept Nodes Reported in Synthesis Report               ; 5000               ; 5000               ;
; Number of Inverted Registers Reported in Synthesis Report        ; 100                ; 100                ;
; Clock MUX Protection                                             ; On                 ; On                 ;
; Auto Gated Clock Conversion                                      ; Off                ; Off                ;
; Block Design Naming                                              ; Auto               ; Auto               ;
; SDC constraint protection                                        ; Off                ; Off                ;
; Synthesis Effort                                                 ; Auto               ; Auto               ;
; Shift Register Replacement - Allow Asynchronous Clear Signal     ; On                 ; On                 ;
; Pre-Mapping Resynthesis Optimization                             ; Off                ; Off                ;
; Analysis & Synthesis Message Level                               ; Medium             ; Medium             ;
; Disable Register Merging Across Hierarchies                      ; Auto               ; Auto               ;
; Resource Aware Inference For Block RAM                           ; On                 ; On                 ;
+------------------------------------------------------------------+--------------------+--------------------+


+------------------------------------------+
; Parallel Compilation                     ;
+----------------------------+-------------+
; Processors                 ; Number      ;
+----------------------------+-------------+
; Number detected on machine ; 12          ;
; Maximum allowed            ; 6           ;
;                            ;             ;
; Average used               ; 1.00        ;
; Maximum used               ; 6           ;
;                            ;             ;
; Usage by Processor         ; % Time Used ;
;     Processor 1            ; 100.0%      ;
;     Processors 2-6         ;   0.0%      ;
+----------------------------+-------------+


+-------------------------------------------------------------------------------------------------------------------------------------+
; Analysis & Synthesis Source Files Read                                                                                              ;
+----------------------------------+-----------------+------------------------+---------------------------------------------+---------+
; File Name with User-Entered Path ; Used in Netlist ; File Type              ; File Name with Absolute Path                ; Library ;
+----------------------------------+-----------------+------------------------+---------------------------------------------+---------+
; ALU_CPU.v                        ; yes             ; User Verilog HDL File  ; C:/Practicas/Verilog_Labs/ALU_CPU/ALU_CPU.v ;         ;
+----------------------------------+-----------------+------------------------+---------------------------------------------+---------+


+----------------------------------------------------------------+
; Analysis & Synthesis Resource Usage Summary                    ;
+---------------------------------------------+------------------+
; Resource                                    ; Usage            ;
+---------------------------------------------+------------------+
; Estimated Total logic elements              ; 24               ;
;                                             ;                  ;
; Total combinational functions               ; 24               ;
; Logic element usage by number of LUT inputs ;                  ;
;     -- 4 input functions                    ; 13               ;
;     -- 3 input functions                    ; 6                ;
;     -- <=2 input functions                  ; 5                ;
;                                             ;                  ;
; Logic elements by mode                      ;                  ;
;     -- normal mode                          ; 24               ;
;     -- arithmetic mode                      ; 0                ;
;                                             ;                  ;
; Total registers                             ; 6                ;
;     -- Dedicated logic registers            ; 6                ;
;     -- I/O registers                        ; 0                ;
;                                             ;                  ;
; I/O pins                                    ; 31               ;
;                                             ;                  ;
; Embedded Multiplier 9-bit elements          ; 0                ;
;                                             ;                  ;
; Maximum fan-out node                        ; data_ack_i~input ;
; Maximum fan-out                             ; 7                ;
; Total fan-out                               ; 135              ;
; Average fan-out                             ; 1.47             ;
+---------------------------------------------+------------------+


+------------------------------------------------------------------------------------------------------------------------------------------------------------------------------------------------------------------------------------+
; Analysis & Synthesis Resource Utilization by Entity                                                                                                                                                                                ;
+----------------------------+---------------------+---------------------------+-------------+------------+--------------+---------+-----------+------+--------------+------------+---------------------+-------------+--------------+
; Compilation Hierarchy Node ; Combinational ALUTs ; Dedicated Logic Registers ; Memory Bits ; UFM Blocks ; DSP Elements ; DSP 9x9 ; DSP 18x18 ; Pins ; Virtual Pins ; ADC blocks ; Full Hierarchy Name ; Entity Name ; Library Name ;
+----------------------------+---------------------+---------------------------+-------------+------------+--------------+---------+-----------+------+--------------+------------+---------------------+-------------+--------------+
; |ALU_CPU                   ; 24 (24)             ; 6 (6)                     ; 0           ; 0          ; 0            ; 0       ; 0         ; 31   ; 0            ; 0          ; |ALU_CPU            ; ALU_CPU     ; work         ;
+----------------------------+---------------------+---------------------------+-------------+------------+--------------+---------+-----------+------+--------------+------------+---------------------+-------------+--------------+
Note: For table entries with two numbers listed, the numbers in parentheses indicate the number of resources of the given type used by the specific entity alone. The numbers listed outside of parentheses indicate the total resources of the given type used by the specific entity and all of its sub-entities in the hierarchy.


Encoding Type:  One-Hot
+----------------------------------------------------------------------------------------------------------------------------------------------------+
; State Machine - |ALU_CPU|state                                                                                                                     ;
+------------------------+-----------------+------------------------+-----------------+---------------------+--------------------+-------------------+
; Name                   ; state.int_state ; state.write_back_state ; state.mem_state ; state.execute_state ; state.decode_state ; state.fetch_state ;
+------------------------+-----------------+------------------------+-----------------+---------------------+--------------------+-------------------+
; state.fetch_state      ; 0               ; 0                      ; 0               ; 0                   ; 0                  ; 0                 ;
; state.decode_state     ; 0               ; 0                      ; 0               ; 0                   ; 1                  ; 1                 ;
; state.execute_state    ; 0               ; 0                      ; 0               ; 1                   ; 0                  ; 1                 ;
; state.mem_state        ; 0               ; 0                      ; 1               ; 0                   ; 0                  ; 1                 ;
; state.write_back_state ; 0               ; 1                      ; 0               ; 0                   ; 0                  ; 1                 ;
; state.int_state        ; 1               ; 0                      ; 0               ; 0                   ; 0                  ; 1                 ;
+------------------------+-----------------+------------------------+-----------------+---------------------+--------------------+-------------------+


+------------------------------------------------------------+
; Registers Removed During Synthesis                         ;
+---------------------------------------+--------------------+
; Register name                         ; Reason for Removal ;
+---------------------------------------+--------------------+
; state~4                               ; Lost fanout        ;
; state~5                               ; Lost fanout        ;
; state~6                               ; Lost fanout        ;
; Total Number of Removed Registers = 3 ;                    ;
+---------------------------------------+--------------------+


+------------------------------------------------------+
; General Register Statistics                          ;
+----------------------------------------------+-------+
; Statistic                                    ; Value ;
+----------------------------------------------+-------+
; Total registers                              ; 6     ;
; Number of registers using Synchronous Clear  ; 0     ;
; Number of registers using Synchronous Load   ; 0     ;
; Number of registers using Asynchronous Clear ; 6     ;
; Number of registers using Asynchronous Load  ; 0     ;
; Number of registers using Clock Enable       ; 0     ;
; Number of registers using Preset             ; 0     ;
+----------------------------------------------+-------+


+-------------------------------------------------------------------------+
; Parameter Settings for User Entity Instance: Top-level Entity: |ALU_CPU ;
+------------------+-------+----------------------------------------------+
; Parameter Name   ; Value ; Type                                         ;
+------------------+-------+----------------------------------------------+
; fetch_state      ; 000   ; Unsigned Binary                              ;
; decode_state     ; 001   ; Unsigned Binary                              ;
; execute_state    ; 010   ; Unsigned Binary                              ;
; mem_state        ; 011   ; Unsigned Binary                              ;
; write_back_state ; 100   ; Unsigned Binary                              ;
; int_state        ; 101   ; Unsigned Binary                              ;
+------------------+-------+----------------------------------------------+
Note: In order to hide this table in the UI and the text report file, please set the "Show Parameter Settings in Synthesis Report" option in "Analysis and Synthesis Settings -> More Settings" to "Off".


+-----------------------------------------------------+
; Post-Synthesis Netlist Statistics for Top Partition ;
+-----------------------+-----------------------------+
; Type                  ; Count                       ;
+-----------------------+-----------------------------+
; boundary_port         ; 31                          ;
; cycloneiii_ff         ; 6                           ;
;     CLR               ; 6                           ;
; cycloneiii_lcell_comb ; 26                          ;
;     normal            ; 26                          ;
;         1 data inputs ; 2                           ;
;         2 data inputs ; 5                           ;
;         3 data inputs ; 6                           ;
;         4 data inputs ; 13                          ;
;                       ;                             ;
; Max LUT depth         ; 5.00                        ;
; Average LUT depth     ; 3.98                        ;
+-----------------------+-----------------------------+


+-------------------------------+
; Elapsed Time Per Partition    ;
+----------------+--------------+
; Partition Name ; Elapsed Time ;
+----------------+--------------+
; Top            ; 00:00:00     ;
+----------------+--------------+


+-------------------------------+
; Analysis & Synthesis Messages ;
+-------------------------------+
Info: *******************************************************************
Info: Running Quartus Prime Analysis & Synthesis
    Info: Version 20.1.1 Build 720 11/11/2020 SJ Lite Edition
    Info: Processing started: Thu Mar 17 21:24:36 2022
Info: Command: quartus_map --read_settings_files=on --write_settings_files=off ALU_CPU -c ALU_CPU
Warning (18236): Number of processors has not been specified which may cause overloading on shared machines.  Set the global assignment NUM_PARALLEL_PROCESSORS in your QSF to an appropriate value for best performance.
Info (20030): Parallel compilation is enabled and will use 6 of the 6 processors detected
Info (12021): Found 1 design units, including 1 entities, in source file alu_cpu.v
    Info (12023): Found entity 1: ALU_CPU File: C:/Practicas/Verilog_Labs/ALU_CPU/ALU_CPU.v Line: 1
Info (12021): Found 1 design units, including 1 entities, in source file alu_cpu_tb.v
    Info (12023): Found entity 1: ALU_CPU_tb File: C:/Practicas/Verilog_Labs/ALU_CPU/ALU_CPU_tb.v Line: 1
Warning (10236): Verilog HDL Implicit Net warning at ALU_CPU.v(32): created implicit net for "IR_decode_mem" File: C:/Practicas/Verilog_Labs/ALU_CPU/ALU_CPU.v Line: 32
Warning (10236): Verilog HDL Implicit Net warning at ALU_CPU.v(33): created implicit net for "IR_decode_jump" File: C:/Practicas/Verilog_Labs/ALU_CPU/ALU_CPU.v Line: 33
Warning (10236): Verilog HDL Implicit Net warning at ALU_CPU.v(34): created implicit net for "IR_decode_branch" File: C:/Practicas/Verilog_Labs/ALU_CPU/ALU_CPU.v Line: 34
Warning (10236): Verilog HDL Implicit Net warning at ALU_CPU.v(35): created implicit net for "IR_decode_misc" File: C:/Practicas/Verilog_Labs/ALU_CPU/ALU_CPU.v Line: 35
Warning (10236): Verilog HDL Implicit Net warning at ALU_CPU.v(36): created implicit net for "IR_misc_fn" File: C:/Practicas/Verilog_Labs/ALU_CPU/ALU_CPU.v Line: 36
Warning (10236): Verilog HDL Implicit Net warning at ALU_CPU.v(37): created implicit net for "IR_mem_fn" File: C:/Practicas/Verilog_Labs/ALU_CPU/ALU_CPU.v Line: 37
Info (12127): Elaborating entity "ALU_CPU" for the top level hierarchy
Warning (10230): Verilog HDL assignment warning at ALU_CPU.v(36): truncated value with size 3 to match size of target (1) File: C:/Practicas/Verilog_Labs/ALU_CPU/ALU_CPU.v Line: 36
Warning (10230): Verilog HDL assignment warning at ALU_CPU.v(37): truncated value with size 2 to match size of target (1) File: C:/Practicas/Verilog_Labs/ALU_CPU/ALU_CPU.v Line: 37
Info (286030): Timing-Driven Synthesis is running
Info (17049): 3 registers lost all their fanouts during netlist optimizations.
Info (144001): Generated suppressed messages file C:/Practicas/Verilog_Labs/ALU_CPU/output_files/ALU_CPU.map.smsg
Info (16010): Generating hard_block partition "hard_block:auto_generated_inst"
    Info (16011): Adding 0 node(s), including 0 DDIO, 0 PLL, 0 transceiver and 0 LCELL
Warning (21074): Design contains 12 input pin(s) that do not drive logic
    Warning (15610): No output dependent on input pin "IR[0]" File: C:/Practicas/Verilog_Labs/ALU_CPU/ALU_CPU.v Line: 6
    Warning (15610): No output dependent on input pin "IR[1]" File: C:/Practicas/Verilog_Labs/ALU_CPU/ALU_CPU.v Line: 6
    Warning (15610): No output dependent on input pin "IR[2]" File: C:/Practicas/Verilog_Labs/ALU_CPU/ALU_CPU.v Line: 6
    Warning (15610): No output dependent on input pin "IR[3]" File: C:/Practicas/Verilog_Labs/ALU_CPU/ALU_CPU.v Line: 6
    Warning (15610): No output dependent on input pin "IR[4]" File: C:/Practicas/Verilog_Labs/ALU_CPU/ALU_CPU.v Line: 6
    Warning (15610): No output dependent on input pin "IR[5]" File: C:/Practicas/Verilog_Labs/ALU_CPU/ALU_CPU.v Line: 6
    Warning (15610): No output dependent on input pin "IR[6]" File: C:/Practicas/Verilog_Labs/ALU_CPU/ALU_CPU.v Line: 6
    Warning (15610): No output dependent on input pin "IR[7]" File: C:/Practicas/Verilog_Labs/ALU_CPU/ALU_CPU.v Line: 6
    Warning (15610): No output dependent on input pin "IR[8]" File: C:/Practicas/Verilog_Labs/ALU_CPU/ALU_CPU.v Line: 6
    Warning (15610): No output dependent on input pin "IR[9]" File: C:/Practicas/Verilog_Labs/ALU_CPU/ALU_CPU.v Line: 6
    Warning (15610): No output dependent on input pin "IR[10]" File: C:/Practicas/Verilog_Labs/ALU_CPU/ALU_CPU.v Line: 6
    Warning (15610): No output dependent on input pin "port_ack_i" File: C:/Practicas/Verilog_Labs/ALU_CPU/ALU_CPU.v Line: 10
Info (21057): Implemented 59 device resources after synthesis - the final resource count might be different
    Info (21058): Implemented 25 input pins
    Info (21059): Implemented 6 output pins
    Info (21061): Implemented 28 logic cells
Info: Quartus Prime Analysis & Synthesis was successful. 0 errors, 22 warnings
    Info: Peak virtual memory: 4782 megabytes
    Info: Processing ended: Thu Mar 17 21:24:44 2022
    Info: Elapsed time: 00:00:08
    Info: Total CPU time (on all processors): 00:00:18


+------------------------------------------+
; Analysis & Synthesis Suppressed Messages ;
+------------------------------------------+
The suppressed messages can be found in C:/Practicas/Verilog_Labs/ALU_CPU/output_files/ALU_CPU.map.smsg.


