Analysis & Synthesis report for UpDown
Tue Mar  1 08:13:06 2022
Quartus Prime Version 20.1.1 Build 720 11/11/2020 SJ Lite Edition


---------------------
; Table of Contents ;
---------------------
  1. Legal Notice
  2. Analysis & Synthesis Summary
  3. Analysis & Synthesis Settings
  4. Parallel Compilation
  5. Analysis & Synthesis Source Files Read
  6. Analysis & Synthesis Resource Usage Summary
  7. Analysis & Synthesis Resource Utilization by Entity
  8. General Register Statistics
  9. Parameter Settings for Inferred Entity Instance: lpm_divide:Mod0
 10. Port Connectivity Checks: "BCD:DISPLAY_UNIDADES"
 11. Port Connectivity Checks: "counter:COUNT"
 12. Post-Synthesis Netlist Statistics for Top Partition
 13. Elapsed Time Per Partition
 14. Analysis & Synthesis Messages
 15. Analysis & Synthesis Suppressed Messages



----------------
; Legal Notice ;
----------------
Copyright (C) 2020  Intel Corporation. All rights reserved.
Your use of Intel Corporation's design tools, logic functions 
and other software and tools, and any partner logic 
functions, and any output files from any of the foregoing 
(including device programming or simulation files), and any 
associated documentation or information are expressly subject 
to the terms and conditions of the Intel Program License 
Subscription Agreement, the Intel Quartus Prime License Agreement,
the Intel FPGA IP License Agreement, or other applicable license
agreement, including, without limitation, that your use is for
the sole purpose of programming logic devices manufactured by
Intel and sold by Intel or its authorized distributors.  Please
refer to the applicable agreement for further details, at
https://fpgasoftware.intel.com/eula.



+----------------------------------------------------------------------------------+
; Analysis & Synthesis Summary                                                     ;
+------------------------------------+---------------------------------------------+
; Analysis & Synthesis Status        ; Successful - Tue Mar  1 08:13:06 2022       ;
; Quartus Prime Version              ; 20.1.1 Build 720 11/11/2020 SJ Lite Edition ;
; Revision Name                      ; UpDown                                      ;
; Top-level Entity Name              ; UpDown                                      ;
; Family                             ; MAX 10                                      ;
; Total logic elements               ; 150                                         ;
;     Total combinational functions  ; 149                                         ;
;     Dedicated logic registers      ; 42                                          ;
; Total registers                    ; 42                                          ;
; Total pins                         ; 18                                          ;
; Total virtual pins                 ; 0                                           ;
; Total memory bits                  ; 0                                           ;
; Embedded Multiplier 9-bit elements ; 0                                           ;
; Total PLLs                         ; 0                                           ;
; UFM blocks                         ; 0                                           ;
; ADC blocks                         ; 0                                           ;
+------------------------------------+---------------------------------------------+


+------------------------------------------------------------------------------------------------------------+
; Analysis & Synthesis Settings                                                                              ;
+------------------------------------------------------------------+--------------------+--------------------+
; Option                                                           ; Setting            ; Default Value      ;
+------------------------------------------------------------------+--------------------+--------------------+
; Device                                                           ; 10M50DAF484C7G     ;                    ;
; Top-level entity name                                            ; UpDown             ; UpDown             ;
; Family name                                                      ; MAX 10             ; Cyclone V          ;
; Use smart compilation                                            ; Off                ; Off                ;
; Enable parallel Assembler and Timing Analyzer during compilation ; On                 ; On                 ;
; Enable compact report table                                      ; Off                ; Off                ;
; Restructure Multiplexers                                         ; Auto               ; Auto               ;
; Create Debugging Nodes for IP Cores                              ; Off                ; Off                ;
; Preserve fewer node names                                        ; On                 ; On                 ;
; Intel FPGA IP Evaluation Mode                                    ; Enable             ; Enable             ;
; Verilog Version                                                  ; Verilog_2001       ; Verilog_2001       ;
; VHDL Version                                                     ; VHDL_1993          ; VHDL_1993          ;
; State Machine Processing                                         ; Auto               ; Auto               ;
; Safe State Machine                                               ; Off                ; Off                ;
; Extract Verilog State Machines                                   ; On                 ; On                 ;
; Extract VHDL State Machines                                      ; On                 ; On                 ;
; Ignore Verilog initial constructs                                ; Off                ; Off                ;
; Iteration limit for constant Verilog loops                       ; 5000               ; 5000               ;
; Iteration limit for non-constant Verilog loops                   ; 250                ; 250                ;
; Add Pass-Through Logic to Inferred RAMs                          ; On                 ; On                 ;
; Infer RAMs from Raw Logic                                        ; On                 ; On                 ;
; Parallel Synthesis                                               ; On                 ; On                 ;
; DSP Block Balancing                                              ; Auto               ; Auto               ;
; NOT Gate Push-Back                                               ; On                 ; On                 ;
; Power-Up Don't Care                                              ; On                 ; On                 ;
; Remove Redundant Logic Cells                                     ; Off                ; Off                ;
; Remove Duplicate Registers                                       ; On                 ; On                 ;
; Ignore CARRY Buffers                                             ; Off                ; Off                ;
; Ignore CASCADE Buffers                                           ; Off                ; Off                ;
; Ignore GLOBAL Buffers                                            ; Off                ; Off                ;
; Ignore ROW GLOBAL Buffers                                        ; Off                ; Off                ;
; Ignore LCELL Buffers                                             ; Off                ; Off                ;
; Ignore SOFT Buffers                                              ; On                 ; On                 ;
; Limit AHDL Integers to 32 Bits                                   ; Off                ; Off                ;
; Optimization Technique                                           ; Balanced           ; Balanced           ;
; Carry Chain Length                                               ; 70                 ; 70                 ;
; Auto Carry Chains                                                ; On                 ; On                 ;
; Auto Open-Drain Pins                                             ; On                 ; On                 ;
; Perform WYSIWYG Primitive Resynthesis                            ; Off                ; Off                ;
; Auto ROM Replacement                                             ; On                 ; On                 ;
; Auto RAM Replacement                                             ; On                 ; On                 ;
; Auto DSP Block Replacement                                       ; On                 ; On                 ;
; Auto Shift Register Replacement                                  ; Auto               ; Auto               ;
; Allow Shift Register Merging across Hierarchies                  ; Auto               ; Auto               ;
; Auto Clock Enable Replacement                                    ; On                 ; On                 ;
; Strict RAM Replacement                                           ; Off                ; Off                ;
; Allow Synchronous Control Signals                                ; On                 ; On                 ;
; Force Use of Synchronous Clear Signals                           ; Off                ; Off                ;
; Auto RAM Block Balancing                                         ; On                 ; On                 ;
; Auto RAM to Logic Cell Conversion                                ; Off                ; Off                ;
; Auto Resource Sharing                                            ; Off                ; Off                ;
; Allow Any RAM Size For Recognition                               ; Off                ; Off                ;
; Allow Any ROM Size For Recognition                               ; Off                ; Off                ;
; Allow Any Shift Register Size For Recognition                    ; Off                ; Off                ;
; Use LogicLock Constraints during Resource Balancing              ; On                 ; On                 ;
; Ignore translate_off and synthesis_off directives                ; Off                ; Off                ;
; Timing-Driven Synthesis                                          ; On                 ; On                 ;
; Report Parameter Settings                                        ; On                 ; On                 ;
; Report Source Assignments                                        ; On                 ; On                 ;
; Report Connectivity Checks                                       ; On                 ; On                 ;
; Ignore Maximum Fan-Out Assignments                               ; Off                ; Off                ;
; Synchronization Register Chain Length                            ; 2                  ; 2                  ;
; Power Optimization During Synthesis                              ; Normal compilation ; Normal compilation ;
; HDL message level                                                ; Level2             ; Level2             ;
; Suppress Register Optimization Related Messages                  ; Off                ; Off                ;
; Number of Removed Registers Reported in Synthesis Report         ; 5000               ; 5000               ;
; Number of Swept Nodes Reported in Synthesis Report               ; 5000               ; 5000               ;
; Number of Inverted Registers Reported in Synthesis Report        ; 100                ; 100                ;
; Clock MUX Protection                                             ; On                 ; On                 ;
; Auto Gated Clock Conversion                                      ; Off                ; Off                ;
; Block Design Naming                                              ; Auto               ; Auto               ;
; SDC constraint protection                                        ; Off                ; Off                ;
; Synthesis Effort                                                 ; Auto               ; Auto               ;
; Shift Register Replacement - Allow Asynchronous Clear Signal     ; On                 ; On                 ;
; Pre-Mapping Resynthesis Optimization                             ; Off                ; Off                ;
; Analysis & Synthesis Message Level                               ; Medium             ; Medium             ;
; Disable Register Merging Across Hierarchies                      ; Auto               ; Auto               ;
; Resource Aware Inference For Block RAM                           ; On                 ; On                 ;
+------------------------------------------------------------------+--------------------+--------------------+


+------------------------------------------+
; Parallel Compilation                     ;
+----------------------------+-------------+
; Processors                 ; Number      ;
+----------------------------+-------------+
; Number detected on machine ; 16          ;
; Maximum allowed            ; 16          ;
;                            ;             ;
; Average used               ; 1.00        ;
; Maximum used               ; 16          ;
;                            ;             ;
; Usage by Processor         ; % Time Used ;
;     Processor 1            ; 100.0%      ;
;     Processor 2            ;   0.0%      ;
;     Processors 3-16        ;   0.0%      ;
+----------------------------+-------------+


+----------------------------------------------------------------------------------------------------------------------------------------------------------------------------------+
; Analysis & Synthesis Source Files Read                                                                                                                                           ;
+----------------------------------+-----------------+------------------------------+------------------------------------------------------------------------------------+---------+
; File Name with User-Entered Path ; Used in Netlist ; File Type                    ; File Name with Absolute Path                                                       ; Library ;
+----------------------------------+-----------------+------------------------------+------------------------------------------------------------------------------------+---------+
; clk_divider.v                    ; yes             ; User Verilog HDL File        ; /home/paok/Documents/Verilog_Labs/UpDown_Counter/clk_divider.v                     ;         ;
; counter.v                        ; yes             ; User Verilog HDL File        ; /home/paok/Documents/Verilog_Labs/UpDown_Counter/counter.v                         ;         ;
; UpDown.v                         ; yes             ; User Verilog HDL File        ; /home/paok/Documents/Verilog_Labs/UpDown_Counter/UpDown.v                          ;         ;
; BCD.v                            ; yes             ; User Verilog HDL File        ; /home/paok/Documents/Verilog_Labs/UpDown_Counter/BCD.v                             ;         ;
; one_shot.v                       ; yes             ; User Verilog HDL File        ; /home/paok/Documents/Verilog_Labs/UpDown_Counter/one_shot.v                        ;         ;
; lpm_divide.tdf                   ; yes             ; Megafunction                 ; /home/paok/intelFPGA_lite/20.1/quartus/libraries/megafunctions/lpm_divide.tdf      ;         ;
; abs_divider.inc                  ; yes             ; Megafunction                 ; /home/paok/intelFPGA_lite/20.1/quartus/libraries/megafunctions/abs_divider.inc     ;         ;
; sign_div_unsign.inc              ; yes             ; Megafunction                 ; /home/paok/intelFPGA_lite/20.1/quartus/libraries/megafunctions/sign_div_unsign.inc ;         ;
; aglobal201.inc                   ; yes             ; Megafunction                 ; /home/paok/intelFPGA_lite/20.1/quartus/libraries/megafunctions/aglobal201.inc      ;         ;
; db/lpm_divide_bkl.tdf            ; yes             ; Auto-Generated Megafunction  ; /home/paok/Documents/Verilog_Labs/UpDown_Counter/db/lpm_divide_bkl.tdf             ;         ;
; db/sign_div_unsign_akh.tdf       ; yes             ; Auto-Generated Megafunction  ; /home/paok/Documents/Verilog_Labs/UpDown_Counter/db/sign_div_unsign_akh.tdf        ;         ;
; db/alt_u_div_uee.tdf             ; yes             ; Auto-Generated Megafunction  ; /home/paok/Documents/Verilog_Labs/UpDown_Counter/db/alt_u_div_uee.tdf              ;         ;
; db/add_sub_t3c.tdf               ; yes             ; Auto-Generated Megafunction  ; /home/paok/Documents/Verilog_Labs/UpDown_Counter/db/add_sub_t3c.tdf                ;         ;
; db/add_sub_u3c.tdf               ; yes             ; Auto-Generated Megafunction  ; /home/paok/Documents/Verilog_Labs/UpDown_Counter/db/add_sub_u3c.tdf                ;         ;
+----------------------------------+-----------------+------------------------------+------------------------------------------------------------------------------------+---------+


+---------------------------------------------------------+
; Analysis & Synthesis Resource Usage Summary             ;
+---------------------------------------------+-----------+
; Resource                                    ; Usage     ;
+---------------------------------------------+-----------+
; Estimated Total logic elements              ; 150       ;
;                                             ;           ;
; Total combinational functions               ; 149       ;
; Logic element usage by number of LUT inputs ;           ;
;     -- 4 input functions                    ; 40        ;
;     -- 3 input functions                    ; 41        ;
;     -- <=2 input functions                  ; 68        ;
;                                             ;           ;
; Logic elements by mode                      ;           ;
;     -- normal mode                          ; 97        ;
;     -- arithmetic mode                      ; 52        ;
;                                             ;           ;
; Total registers                             ; 42        ;
;     -- Dedicated logic registers            ; 42        ;
;     -- I/O registers                        ; 0         ;
;                                             ;           ;
; I/O pins                                    ; 18        ;
;                                             ;           ;
; Embedded Multiplier 9-bit elements          ; 0         ;
;                                             ;           ;
; Maximum fan-out node                        ; clc~input ;
; Maximum fan-out                             ; 40        ;
; Total fan-out                               ; 565       ;
; Average fan-out                             ; 2.49      ;
+---------------------------------------------+-----------+


+--------------------------------------------------------------------------------------------------------------------------------------------------------------------------------------------------------------------------------------------------------------------------------------------------------------------------------------------+
; Analysis & Synthesis Resource Utilization by Entity                                                                                                                                                                                                                                                                                        ;
+----------------------------------------+---------------------+---------------------------+-------------+------------+--------------+---------+-----------+------+--------------+------------+---------------------------------------------------------------------------------------------------------+---------------------+--------------+
; Compilation Hierarchy Node             ; Combinational ALUTs ; Dedicated Logic Registers ; Memory Bits ; UFM Blocks ; DSP Elements ; DSP 9x9 ; DSP 18x18 ; Pins ; Virtual Pins ; ADC blocks ; Full Hierarchy Name                                                                                     ; Entity Name         ; Library Name ;
+----------------------------------------+---------------------+---------------------------+-------------+------------+--------------+---------+-----------+------+--------------+------------+---------------------------------------------------------------------------------------------------------+---------------------+--------------+
; |UpDown                                ; 149 (0)             ; 42 (0)                    ; 0           ; 0          ; 0            ; 0       ; 0         ; 18   ; 0            ; 0          ; |UpDown                                                                                                 ; UpDown              ; work         ;
;    |BCD:DISPLAY_DECENAS|               ; 32 (32)             ; 0 (0)                     ; 0           ; 0          ; 0            ; 0       ; 0         ; 0    ; 0            ; 0          ; |UpDown|BCD:DISPLAY_DECENAS                                                                             ; BCD                 ; work         ;
;    |BCD:DISPLAY_UNIDADES|              ; 7 (7)               ; 0 (0)                     ; 0           ; 0          ; 0            ; 0       ; 0         ; 0    ; 0            ; 0          ; |UpDown|BCD:DISPLAY_UNIDADES                                                                            ; BCD                 ; work         ;
;    |clk_divider:DIVIDER|               ; 55 (55)             ; 33 (33)                   ; 0           ; 0          ; 0            ; 0       ; 0         ; 0    ; 0            ; 0          ; |UpDown|clk_divider:DIVIDER                                                                             ; clk_divider         ; work         ;
;    |counter:COUNT|                     ; 7 (7)               ; 7 (7)                     ; 0           ; 0          ; 0            ; 0       ; 0         ; 0    ; 0            ; 0          ; |UpDown|counter:COUNT                                                                                   ; counter             ; work         ;
;    |lpm_divide:Mod0|                   ; 46 (0)              ; 0 (0)                     ; 0           ; 0          ; 0            ; 0       ; 0         ; 0    ; 0            ; 0          ; |UpDown|lpm_divide:Mod0                                                                                 ; lpm_divide          ; work         ;
;       |lpm_divide_bkl:auto_generated|  ; 46 (0)              ; 0 (0)                     ; 0           ; 0          ; 0            ; 0       ; 0         ; 0    ; 0            ; 0          ; |UpDown|lpm_divide:Mod0|lpm_divide_bkl:auto_generated                                                   ; lpm_divide_bkl      ; work         ;
;          |sign_div_unsign_akh:divider| ; 46 (0)              ; 0 (0)                     ; 0           ; 0          ; 0            ; 0       ; 0         ; 0    ; 0            ; 0          ; |UpDown|lpm_divide:Mod0|lpm_divide_bkl:auto_generated|sign_div_unsign_akh:divider                       ; sign_div_unsign_akh ; work         ;
;             |alt_u_div_uee:divider|    ; 46 (46)             ; 0 (0)                     ; 0           ; 0          ; 0            ; 0       ; 0         ; 0    ; 0            ; 0          ; |UpDown|lpm_divide:Mod0|lpm_divide_bkl:auto_generated|sign_div_unsign_akh:divider|alt_u_div_uee:divider ; alt_u_div_uee       ; work         ;
;    |one_shot:DEBOUNCE|                 ; 2 (2)               ; 2 (2)                     ; 0           ; 0          ; 0            ; 0       ; 0         ; 0    ; 0            ; 0          ; |UpDown|one_shot:DEBOUNCE                                                                               ; one_shot            ; work         ;
+----------------------------------------+---------------------+---------------------------+-------------+------------+--------------+---------+-----------+------+--------------+------------+---------------------------------------------------------------------------------------------------------+---------------------+--------------+
Note: For table entries with two numbers listed, the numbers in parentheses indicate the number of resources of the given type used by the specific entity alone. The numbers listed outside of parentheses indicate the total resources of the given type used by the specific entity and all of its sub-entities in the hierarchy.


+------------------------------------------------------+
; General Register Statistics                          ;
+----------------------------------------------+-------+
; Statistic                                    ; Value ;
+----------------------------------------------+-------+
; Total registers                              ; 42    ;
; Number of registers using Synchronous Clear  ; 0     ;
; Number of registers using Synchronous Load   ; 0     ;
; Number of registers using Asynchronous Clear ; 40    ;
; Number of registers using Asynchronous Load  ; 0     ;
; Number of registers using Clock Enable       ; 0     ;
; Number of registers using Preset             ; 0     ;
+----------------------------------------------+-------+


+------------------------------------------------------------------+
; Parameter Settings for Inferred Entity Instance: lpm_divide:Mod0 ;
+------------------------+----------------+------------------------+
; Parameter Name         ; Value          ; Type                   ;
+------------------------+----------------+------------------------+
; LPM_WIDTHN             ; 7              ; Untyped                ;
; LPM_WIDTHD             ; 4              ; Untyped                ;
; LPM_NREPRESENTATION    ; UNSIGNED       ; Untyped                ;
; LPM_DREPRESENTATION    ; UNSIGNED       ; Untyped                ;
; LPM_PIPELINE           ; 0              ; Untyped                ;
; LPM_REMAINDERPOSITIVE  ; TRUE           ; Untyped                ;
; MAXIMIZE_SPEED         ; 5              ; Untyped                ;
; CBXI_PARAMETER         ; lpm_divide_bkl ; Untyped                ;
; CARRY_CHAIN            ; MANUAL         ; Untyped                ;
; OPTIMIZE_FOR_SPEED     ; 5              ; Untyped                ;
; AUTO_CARRY_CHAINS      ; ON             ; AUTO_CARRY             ;
; IGNORE_CARRY_BUFFERS   ; OFF            ; IGNORE_CARRY           ;
; AUTO_CASCADE_CHAINS    ; ON             ; AUTO_CASCADE           ;
; IGNORE_CASCADE_BUFFERS ; OFF            ; IGNORE_CASCADE         ;
+------------------------+----------------+------------------------+
Note: In order to hide this table in the UI and the text report file, please set the "Show Parameter Settings in Synthesis Report" option in "Analysis and Synthesis Settings -> More Settings" to "Off".


+--------------------------------------------------+
; Port Connectivity Checks: "BCD:DISPLAY_UNIDADES" ;
+-----------+-------+----------+-------------------+
; Port      ; Type  ; Severity ; Details           ;
+-----------+-------+----------+-------------------+
; num[6..4] ; Input ; Info     ; Stuck at GND      ;
+-----------+-------+----------+-------------------+


+----------------------------------------------------------------------------------------------------------------------------------------------+
; Port Connectivity Checks: "counter:COUNT"                                                                                                    ;
+---------------+--------+----------+----------------------------------------------------------------------------------------------------------+
; Port          ; Type   ; Severity ; Details                                                                                                  ;
+---------------+--------+----------+----------------------------------------------------------------------------------------------------------+
; display_count ; Output ; Warning  ; Declared by entity but not connected by instance. Logic that only feeds a dangling port will be removed. ;
+---------------+--------+----------+----------------------------------------------------------------------------------------------------------+


+-----------------------------------------------------+
; Post-Synthesis Netlist Statistics for Top Partition ;
+-----------------------+-----------------------------+
; Type                  ; Count                       ;
+-----------------------+-----------------------------+
; boundary_port         ; 18                          ;
; cycloneiii_ff         ; 42                          ;
;     CLR               ; 40                          ;
;     plain             ; 2                           ;
; cycloneiii_lcell_comb ; 151                         ;
;     arith             ; 52                          ;
;         2 data inputs ; 35                          ;
;         3 data inputs ; 17                          ;
;     normal            ; 99                          ;
;         0 data inputs ; 4                           ;
;         1 data inputs ; 4                           ;
;         2 data inputs ; 27                          ;
;         3 data inputs ; 24                          ;
;         4 data inputs ; 40                          ;
;                       ;                             ;
; Max LUT depth         ; 11.50                       ;
; Average LUT depth     ; 5.70                        ;
+-----------------------+-----------------------------+


+-------------------------------+
; Elapsed Time Per Partition    ;
+----------------+--------------+
; Partition Name ; Elapsed Time ;
+----------------+--------------+
; Top            ; 00:00:00     ;
+----------------+--------------+


+-------------------------------+
; Analysis & Synthesis Messages ;
+-------------------------------+
Info: *******************************************************************
Info: Running Quartus Prime Analysis & Synthesis
    Info: Version 20.1.1 Build 720 11/11/2020 SJ Lite Edition
    Info: Processing started: Tue Mar  1 08:12:59 2022
Info: Command: quartus_map --read_settings_files=on --write_settings_files=off UpDown -c UpDown
Warning (18236): Number of processors has not been specified which may cause overloading on shared machines.  Set the global assignment NUM_PARALLEL_PROCESSORS in your QSF to an appropriate value for best performance.
Info (20030): Parallel compilation is enabled and will use 16 of the 16 processors detected
Info (12021): Found 1 design units, including 1 entities, in source file clk_divider.v
    Info (12023): Found entity 1: clk_divider File: /home/paok/Documents/Verilog_Labs/UpDown_Counter/clk_divider.v Line: 1
Info (12021): Found 1 design units, including 1 entities, in source file debouncer.v
    Info (12023): Found entity 1: debouncer File: /home/paok/Documents/Verilog_Labs/UpDown_Counter/debouncer.v Line: 1
Info (12021): Found 1 design units, including 1 entities, in source file counter.v
    Info (12023): Found entity 1: counter File: /home/paok/Documents/Verilog_Labs/UpDown_Counter/counter.v Line: 1
Info (12021): Found 1 design units, including 1 entities, in source file UpDown.v
    Info (12023): Found entity 1: UpDown File: /home/paok/Documents/Verilog_Labs/UpDown_Counter/UpDown.v Line: 1
Info (12021): Found 1 design units, including 1 entities, in source file BCD.v
    Info (12023): Found entity 1: BCD File: /home/paok/Documents/Verilog_Labs/UpDown_Counter/BCD.v Line: 1
Info (12021): Found 1 design units, including 1 entities, in source file one_shot.v
    Info (12023): Found entity 1: one_shot File: /home/paok/Documents/Verilog_Labs/UpDown_Counter/one_shot.v Line: 1
Info (12127): Elaborating entity "UpDown" for the top level hierarchy
Warning (10230): Verilog HDL assignment warning at UpDown.v(39): truncated value with size 32 to match size of target (7) File: /home/paok/Documents/Verilog_Labs/UpDown_Counter/UpDown.v Line: 39
Warning (10230): Verilog HDL assignment warning at UpDown.v(41): truncated value with size 32 to match size of target (7) File: /home/paok/Documents/Verilog_Labs/UpDown_Counter/UpDown.v Line: 41
Info (12128): Elaborating entity "clk_divider" for hierarchy "clk_divider:DIVIDER" File: /home/paok/Documents/Verilog_Labs/UpDown_Counter/UpDown.v Line: 14
Info (12128): Elaborating entity "one_shot" for hierarchy "one_shot:DEBOUNCE" File: /home/paok/Documents/Verilog_Labs/UpDown_Counter/UpDown.v Line: 29
Info (12128): Elaborating entity "counter" for hierarchy "counter:COUNT" File: /home/paok/Documents/Verilog_Labs/UpDown_Counter/UpDown.v Line: 36
Info (12128): Elaborating entity "BCD" for hierarchy "counter:COUNT|BCD:DISPLAY_RESULT" File: /home/paok/Documents/Verilog_Labs/UpDown_Counter/counter.v Line: 24
Info (278001): Inferred 1 megafunctions from design logic
    Info (278004): Inferred divider/modulo megafunction ("lpm_divide") from the following logic: "Mod0" File: /home/paok/Documents/Verilog_Labs/UpDown_Counter/UpDown.v Line: 39
Info (12130): Elaborated megafunction instantiation "lpm_divide:Mod0" File: /home/paok/Documents/Verilog_Labs/UpDown_Counter/UpDown.v Line: 39
Info (12133): Instantiated megafunction "lpm_divide:Mod0" with the following parameter: File: /home/paok/Documents/Verilog_Labs/UpDown_Counter/UpDown.v Line: 39
    Info (12134): Parameter "LPM_WIDTHN" = "7"
    Info (12134): Parameter "LPM_WIDTHD" = "4"
    Info (12134): Parameter "LPM_NREPRESENTATION" = "UNSIGNED"
    Info (12134): Parameter "LPM_DREPRESENTATION" = "UNSIGNED"
Info (12021): Found 1 design units, including 1 entities, in source file db/lpm_divide_bkl.tdf
    Info (12023): Found entity 1: lpm_divide_bkl File: /home/paok/Documents/Verilog_Labs/UpDown_Counter/db/lpm_divide_bkl.tdf Line: 25
Info (12021): Found 1 design units, including 1 entities, in source file db/sign_div_unsign_akh.tdf
    Info (12023): Found entity 1: sign_div_unsign_akh File: /home/paok/Documents/Verilog_Labs/UpDown_Counter/db/sign_div_unsign_akh.tdf Line: 25
Info (12021): Found 1 design units, including 1 entities, in source file db/alt_u_div_uee.tdf
    Info (12023): Found entity 1: alt_u_div_uee File: /home/paok/Documents/Verilog_Labs/UpDown_Counter/db/alt_u_div_uee.tdf Line: 27
Info (12021): Found 1 design units, including 1 entities, in source file db/add_sub_t3c.tdf
    Info (12023): Found entity 1: add_sub_t3c File: /home/paok/Documents/Verilog_Labs/UpDown_Counter/db/add_sub_t3c.tdf Line: 23
Info (12021): Found 1 design units, including 1 entities, in source file db/add_sub_u3c.tdf
    Info (12023): Found entity 1: add_sub_u3c File: /home/paok/Documents/Verilog_Labs/UpDown_Counter/db/add_sub_u3c.tdf Line: 23
Warning (12241): 1 hierarchies have connectivity warnings - see the Connectivity Checks report folder
Info (286030): Timing-Driven Synthesis is running
Info (144001): Generated suppressed messages file /home/paok/Documents/Verilog_Labs/UpDown_Counter/output_files/UpDown.map.smsg
Info (16010): Generating hard_block partition "hard_block:auto_generated_inst"
    Info (16011): Adding 0 node(s), including 0 DDIO, 0 PLL, 0 transceiver and 0 LCELL
Info (21057): Implemented 168 device resources after synthesis - the final resource count might be different
    Info (21058): Implemented 4 input pins
    Info (21059): Implemented 14 output pins
    Info (21061): Implemented 150 logic cells
Info: Quartus Prime Analysis & Synthesis was successful. 0 errors, 4 warnings
    Info: Peak virtual memory: 695 megabytes
    Info: Processing ended: Tue Mar  1 08:13:06 2022
    Info: Elapsed time: 00:00:07
    Info: Total CPU time (on all processors): 00:00:19


+------------------------------------------+
; Analysis & Synthesis Suppressed Messages ;
+------------------------------------------+
The suppressed messages can be found in /home/paok/Documents/Verilog_Labs/UpDown_Counter/output_files/UpDown.map.smsg.


