Analysis & Synthesis report for factorialSum
Wed Mar  9 09:05:34 2022
Quartus Prime Version 20.1.1 Build 720 11/11/2020 SJ Lite Edition


---------------------
; Table of Contents ;
---------------------
  1. Legal Notice
  2. Analysis & Synthesis Summary
  3. Analysis & Synthesis Settings
  4. Parallel Compilation
  5. Analysis & Synthesis Source Files Read
  6. Analysis & Synthesis Resource Usage Summary
  7. Analysis & Synthesis Resource Utilization by Entity
  8. State Machine - |factorialSum|current_state
  9. User-Specified and Inferred Latches
 10. General Register Statistics
 11. Multiplexer Restructuring Statistics (Restructuring Performed)
 12. Parameter Settings for User Entity Instance: Top-level Entity: |factorialSum
 13. Parameter Settings for Inferred Entity Instance: lpm_divide:Mod0
 14. Parameter Settings for Inferred Entity Instance: lpm_divide:Div0
 15. Parameter Settings for Inferred Entity Instance: lpm_divide:Mod1
 16. Parameter Settings for Inferred Entity Instance: lpm_divide:Div1
 17. Port Connectivity Checks: "BCD:CENTENAS"
 18. Port Connectivity Checks: "BCD:DECENAS"
 19. Port Connectivity Checks: "BCD:UNITS"
 20. Port Connectivity Checks: "accumulator:PlsWork"
 21. Post-Synthesis Netlist Statistics for Top Partition
 22. Elapsed Time Per Partition
 23. Analysis & Synthesis Messages
 24. Analysis & Synthesis Suppressed Messages



----------------
; Legal Notice ;
----------------
Copyright (C) 2020  Intel Corporation. All rights reserved.
Your use of Intel Corporation's design tools, logic functions 
and other software and tools, and any partner logic 
functions, and any output files from any of the foregoing 
(including device programming or simulation files), and any 
associated documentation or information are expressly subject 
to the terms and conditions of the Intel Program License 
Subscription Agreement, the Intel Quartus Prime License Agreement,
the Intel FPGA IP License Agreement, or other applicable license
agreement, including, without limitation, that your use is for
the sole purpose of programming logic devices manufactured by
Intel and sold by Intel or its authorized distributors.  Please
refer to the applicable agreement for further details, at
https://fpgasoftware.intel.com/eula.



+----------------------------------------------------------------------------------+
; Analysis & Synthesis Summary                                                     ;
+------------------------------------+---------------------------------------------+
; Analysis & Synthesis Status        ; Successful - Wed Mar  9 09:05:34 2022       ;
; Quartus Prime Version              ; 20.1.1 Build 720 11/11/2020 SJ Lite Edition ;
; Revision Name                      ; factorialSum                                ;
; Top-level Entity Name              ; factorialSum                                ;
; Family                             ; MAX 10                                      ;
; Total logic elements               ; 423                                         ;
;     Total combinational functions  ; 423                                         ;
;     Dedicated logic registers      ; 53                                          ;
; Total registers                    ; 53                                          ;
; Total pins                         ; 32                                          ;
; Total virtual pins                 ; 0                                           ;
; Total memory bits                  ; 0                                           ;
; Embedded Multiplier 9-bit elements ; 0                                           ;
; Total PLLs                         ; 0                                           ;
; UFM blocks                         ; 0                                           ;
; ADC blocks                         ; 0                                           ;
+------------------------------------+---------------------------------------------+


+------------------------------------------------------------------------------------------------------------+
; Analysis & Synthesis Settings                                                                              ;
+------------------------------------------------------------------+--------------------+--------------------+
; Option                                                           ; Setting            ; Default Value      ;
+------------------------------------------------------------------+--------------------+--------------------+
; Device                                                           ; 10M50DAF484C7G     ;                    ;
; Top-level entity name                                            ; factorialSum       ; factorialSum       ;
; Family name                                                      ; MAX 10             ; Cyclone V          ;
; Use smart compilation                                            ; Off                ; Off                ;
; Enable parallel Assembler and Timing Analyzer during compilation ; On                 ; On                 ;
; Enable compact report table                                      ; Off                ; Off                ;
; Restructure Multiplexers                                         ; Auto               ; Auto               ;
; Create Debugging Nodes for IP Cores                              ; Off                ; Off                ;
; Preserve fewer node names                                        ; On                 ; On                 ;
; Intel FPGA IP Evaluation Mode                                    ; Enable             ; Enable             ;
; Verilog Version                                                  ; Verilog_2001       ; Verilog_2001       ;
; VHDL Version                                                     ; VHDL_1993          ; VHDL_1993          ;
; State Machine Processing                                         ; Auto               ; Auto               ;
; Safe State Machine                                               ; Off                ; Off                ;
; Extract Verilog State Machines                                   ; On                 ; On                 ;
; Extract VHDL State Machines                                      ; On                 ; On                 ;
; Ignore Verilog initial constructs                                ; Off                ; Off                ;
; Iteration limit for constant Verilog loops                       ; 5000               ; 5000               ;
; Iteration limit for non-constant Verilog loops                   ; 250                ; 250                ;
; Add Pass-Through Logic to Inferred RAMs                          ; On                 ; On                 ;
; Infer RAMs from Raw Logic                                        ; On                 ; On                 ;
; Parallel Synthesis                                               ; On                 ; On                 ;
; DSP Block Balancing                                              ; Auto               ; Auto               ;
; NOT Gate Push-Back                                               ; On                 ; On                 ;
; Power-Up Don't Care                                              ; On                 ; On                 ;
; Remove Redundant Logic Cells                                     ; Off                ; Off                ;
; Remove Duplicate Registers                                       ; On                 ; On                 ;
; Ignore CARRY Buffers                                             ; Off                ; Off                ;
; Ignore CASCADE Buffers                                           ; Off                ; Off                ;
; Ignore GLOBAL Buffers                                            ; Off                ; Off                ;
; Ignore ROW GLOBAL Buffers                                        ; Off                ; Off                ;
; Ignore LCELL Buffers                                             ; Off                ; Off                ;
; Ignore SOFT Buffers                                              ; On                 ; On                 ;
; Limit AHDL Integers to 32 Bits                                   ; Off                ; Off                ;
; Optimization Technique                                           ; Balanced           ; Balanced           ;
; Carry Chain Length                                               ; 70                 ; 70                 ;
; Auto Carry Chains                                                ; On                 ; On                 ;
; Auto Open-Drain Pins                                             ; On                 ; On                 ;
; Perform WYSIWYG Primitive Resynthesis                            ; Off                ; Off                ;
; Auto ROM Replacement                                             ; On                 ; On                 ;
; Auto RAM Replacement                                             ; On                 ; On                 ;
; Auto DSP Block Replacement                                       ; On                 ; On                 ;
; Auto Shift Register Replacement                                  ; Auto               ; Auto               ;
; Allow Shift Register Merging across Hierarchies                  ; Auto               ; Auto               ;
; Auto Clock Enable Replacement                                    ; On                 ; On                 ;
; Strict RAM Replacement                                           ; Off                ; Off                ;
; Allow Synchronous Control Signals                                ; On                 ; On                 ;
; Force Use of Synchronous Clear Signals                           ; Off                ; Off                ;
; Auto RAM Block Balancing                                         ; On                 ; On                 ;
; Auto RAM to Logic Cell Conversion                                ; Off                ; Off                ;
; Auto Resource Sharing                                            ; Off                ; Off                ;
; Allow Any RAM Size For Recognition                               ; Off                ; Off                ;
; Allow Any ROM Size For Recognition                               ; Off                ; Off                ;
; Allow Any Shift Register Size For Recognition                    ; Off                ; Off                ;
; Use LogicLock Constraints during Resource Balancing              ; On                 ; On                 ;
; Ignore translate_off and synthesis_off directives                ; Off                ; Off                ;
; Timing-Driven Synthesis                                          ; On                 ; On                 ;
; Report Parameter Settings                                        ; On                 ; On                 ;
; Report Source Assignments                                        ; On                 ; On                 ;
; Report Connectivity Checks                                       ; On                 ; On                 ;
; Ignore Maximum Fan-Out Assignments                               ; Off                ; Off                ;
; Synchronization Register Chain Length                            ; 2                  ; 2                  ;
; Power Optimization During Synthesis                              ; Normal compilation ; Normal compilation ;
; HDL message level                                                ; Level2             ; Level2             ;
; Suppress Register Optimization Related Messages                  ; Off                ; Off                ;
; Number of Removed Registers Reported in Synthesis Report         ; 5000               ; 5000               ;
; Number of Swept Nodes Reported in Synthesis Report               ; 5000               ; 5000               ;
; Number of Inverted Registers Reported in Synthesis Report        ; 100                ; 100                ;
; Clock MUX Protection                                             ; On                 ; On                 ;
; Auto Gated Clock Conversion                                      ; Off                ; Off                ;
; Block Design Naming                                              ; Auto               ; Auto               ;
; SDC constraint protection                                        ; Off                ; Off                ;
; Synthesis Effort                                                 ; Auto               ; Auto               ;
; Shift Register Replacement - Allow Asynchronous Clear Signal     ; On                 ; On                 ;
; Pre-Mapping Resynthesis Optimization                             ; Off                ; Off                ;
; Analysis & Synthesis Message Level                               ; Medium             ; Medium             ;
; Disable Register Merging Across Hierarchies                      ; Auto               ; Auto               ;
; Resource Aware Inference For Block RAM                           ; On                 ; On                 ;
+------------------------------------------------------------------+--------------------+--------------------+


+------------------------------------------+
; Parallel Compilation                     ;
+----------------------------+-------------+
; Processors                 ; Number      ;
+----------------------------+-------------+
; Number detected on machine ; 16          ;
; Maximum allowed            ; 16          ;
;                            ;             ;
; Average used               ; 1.00        ;
; Maximum used               ; 16          ;
;                            ;             ;
; Usage by Processor         ; % Time Used ;
;     Processor 1            ; 100.0%      ;
;     Processor 2            ;   0.0%      ;
;     Processors 3-16        ;   0.0%      ;
+----------------------------+-------------+


+----------------------------------------------------------------------------------------------------------------------------------------------------------------------------------+
; Analysis & Synthesis Source Files Read                                                                                                                                           ;
+----------------------------------+-----------------+------------------------------+------------------------------------------------------------------------------------+---------+
; File Name with User-Entered Path ; Used in Netlist ; File Type                    ; File Name with Absolute Path                                                       ; Library ;
+----------------------------------+-----------------+------------------------------+------------------------------------------------------------------------------------+---------+
; factorialSum.v                   ; yes             ; User Verilog HDL File        ; /home/paok/Documents/Verilog_Labs/Factorial_Sum/factorialSum.v                     ;         ;
; BCD.v                            ; yes             ; User Verilog HDL File        ; /home/paok/Documents/Verilog_Labs/Factorial_Sum/BCD.v                              ;         ;
; accumulator.v                    ; yes             ; User Verilog HDL File        ; /home/paok/Documents/Verilog_Labs/Factorial_Sum/accumulator.v                      ;         ;
; clk_divider.v                    ; yes             ; User Verilog HDL File        ; /home/paok/Documents/Verilog_Labs/Factorial_Sum/clk_divider.v                      ;         ;
; lpm_divide.tdf                   ; yes             ; Megafunction                 ; /home/paok/intelFPGA_lite/20.1/quartus/libraries/megafunctions/lpm_divide.tdf      ;         ;
; abs_divider.inc                  ; yes             ; Megafunction                 ; /home/paok/intelFPGA_lite/20.1/quartus/libraries/megafunctions/abs_divider.inc     ;         ;
; sign_div_unsign.inc              ; yes             ; Megafunction                 ; /home/paok/intelFPGA_lite/20.1/quartus/libraries/megafunctions/sign_div_unsign.inc ;         ;
; aglobal201.inc                   ; yes             ; Megafunction                 ; /home/paok/intelFPGA_lite/20.1/quartus/libraries/megafunctions/aglobal201.inc      ;         ;
; db/lpm_divide_lll.tdf            ; yes             ; Auto-Generated Megafunction  ; /home/paok/Documents/Verilog_Labs/Factorial_Sum/db/lpm_divide_lll.tdf              ;         ;
; db/sign_div_unsign_klh.tdf       ; yes             ; Auto-Generated Megafunction  ; /home/paok/Documents/Verilog_Labs/Factorial_Sum/db/sign_div_unsign_klh.tdf         ;         ;
; db/alt_u_div_ihe.tdf             ; yes             ; Auto-Generated Megafunction  ; /home/paok/Documents/Verilog_Labs/Factorial_Sum/db/alt_u_div_ihe.tdf               ;         ;
; db/add_sub_t3c.tdf               ; yes             ; Auto-Generated Megafunction  ; /home/paok/Documents/Verilog_Labs/Factorial_Sum/db/add_sub_t3c.tdf                 ;         ;
; db/add_sub_u3c.tdf               ; yes             ; Auto-Generated Megafunction  ; /home/paok/Documents/Verilog_Labs/Factorial_Sum/db/add_sub_u3c.tdf                 ;         ;
; db/lpm_divide_itl.tdf            ; yes             ; Auto-Generated Megafunction  ; /home/paok/Documents/Verilog_Labs/Factorial_Sum/db/lpm_divide_itl.tdf              ;         ;
; db/lpm_divide_ltl.tdf            ; yes             ; Auto-Generated Megafunction  ; /home/paok/Documents/Verilog_Labs/Factorial_Sum/db/lpm_divide_ltl.tdf              ;         ;
; db/sign_div_unsign_nlh.tdf       ; yes             ; Auto-Generated Megafunction  ; /home/paok/Documents/Verilog_Labs/Factorial_Sum/db/sign_div_unsign_nlh.tdf         ;         ;
; db/alt_u_div_ohe.tdf             ; yes             ; Auto-Generated Megafunction  ; /home/paok/Documents/Verilog_Labs/Factorial_Sum/db/alt_u_div_ohe.tdf               ;         ;
+----------------------------------+-----------------+------------------------------+------------------------------------------------------------------------------------+---------+


+---------------------------------------------------------+
; Analysis & Synthesis Resource Usage Summary             ;
+---------------------------------------------+-----------+
; Resource                                    ; Usage     ;
+---------------------------------------------+-----------+
; Estimated Total logic elements              ; 423       ;
;                                             ;           ;
; Total combinational functions               ; 423       ;
; Logic element usage by number of LUT inputs ;           ;
;     -- 4 input functions                    ; 77        ;
;     -- 3 input functions                    ; 125       ;
;     -- <=2 input functions                  ; 221       ;
;                                             ;           ;
; Logic elements by mode                      ;           ;
;     -- normal mode                          ; 285       ;
;     -- arithmetic mode                      ; 138       ;
;                                             ;           ;
; Total registers                             ; 53        ;
;     -- Dedicated logic registers            ; 53        ;
;     -- I/O registers                        ; 0         ;
;                                             ;           ;
; I/O pins                                    ; 32        ;
;                                             ;           ;
; Embedded Multiplier 9-bit elements          ; 0         ;
;                                             ;           ;
; Maximum fan-out node                        ; rst~input ;
; Maximum fan-out                             ; 36        ;
; Total fan-out                               ; 1296      ;
; Average fan-out                             ; 2.40      ;
+---------------------------------------------+-----------+


+--------------------------------------------------------------------------------------------------------------------------------------------------------------------------------------------------------------------------------------------------------------------------------------------------------------------------------------------------+
; Analysis & Synthesis Resource Utilization by Entity                                                                                                                                                                                                                                                                                              ;
+----------------------------------------+---------------------+---------------------------+-------------+------------+--------------+---------+-----------+------+--------------+------------+---------------------------------------------------------------------------------------------------------------+---------------------+--------------+
; Compilation Hierarchy Node             ; Combinational ALUTs ; Dedicated Logic Registers ; Memory Bits ; UFM Blocks ; DSP Elements ; DSP 9x9 ; DSP 18x18 ; Pins ; Virtual Pins ; ADC blocks ; Full Hierarchy Name                                                                                           ; Entity Name         ; Library Name ;
+----------------------------------------+---------------------+---------------------------+-------------+------------+--------------+---------+-----------+------+--------------+------------+---------------------------------------------------------------------------------------------------------------+---------------------+--------------+
; |factorialSum                          ; 423 (31)            ; 53 (3)                    ; 0           ; 0          ; 0            ; 0       ; 0         ; 32   ; 0            ; 0          ; |factorialSum                                                                                                 ; factorialSum        ; work         ;
;    |BCD:CENTENAS|                      ; 7 (7)               ; 0 (0)                     ; 0           ; 0          ; 0            ; 0       ; 0         ; 0    ; 0            ; 0          ; |factorialSum|BCD:CENTENAS                                                                                    ; BCD                 ; work         ;
;    |BCD:DECENAS|                       ; 7 (7)               ; 0 (0)                     ; 0           ; 0          ; 0            ; 0       ; 0         ; 0    ; 0            ; 0          ; |factorialSum|BCD:DECENAS                                                                                     ; BCD                 ; work         ;
;    |BCD:UNITS|                         ; 7 (7)               ; 0 (0)                     ; 0           ; 0          ; 0            ; 0       ; 0         ; 0    ; 0            ; 0          ; |factorialSum|BCD:UNITS                                                                                       ; BCD                 ; work         ;
;    |accumulator:PlsWork|               ; 30 (30)             ; 17 (17)                   ; 0           ; 0          ; 0            ; 0       ; 0         ; 0    ; 0            ; 0          ; |factorialSum|accumulator:PlsWork                                                                             ; accumulator         ; work         ;
;    |clk_divider:New_Clock|             ; 53 (53)             ; 33 (33)                   ; 0           ; 0          ; 0            ; 0       ; 0         ; 0    ; 0            ; 0          ; |factorialSum|clk_divider:New_Clock                                                                           ; clk_divider         ; work         ;
;    |lpm_divide:Div0|                   ; 82 (0)              ; 0 (0)                     ; 0           ; 0          ; 0            ; 0       ; 0         ; 0    ; 0            ; 0          ; |factorialSum|lpm_divide:Div0                                                                                 ; lpm_divide          ; work         ;
;       |lpm_divide_itl:auto_generated|  ; 82 (0)              ; 0 (0)                     ; 0           ; 0          ; 0            ; 0       ; 0         ; 0    ; 0            ; 0          ; |factorialSum|lpm_divide:Div0|lpm_divide_itl:auto_generated                                                   ; lpm_divide_itl      ; work         ;
;          |sign_div_unsign_klh:divider| ; 82 (0)              ; 0 (0)                     ; 0           ; 0          ; 0            ; 0       ; 0         ; 0    ; 0            ; 0          ; |factorialSum|lpm_divide:Div0|lpm_divide_itl:auto_generated|sign_div_unsign_klh:divider                       ; sign_div_unsign_klh ; work         ;
;             |alt_u_div_ihe:divider|    ; 82 (82)             ; 0 (0)                     ; 0           ; 0          ; 0            ; 0       ; 0         ; 0    ; 0            ; 0          ; |factorialSum|lpm_divide:Div0|lpm_divide_itl:auto_generated|sign_div_unsign_klh:divider|alt_u_div_ihe:divider ; alt_u_div_ihe       ; work         ;
;    |lpm_divide:Div1|                   ; 69 (0)              ; 0 (0)                     ; 0           ; 0          ; 0            ; 0       ; 0         ; 0    ; 0            ; 0          ; |factorialSum|lpm_divide:Div1                                                                                 ; lpm_divide          ; work         ;
;       |lpm_divide_ltl:auto_generated|  ; 69 (0)              ; 0 (0)                     ; 0           ; 0          ; 0            ; 0       ; 0         ; 0    ; 0            ; 0          ; |factorialSum|lpm_divide:Div1|lpm_divide_ltl:auto_generated                                                   ; lpm_divide_ltl      ; work         ;
;          |sign_div_unsign_nlh:divider| ; 69 (0)              ; 0 (0)                     ; 0           ; 0          ; 0            ; 0       ; 0         ; 0    ; 0            ; 0          ; |factorialSum|lpm_divide:Div1|lpm_divide_ltl:auto_generated|sign_div_unsign_nlh:divider                       ; sign_div_unsign_nlh ; work         ;
;             |alt_u_div_ohe:divider|    ; 69 (69)             ; 0 (0)                     ; 0           ; 0          ; 0            ; 0       ; 0         ; 0    ; 0            ; 0          ; |factorialSum|lpm_divide:Div1|lpm_divide_ltl:auto_generated|sign_div_unsign_nlh:divider|alt_u_div_ohe:divider ; alt_u_div_ohe       ; work         ;
;    |lpm_divide:Mod0|                   ; 85 (0)              ; 0 (0)                     ; 0           ; 0          ; 0            ; 0       ; 0         ; 0    ; 0            ; 0          ; |factorialSum|lpm_divide:Mod0                                                                                 ; lpm_divide          ; work         ;
;       |lpm_divide_lll:auto_generated|  ; 85 (0)              ; 0 (0)                     ; 0           ; 0          ; 0            ; 0       ; 0         ; 0    ; 0            ; 0          ; |factorialSum|lpm_divide:Mod0|lpm_divide_lll:auto_generated                                                   ; lpm_divide_lll      ; work         ;
;          |sign_div_unsign_klh:divider| ; 85 (0)              ; 0 (0)                     ; 0           ; 0          ; 0            ; 0       ; 0         ; 0    ; 0            ; 0          ; |factorialSum|lpm_divide:Mod0|lpm_divide_lll:auto_generated|sign_div_unsign_klh:divider                       ; sign_div_unsign_klh ; work         ;
;             |alt_u_div_ihe:divider|    ; 85 (85)             ; 0 (0)                     ; 0           ; 0          ; 0            ; 0       ; 0         ; 0    ; 0            ; 0          ; |factorialSum|lpm_divide:Mod0|lpm_divide_lll:auto_generated|sign_div_unsign_klh:divider|alt_u_div_ihe:divider ; alt_u_div_ihe       ; work         ;
;    |lpm_divide:Mod1|                   ; 52 (0)              ; 0 (0)                     ; 0           ; 0          ; 0            ; 0       ; 0         ; 0    ; 0            ; 0          ; |factorialSum|lpm_divide:Mod1                                                                                 ; lpm_divide          ; work         ;
;       |lpm_divide_lll:auto_generated|  ; 52 (0)              ; 0 (0)                     ; 0           ; 0          ; 0            ; 0       ; 0         ; 0    ; 0            ; 0          ; |factorialSum|lpm_divide:Mod1|lpm_divide_lll:auto_generated                                                   ; lpm_divide_lll      ; work         ;
;          |sign_div_unsign_klh:divider| ; 52 (0)              ; 0 (0)                     ; 0           ; 0          ; 0            ; 0       ; 0         ; 0    ; 0            ; 0          ; |factorialSum|lpm_divide:Mod1|lpm_divide_lll:auto_generated|sign_div_unsign_klh:divider                       ; sign_div_unsign_klh ; work         ;
;             |alt_u_div_ihe:divider|    ; 52 (52)             ; 0 (0)                     ; 0           ; 0          ; 0            ; 0       ; 0         ; 0    ; 0            ; 0          ; |factorialSum|lpm_divide:Mod1|lpm_divide_lll:auto_generated|sign_div_unsign_klh:divider|alt_u_div_ihe:divider ; alt_u_div_ihe       ; work         ;
+----------------------------------------+---------------------+---------------------------+-------------+------------+--------------+---------+-----------+------+--------------+------------+---------------------------------------------------------------------------------------------------------------+---------------------+--------------+
Note: For table entries with two numbers listed, the numbers in parentheses indicate the number of resources of the given type used by the specific entity alone. The numbers listed outside of parentheses indicate the total resources of the given type used by the specific entity and all of its sub-entities in the hierarchy.


Encoding Type:  One-Hot
+-----------------------------------------------------------------------------------------+
; State Machine - |factorialSum|current_state                                             ;
+-----------------------+--------------------+--------------------+-----------------------+
; Name                  ; current_state.idle ; current_state.done ; current_state.compute ;
+-----------------------+--------------------+--------------------+-----------------------+
; current_state.idle    ; 0                  ; 0                  ; 0                     ;
; current_state.compute ; 1                  ; 0                  ; 1                     ;
; current_state.done    ; 1                  ; 1                  ; 0                     ;
+-----------------------+--------------------+--------------------+-----------------------+


+------------------------------------------------------------------------------------------------------+
; User-Specified and Inferred Latches                                                                  ;
+-----------------------------------------------------+-----------------------+------------------------+
; Latch Name                                          ; Latch Enable Signal   ; Free of Timing Hazards ;
+-----------------------------------------------------+-----------------------+------------------------+
; statusLed[0]$latch                                  ; current_state.done    ; yes                    ;
; statusLed[1]$latch                                  ; current_state.compute ; yes                    ;
; result[0]                                           ; current_state.done    ; yes                    ;
; result[1]                                           ; current_state.done    ; yes                    ;
; result[2]                                           ; current_state.done    ; yes                    ;
; result[3]                                           ; current_state.done    ; yes                    ;
; target[5]                                           ; current_state.idle    ; yes                    ;
; target[4]                                           ; current_state.idle    ; yes                    ;
; target[3]                                           ; current_state.idle    ; yes                    ;
; target[2]                                           ; current_state.idle    ; yes                    ;
; target[1]                                           ; current_state.idle    ; yes                    ;
; target[0]                                           ; current_state.idle    ; yes                    ;
; result[4]                                           ; current_state.done    ; yes                    ;
; result[5]                                           ; current_state.done    ; yes                    ;
; result[6]                                           ; current_state.done    ; yes                    ;
; result[7]                                           ; current_state.done    ; yes                    ;
; result[8]                                           ; current_state.done    ; yes                    ;
; result[9]                                           ; current_state.done    ; yes                    ;
; Number of user-specified and inferred latches = 18  ;                       ;                        ;
+-----------------------------------------------------+-----------------------+------------------------+
Note: All latches listed above may not be present at the end of synthesis due to various synthesis optimizations.


+------------------------------------------------------+
; General Register Statistics                          ;
+----------------------------------------------+-------+
; Statistic                                    ; Value ;
+----------------------------------------------+-------+
; Total registers                              ; 53    ;
; Number of registers using Synchronous Clear  ; 10    ;
; Number of registers using Synchronous Load   ; 0     ;
; Number of registers using Asynchronous Clear ; 36    ;
; Number of registers using Asynchronous Load  ; 0     ;
; Number of registers using Clock Enable       ; 16    ;
; Number of registers using Preset             ; 0     ;
+----------------------------------------------+-------+


+----------------------------------------------------------------------------------------------------------------------------------------------------------+
; Multiplexer Restructuring Statistics (Restructuring Performed)                                                                                           ;
+--------------------+-----------+---------------+----------------------+------------------------+------------+--------------------------------------------+
; Multiplexer Inputs ; Bus Width ; Baseline Area ; Area if Restructured ; Saving if Restructured ; Registered ; Example Multiplexer Output                 ;
+--------------------+-----------+---------------+----------------------+------------------------+------------+--------------------------------------------+
; 3:1                ; 16 bits   ; 32 LEs        ; 16 LEs               ; 16 LEs                 ; Yes        ; |factorialSum|accumulator:PlsWork|count[4] ;
+--------------------+-----------+---------------+----------------------+------------------------+------------+--------------------------------------------+


+------------------------------------------------------------------------------+
; Parameter Settings for User Entity Instance: Top-level Entity: |factorialSum ;
+----------------+-------+-----------------------------------------------------+
; Parameter Name ; Value ; Type                                                ;
+----------------+-------+-----------------------------------------------------+
; idle           ; 0     ; Signed Integer                                      ;
; compute        ; 1     ; Signed Integer                                      ;
; done           ; 2     ; Signed Integer                                      ;
+----------------+-------+-----------------------------------------------------+
Note: In order to hide this table in the UI and the text report file, please set the "Show Parameter Settings in Synthesis Report" option in "Analysis and Synthesis Settings -> More Settings" to "Off".


+------------------------------------------------------------------+
; Parameter Settings for Inferred Entity Instance: lpm_divide:Mod0 ;
+------------------------+----------------+------------------------+
; Parameter Name         ; Value          ; Type                   ;
+------------------------+----------------+------------------------+
; LPM_WIDTHN             ; 10             ; Untyped                ;
; LPM_WIDTHD             ; 4              ; Untyped                ;
; LPM_NREPRESENTATION    ; UNSIGNED       ; Untyped                ;
; LPM_DREPRESENTATION    ; UNSIGNED       ; Untyped                ;
; LPM_PIPELINE           ; 0              ; Untyped                ;
; LPM_REMAINDERPOSITIVE  ; TRUE           ; Untyped                ;
; MAXIMIZE_SPEED         ; 5              ; Untyped                ;
; CBXI_PARAMETER         ; lpm_divide_lll ; Untyped                ;
; CARRY_CHAIN            ; MANUAL         ; Untyped                ;
; OPTIMIZE_FOR_SPEED     ; 5              ; Untyped                ;
; AUTO_CARRY_CHAINS      ; ON             ; AUTO_CARRY             ;
; IGNORE_CARRY_BUFFERS   ; OFF            ; IGNORE_CARRY           ;
; AUTO_CASCADE_CHAINS    ; ON             ; AUTO_CASCADE           ;
; IGNORE_CASCADE_BUFFERS ; OFF            ; IGNORE_CASCADE         ;
+------------------------+----------------+------------------------+
Note: In order to hide this table in the UI and the text report file, please set the "Show Parameter Settings in Synthesis Report" option in "Analysis and Synthesis Settings -> More Settings" to "Off".


+------------------------------------------------------------------+
; Parameter Settings for Inferred Entity Instance: lpm_divide:Div0 ;
+------------------------+----------------+------------------------+
; Parameter Name         ; Value          ; Type                   ;
+------------------------+----------------+------------------------+
; LPM_WIDTHN             ; 10             ; Untyped                ;
; LPM_WIDTHD             ; 4              ; Untyped                ;
; LPM_NREPRESENTATION    ; UNSIGNED       ; Untyped                ;
; LPM_DREPRESENTATION    ; UNSIGNED       ; Untyped                ;
; LPM_PIPELINE           ; 0              ; Untyped                ;
; LPM_REMAINDERPOSITIVE  ; TRUE           ; Untyped                ;
; MAXIMIZE_SPEED         ; 5              ; Untyped                ;
; CBXI_PARAMETER         ; lpm_divide_itl ; Untyped                ;
; CARRY_CHAIN            ; MANUAL         ; Untyped                ;
; OPTIMIZE_FOR_SPEED     ; 5              ; Untyped                ;
; AUTO_CARRY_CHAINS      ; ON             ; AUTO_CARRY             ;
; IGNORE_CARRY_BUFFERS   ; OFF            ; IGNORE_CARRY           ;
; AUTO_CASCADE_CHAINS    ; ON             ; AUTO_CASCADE           ;
; IGNORE_CASCADE_BUFFERS ; OFF            ; IGNORE_CASCADE         ;
+------------------------+----------------+------------------------+
Note: In order to hide this table in the UI and the text report file, please set the "Show Parameter Settings in Synthesis Report" option in "Analysis and Synthesis Settings -> More Settings" to "Off".


+------------------------------------------------------------------+
; Parameter Settings for Inferred Entity Instance: lpm_divide:Mod1 ;
+------------------------+----------------+------------------------+
; Parameter Name         ; Value          ; Type                   ;
+------------------------+----------------+------------------------+
; LPM_WIDTHN             ; 10             ; Untyped                ;
; LPM_WIDTHD             ; 4              ; Untyped                ;
; LPM_NREPRESENTATION    ; UNSIGNED       ; Untyped                ;
; LPM_DREPRESENTATION    ; UNSIGNED       ; Untyped                ;
; LPM_PIPELINE           ; 0              ; Untyped                ;
; LPM_REMAINDERPOSITIVE  ; TRUE           ; Untyped                ;
; MAXIMIZE_SPEED         ; 5              ; Untyped                ;
; CBXI_PARAMETER         ; lpm_divide_lll ; Untyped                ;
; CARRY_CHAIN            ; MANUAL         ; Untyped                ;
; OPTIMIZE_FOR_SPEED     ; 5              ; Untyped                ;
; AUTO_CARRY_CHAINS      ; ON             ; AUTO_CARRY             ;
; IGNORE_CARRY_BUFFERS   ; OFF            ; IGNORE_CARRY           ;
; AUTO_CASCADE_CHAINS    ; ON             ; AUTO_CASCADE           ;
; IGNORE_CASCADE_BUFFERS ; OFF            ; IGNORE_CASCADE         ;
+------------------------+----------------+------------------------+
Note: In order to hide this table in the UI and the text report file, please set the "Show Parameter Settings in Synthesis Report" option in "Analysis and Synthesis Settings -> More Settings" to "Off".


+------------------------------------------------------------------+
; Parameter Settings for Inferred Entity Instance: lpm_divide:Div1 ;
+------------------------+----------------+------------------------+
; Parameter Name         ; Value          ; Type                   ;
+------------------------+----------------+------------------------+
; LPM_WIDTHN             ; 10             ; Untyped                ;
; LPM_WIDTHD             ; 7              ; Untyped                ;
; LPM_NREPRESENTATION    ; UNSIGNED       ; Untyped                ;
; LPM_DREPRESENTATION    ; UNSIGNED       ; Untyped                ;
; LPM_PIPELINE           ; 0              ; Untyped                ;
; LPM_REMAINDERPOSITIVE  ; TRUE           ; Untyped                ;
; MAXIMIZE_SPEED         ; 5              ; Untyped                ;
; CBXI_PARAMETER         ; lpm_divide_ltl ; Untyped                ;
; CARRY_CHAIN            ; MANUAL         ; Untyped                ;
; OPTIMIZE_FOR_SPEED     ; 5              ; Untyped                ;
; AUTO_CARRY_CHAINS      ; ON             ; AUTO_CARRY             ;
; IGNORE_CARRY_BUFFERS   ; OFF            ; IGNORE_CARRY           ;
; AUTO_CASCADE_CHAINS    ; ON             ; AUTO_CASCADE           ;
; IGNORE_CASCADE_BUFFERS ; OFF            ; IGNORE_CASCADE         ;
+------------------------+----------------+------------------------+
Note: In order to hide this table in the UI and the text report file, please set the "Show Parameter Settings in Synthesis Report" option in "Analysis and Synthesis Settings -> More Settings" to "Off".


+-----------------------------------------------------------------------------------------------------------------------------------------------------------------------+
; Port Connectivity Checks: "BCD:CENTENAS"                                                                                                                              ;
+------+-------+----------+---------------------------------------------------------------------------------------------------------------------------------------------+
; Port ; Type  ; Severity ; Details                                                                                                                                     ;
+------+-------+----------+---------------------------------------------------------------------------------------------------------------------------------------------+
; num  ; Input ; Warning  ; Input port expression (4 bits) is smaller than the input port (6 bits) it drives.  Extra input bit(s) "num[5..4]" will be connected to GND. ;
+------+-------+----------+---------------------------------------------------------------------------------------------------------------------------------------------+


+-----------------------------------------------------------------------------------------------------------------------------------------------------------------------+
; Port Connectivity Checks: "BCD:DECENAS"                                                                                                                               ;
+------+-------+----------+---------------------------------------------------------------------------------------------------------------------------------------------+
; Port ; Type  ; Severity ; Details                                                                                                                                     ;
+------+-------+----------+---------------------------------------------------------------------------------------------------------------------------------------------+
; num  ; Input ; Warning  ; Input port expression (4 bits) is smaller than the input port (6 bits) it drives.  Extra input bit(s) "num[5..4]" will be connected to GND. ;
+------+-------+----------+---------------------------------------------------------------------------------------------------------------------------------------------+


+-----------------------------------------------------------------------------------------------------------------------------------------------------------------------+
; Port Connectivity Checks: "BCD:UNITS"                                                                                                                                 ;
+------+-------+----------+---------------------------------------------------------------------------------------------------------------------------------------------+
; Port ; Type  ; Severity ; Details                                                                                                                                     ;
+------+-------+----------+---------------------------------------------------------------------------------------------------------------------------------------------+
; num  ; Input ; Warning  ; Input port expression (4 bits) is smaller than the input port (6 bits) it drives.  Extra input bit(s) "num[5..4]" will be connected to GND. ;
+------+-------+----------+---------------------------------------------------------------------------------------------------------------------------------------------+


+----------------------------------------------------------------------------------------------------------------------------------------------------------------------------------------------------------+
; Port Connectivity Checks: "accumulator:PlsWork"                                                                                                                                                          ;
+-------------+--------+----------+------------------------------------------------------------------------------------------------------------------------------------------------------------------------+
; Port        ; Type   ; Severity ; Details                                                                                                                                                                ;
+-------------+--------+----------+------------------------------------------------------------------------------------------------------------------------------------------------------------------------+
; count       ; Output ; Warning  ; Output or bidir port (6 bits) is smaller than the port expression (10 bits) it drives.  The 4 most-significant bit(s) in the port expression will be connected to GND. ;
; count[5..0] ; Output ; Info     ; Connected to dangling logic. Logic that only feeds a dangling port will be removed.                                                                                    ;
+-------------+--------+----------+------------------------------------------------------------------------------------------------------------------------------------------------------------------------+


+-----------------------------------------------------+
; Post-Synthesis Netlist Statistics for Top Partition ;
+-----------------------+-----------------------------+
; Type                  ; Count                       ;
+-----------------------+-----------------------------+
; boundary_port         ; 32                          ;
; cycloneiii_ff         ; 53                          ;
;     CLR               ; 36                          ;
;     ENA               ; 6                           ;
;     ENA SCLR          ; 10                          ;
;     plain             ; 1                           ;
; cycloneiii_lcell_comb ; 426                         ;
;     arith             ; 138                         ;
;         1 data inputs ; 1                           ;
;         2 data inputs ; 48                          ;
;         3 data inputs ; 89                          ;
;     normal            ; 288                         ;
;         0 data inputs ; 22                          ;
;         1 data inputs ; 10                          ;
;         2 data inputs ; 143                         ;
;         3 data inputs ; 36                          ;
;         4 data inputs ; 77                          ;
;                       ;                             ;
; Max LUT depth         ; 19.70                       ;
; Average LUT depth     ; 11.79                       ;
+-----------------------+-----------------------------+


+-------------------------------+
; Elapsed Time Per Partition    ;
+----------------+--------------+
; Partition Name ; Elapsed Time ;
+----------------+--------------+
; Top            ; 00:00:00     ;
+----------------+--------------+


+-------------------------------+
; Analysis & Synthesis Messages ;
+-------------------------------+
Info: *******************************************************************
Info: Running Quartus Prime Analysis & Synthesis
    Info: Version 20.1.1 Build 720 11/11/2020 SJ Lite Edition
    Info: Processing started: Wed Mar  9 09:05:28 2022
Info: Command: quartus_map --read_settings_files=on --write_settings_files=off factorialSum -c factorialSum
Warning (18236): Number of processors has not been specified which may cause overloading on shared machines.  Set the global assignment NUM_PARALLEL_PROCESSORS in your QSF to an appropriate value for best performance.
Info (20030): Parallel compilation is enabled and will use 16 of the 16 processors detected
Info (12021): Found 1 design units, including 1 entities, in source file factorialSum.v
    Info (12023): Found entity 1: factorialSum File: /home/paok/Documents/Verilog_Labs/Factorial_Sum/factorialSum.v Line: 1
Info (12021): Found 1 design units, including 1 entities, in source file BCD.v
    Info (12023): Found entity 1: BCD File: /home/paok/Documents/Verilog_Labs/Factorial_Sum/BCD.v Line: 1
Info (12021): Found 1 design units, including 1 entities, in source file accumulator.v
    Info (12023): Found entity 1: accumulator File: /home/paok/Documents/Verilog_Labs/Factorial_Sum/accumulator.v Line: 1
Info (12021): Found 1 design units, including 1 entities, in source file clk_divider.v
    Info (12023): Found entity 1: clk_divider File: /home/paok/Documents/Verilog_Labs/Factorial_Sum/clk_divider.v Line: 1
Info (12127): Elaborating entity "factorialSum" for the top level hierarchy
Warning (10230): Verilog HDL assignment warning at factorialSum.v(37): truncated value with size 32 to match size of target (4) File: /home/paok/Documents/Verilog_Labs/Factorial_Sum/factorialSum.v Line: 37
Warning (10230): Verilog HDL assignment warning at factorialSum.v(38): truncated value with size 32 to match size of target (4) File: /home/paok/Documents/Verilog_Labs/Factorial_Sum/factorialSum.v Line: 38
Warning (10230): Verilog HDL assignment warning at factorialSum.v(39): truncated value with size 32 to match size of target (4) File: /home/paok/Documents/Verilog_Labs/Factorial_Sum/factorialSum.v Line: 39
Warning (10235): Verilog HDL Always Construct warning at factorialSum.v(82): variable "current_state" is read inside the Always Construct but isn't in the Always Construct's Event Control File: /home/paok/Documents/Verilog_Labs/Factorial_Sum/factorialSum.v Line: 82
Warning (10235): Verilog HDL Always Construct warning at factorialSum.v(107): variable "num" is read inside the Always Construct but isn't in the Always Construct's Event Control File: /home/paok/Documents/Verilog_Labs/Factorial_Sum/factorialSum.v Line: 107
Warning (10235): Verilog HDL Always Construct warning at factorialSum.v(117): variable "accum" is read inside the Always Construct but isn't in the Always Construct's Event Control File: /home/paok/Documents/Verilog_Labs/Factorial_Sum/factorialSum.v Line: 117
Warning (10240): Verilog HDL Always Construct warning at factorialSum.v(102): inferring latch(es) for variable "target", which holds its previous value in one or more paths through the always construct File: /home/paok/Documents/Verilog_Labs/Factorial_Sum/factorialSum.v Line: 102
Warning (10240): Verilog HDL Always Construct warning at factorialSum.v(102): inferring latch(es) for variable "result", which holds its previous value in one or more paths through the always construct File: /home/paok/Documents/Verilog_Labs/Factorial_Sum/factorialSum.v Line: 102
Warning (10240): Verilog HDL Always Construct warning at factorialSum.v(102): inferring latch(es) for variable "statusLed", which holds its previous value in one or more paths through the always construct File: /home/paok/Documents/Verilog_Labs/Factorial_Sum/factorialSum.v Line: 102
Info (10041): Inferred latch for "statusLed[0]" at factorialSum.v(102) File: /home/paok/Documents/Verilog_Labs/Factorial_Sum/factorialSum.v Line: 102
Info (10041): Inferred latch for "statusLed[1]" at factorialSum.v(102) File: /home/paok/Documents/Verilog_Labs/Factorial_Sum/factorialSum.v Line: 102
Info (10041): Inferred latch for "result[0]" at factorialSum.v(102) File: /home/paok/Documents/Verilog_Labs/Factorial_Sum/factorialSum.v Line: 102
Info (10041): Inferred latch for "result[1]" at factorialSum.v(102) File: /home/paok/Documents/Verilog_Labs/Factorial_Sum/factorialSum.v Line: 102
Info (10041): Inferred latch for "result[2]" at factorialSum.v(102) File: /home/paok/Documents/Verilog_Labs/Factorial_Sum/factorialSum.v Line: 102
Info (10041): Inferred latch for "result[3]" at factorialSum.v(102) File: /home/paok/Documents/Verilog_Labs/Factorial_Sum/factorialSum.v Line: 102
Info (10041): Inferred latch for "result[4]" at factorialSum.v(102) File: /home/paok/Documents/Verilog_Labs/Factorial_Sum/factorialSum.v Line: 102
Info (10041): Inferred latch for "result[5]" at factorialSum.v(102) File: /home/paok/Documents/Verilog_Labs/Factorial_Sum/factorialSum.v Line: 102
Info (10041): Inferred latch for "result[6]" at factorialSum.v(102) File: /home/paok/Documents/Verilog_Labs/Factorial_Sum/factorialSum.v Line: 102
Info (10041): Inferred latch for "result[7]" at factorialSum.v(102) File: /home/paok/Documents/Verilog_Labs/Factorial_Sum/factorialSum.v Line: 102
Info (10041): Inferred latch for "result[8]" at factorialSum.v(102) File: /home/paok/Documents/Verilog_Labs/Factorial_Sum/factorialSum.v Line: 102
Info (10041): Inferred latch for "result[9]" at factorialSum.v(102) File: /home/paok/Documents/Verilog_Labs/Factorial_Sum/factorialSum.v Line: 102
Info (10041): Inferred latch for "target[0]" at factorialSum.v(102) File: /home/paok/Documents/Verilog_Labs/Factorial_Sum/factorialSum.v Line: 102
Info (10041): Inferred latch for "target[1]" at factorialSum.v(102) File: /home/paok/Documents/Verilog_Labs/Factorial_Sum/factorialSum.v Line: 102
Info (10041): Inferred latch for "target[2]" at factorialSum.v(102) File: /home/paok/Documents/Verilog_Labs/Factorial_Sum/factorialSum.v Line: 102
Info (10041): Inferred latch for "target[3]" at factorialSum.v(102) File: /home/paok/Documents/Verilog_Labs/Factorial_Sum/factorialSum.v Line: 102
Info (10041): Inferred latch for "target[4]" at factorialSum.v(102) File: /home/paok/Documents/Verilog_Labs/Factorial_Sum/factorialSum.v Line: 102
Info (10041): Inferred latch for "target[5]" at factorialSum.v(102) File: /home/paok/Documents/Verilog_Labs/Factorial_Sum/factorialSum.v Line: 102
Info (12128): Elaborating entity "clk_divider" for hierarchy "clk_divider:New_Clock" File: /home/paok/Documents/Verilog_Labs/Factorial_Sum/factorialSum.v Line: 46
Info (12128): Elaborating entity "accumulator" for hierarchy "accumulator:PlsWork" File: /home/paok/Documents/Verilog_Labs/Factorial_Sum/factorialSum.v Line: 55
Warning (10230): Verilog HDL assignment warning at accumulator.v(16): truncated value with size 32 to match size of target (6) File: /home/paok/Documents/Verilog_Labs/Factorial_Sum/accumulator.v Line: 16
Info (12128): Elaborating entity "BCD" for hierarchy "BCD:UNITS" File: /home/paok/Documents/Verilog_Labs/Factorial_Sum/factorialSum.v Line: 60
Info (278001): Inferred 4 megafunctions from design logic
    Info (278004): Inferred divider/modulo megafunction ("lpm_divide") from the following logic: "Mod0" File: /home/paok/Documents/Verilog_Labs/Factorial_Sum/factorialSum.v Line: 37
    Info (278004): Inferred divider/modulo megafunction ("lpm_divide") from the following logic: "Div0" File: /home/paok/Documents/Verilog_Labs/Factorial_Sum/factorialSum.v Line: 38
    Info (278004): Inferred divider/modulo megafunction ("lpm_divide") from the following logic: "Mod1" File: /home/paok/Documents/Verilog_Labs/Factorial_Sum/factorialSum.v Line: 38
    Info (278004): Inferred divider/modulo megafunction ("lpm_divide") from the following logic: "Div1" File: /home/paok/Documents/Verilog_Labs/Factorial_Sum/factorialSum.v Line: 39
Info (12130): Elaborated megafunction instantiation "lpm_divide:Mod0" File: /home/paok/Documents/Verilog_Labs/Factorial_Sum/factorialSum.v Line: 37
Info (12133): Instantiated megafunction "lpm_divide:Mod0" with the following parameter: File: /home/paok/Documents/Verilog_Labs/Factorial_Sum/factorialSum.v Line: 37
    Info (12134): Parameter "LPM_WIDTHN" = "10"
    Info (12134): Parameter "LPM_WIDTHD" = "4"
    Info (12134): Parameter "LPM_NREPRESENTATION" = "UNSIGNED"
    Info (12134): Parameter "LPM_DREPRESENTATION" = "UNSIGNED"
Info (12021): Found 1 design units, including 1 entities, in source file db/lpm_divide_lll.tdf
    Info (12023): Found entity 1: lpm_divide_lll File: /home/paok/Documents/Verilog_Labs/Factorial_Sum/db/lpm_divide_lll.tdf Line: 25
Info (12021): Found 1 design units, including 1 entities, in source file db/sign_div_unsign_klh.tdf
    Info (12023): Found entity 1: sign_div_unsign_klh File: /home/paok/Documents/Verilog_Labs/Factorial_Sum/db/sign_div_unsign_klh.tdf Line: 25
Info (12021): Found 1 design units, including 1 entities, in source file db/alt_u_div_ihe.tdf
    Info (12023): Found entity 1: alt_u_div_ihe File: /home/paok/Documents/Verilog_Labs/Factorial_Sum/db/alt_u_div_ihe.tdf Line: 27
Info (12021): Found 1 design units, including 1 entities, in source file db/add_sub_t3c.tdf
    Info (12023): Found entity 1: add_sub_t3c File: /home/paok/Documents/Verilog_Labs/Factorial_Sum/db/add_sub_t3c.tdf Line: 23
Info (12021): Found 1 design units, including 1 entities, in source file db/add_sub_u3c.tdf
    Info (12023): Found entity 1: add_sub_u3c File: /home/paok/Documents/Verilog_Labs/Factorial_Sum/db/add_sub_u3c.tdf Line: 23
Info (12130): Elaborated megafunction instantiation "lpm_divide:Div0" File: /home/paok/Documents/Verilog_Labs/Factorial_Sum/factorialSum.v Line: 38
Info (12133): Instantiated megafunction "lpm_divide:Div0" with the following parameter: File: /home/paok/Documents/Verilog_Labs/Factorial_Sum/factorialSum.v Line: 38
    Info (12134): Parameter "LPM_WIDTHN" = "10"
    Info (12134): Parameter "LPM_WIDTHD" = "4"
    Info (12134): Parameter "LPM_NREPRESENTATION" = "UNSIGNED"
    Info (12134): Parameter "LPM_DREPRESENTATION" = "UNSIGNED"
Info (12021): Found 1 design units, including 1 entities, in source file db/lpm_divide_itl.tdf
    Info (12023): Found entity 1: lpm_divide_itl File: /home/paok/Documents/Verilog_Labs/Factorial_Sum/db/lpm_divide_itl.tdf Line: 25
Info (12130): Elaborated megafunction instantiation "lpm_divide:Div1" File: /home/paok/Documents/Verilog_Labs/Factorial_Sum/factorialSum.v Line: 39
Info (12133): Instantiated megafunction "lpm_divide:Div1" with the following parameter: File: /home/paok/Documents/Verilog_Labs/Factorial_Sum/factorialSum.v Line: 39
    Info (12134): Parameter "LPM_WIDTHN" = "10"
    Info (12134): Parameter "LPM_WIDTHD" = "7"
    Info (12134): Parameter "LPM_NREPRESENTATION" = "UNSIGNED"
    Info (12134): Parameter "LPM_DREPRESENTATION" = "UNSIGNED"
Info (12021): Found 1 design units, including 1 entities, in source file db/lpm_divide_ltl.tdf
    Info (12023): Found entity 1: lpm_divide_ltl File: /home/paok/Documents/Verilog_Labs/Factorial_Sum/db/lpm_divide_ltl.tdf Line: 25
Info (12021): Found 1 design units, including 1 entities, in source file db/sign_div_unsign_nlh.tdf
    Info (12023): Found entity 1: sign_div_unsign_nlh File: /home/paok/Documents/Verilog_Labs/Factorial_Sum/db/sign_div_unsign_nlh.tdf Line: 25
Info (12021): Found 1 design units, including 1 entities, in source file db/alt_u_div_ohe.tdf
    Info (12023): Found entity 1: alt_u_div_ohe File: /home/paok/Documents/Verilog_Labs/Factorial_Sum/db/alt_u_div_ohe.tdf Line: 27
Warning (12241): 4 hierarchies have connectivity warnings - see the Connectivity Checks report folder
Info (286030): Timing-Driven Synthesis is running
Info (17016): Found the following redundant logic cells in design
    Info (17048): Logic cell "lpm_divide:Mod1|lpm_divide_lll:auto_generated|sign_div_unsign_klh:divider|alt_u_div_ihe:divider|add_sub_9_result_int[0]~0" File: /home/paok/Documents/Verilog_Labs/Factorial_Sum/db/alt_u_div_ihe.tdf Line: 72
    Info (17048): Logic cell "lpm_divide:Mod1|lpm_divide_lll:auto_generated|sign_div_unsign_klh:divider|alt_u_div_ihe:divider|add_sub_6_result_int[0]~10" File: /home/paok/Documents/Verilog_Labs/Factorial_Sum/db/alt_u_div_ihe.tdf Line: 57
    Info (17048): Logic cell "lpm_divide:Mod1|lpm_divide_lll:auto_generated|sign_div_unsign_klh:divider|alt_u_div_ihe:divider|add_sub_7_result_int[0]~10" File: /home/paok/Documents/Verilog_Labs/Factorial_Sum/db/alt_u_div_ihe.tdf Line: 62
    Info (17048): Logic cell "lpm_divide:Mod1|lpm_divide_lll:auto_generated|sign_div_unsign_klh:divider|alt_u_div_ihe:divider|add_sub_8_result_int[0]~10" File: /home/paok/Documents/Verilog_Labs/Factorial_Sum/db/alt_u_div_ihe.tdf Line: 67
Info (144001): Generated suppressed messages file /home/paok/Documents/Verilog_Labs/Factorial_Sum/output_files/factorialSum.map.smsg
Info (16010): Generating hard_block partition "hard_block:auto_generated_inst"
    Info (16011): Adding 0 node(s), including 0 DDIO, 0 PLL, 0 transceiver and 0 LCELL
Info (21057): Implemented 455 device resources after synthesis - the final resource count might be different
    Info (21058): Implemented 9 input pins
    Info (21059): Implemented 23 output pins
    Info (21061): Implemented 423 logic cells
Info: Quartus Prime Analysis & Synthesis was successful. 0 errors, 12 warnings
    Info: Peak virtual memory: 697 megabytes
    Info: Processing ended: Wed Mar  9 09:05:34 2022
    Info: Elapsed time: 00:00:06
    Info: Total CPU time (on all processors): 00:00:17


+------------------------------------------+
; Analysis & Synthesis Suppressed Messages ;
+------------------------------------------+
The suppressed messages can be found in /home/paok/Documents/Verilog_Labs/Factorial_Sum/output_files/factorialSum.map.smsg.


