Analysis & Synthesis report for CAM
Wed Mar  9 10:13:29 2022
Quartus Prime Version 20.1.1 Build 720 11/11/2020 SJ Lite Edition


---------------------
; Table of Contents ;
---------------------
  1. Legal Notice
  2. Analysis & Synthesis Summary
  3. Analysis & Synthesis Settings
  4. Parallel Compilation
  5. Analysis & Synthesis Source Files Read
  6. Analysis & Synthesis Resource Usage Summary
  7. Analysis & Synthesis Resource Utilization by Entity
  8. Analysis & Synthesis RAM Summary
  9. General Register Statistics
 10. Registers Added for RAM Pass-Through Logic
 11. Multiplexer Restructuring Statistics (Restructuring Performed)
 12. Source assignments for altsyncram:CAM_1_rtl_0|altsyncram_bjh1:auto_generated
 13. Parameter Settings for User Entity Instance: Top-level Entity: |CAM
 14. Parameter Settings for Inferred Entity Instance: altsyncram:CAM_1_rtl_0
 15. Parameter Settings for Inferred Entity Instance: lpm_divide:Mod0
 16. Parameter Settings for Inferred Entity Instance: lpm_divide:Div0
 17. Parameter Settings for Inferred Entity Instance: lpm_divide:Mod1
 18. altsyncram Parameter Settings by Entity Instance
 19. Port Connectivity Checks: "BCD:DATA"
 20. Port Connectivity Checks: "BCD:TEN"
 21. Port Connectivity Checks: "BCD:UNIT"
 22. Post-Synthesis Netlist Statistics for Top Partition
 23. Elapsed Time Per Partition
 24. Analysis & Synthesis Messages
 25. Analysis & Synthesis Suppressed Messages



----------------
; Legal Notice ;
----------------
Copyright (C) 2020  Intel Corporation. All rights reserved.
Your use of Intel Corporation's design tools, logic functions 
and other software and tools, and any partner logic 
functions, and any output files from any of the foregoing 
(including device programming or simulation files), and any 
associated documentation or information are expressly subject 
to the terms and conditions of the Intel Program License 
Subscription Agreement, the Intel Quartus Prime License Agreement,
the Intel FPGA IP License Agreement, or other applicable license
agreement, including, without limitation, that your use is for
the sole purpose of programming logic devices manufactured by
Intel and sold by Intel or its authorized distributors.  Please
refer to the applicable agreement for further details, at
https://fpgasoftware.intel.com/eula.



+----------------------------------------------------------------------------------+
; Analysis & Synthesis Summary                                                     ;
+------------------------------------+---------------------------------------------+
; Analysis & Synthesis Status        ; Successful - Wed Mar  9 10:13:29 2022       ;
; Quartus Prime Version              ; 20.1.1 Build 720 11/11/2020 SJ Lite Edition ;
; Revision Name                      ; CAM                                         ;
; Top-level Entity Name              ; CAM                                         ;
; Family                             ; MAX 10                                      ;
; Total logic elements               ; 105                                         ;
;     Total combinational functions  ; 90                                          ;
;     Dedicated logic registers      ; 27                                          ;
; Total registers                    ; 27                                          ;
; Total pins                         ; 41                                          ;
; Total virtual pins                 ; 0                                           ;
; Total memory bits                  ; 160                                         ;
; Embedded Multiplier 9-bit elements ; 0                                           ;
; Total PLLs                         ; 0                                           ;
; UFM blocks                         ; 0                                           ;
; ADC blocks                         ; 0                                           ;
+------------------------------------+---------------------------------------------+


+------------------------------------------------------------------------------------------------------------+
; Analysis & Synthesis Settings                                                                              ;
+------------------------------------------------------------------+--------------------+--------------------+
; Option                                                           ; Setting            ; Default Value      ;
+------------------------------------------------------------------+--------------------+--------------------+
; Device                                                           ; 10M50DAF484C7G     ;                    ;
; Top-level entity name                                            ; CAM                ; CAM                ;
; Family name                                                      ; MAX 10             ; Cyclone V          ;
; Use smart compilation                                            ; Off                ; Off                ;
; Enable parallel Assembler and Timing Analyzer during compilation ; On                 ; On                 ;
; Enable compact report table                                      ; Off                ; Off                ;
; Restructure Multiplexers                                         ; Auto               ; Auto               ;
; Create Debugging Nodes for IP Cores                              ; Off                ; Off                ;
; Preserve fewer node names                                        ; On                 ; On                 ;
; Intel FPGA IP Evaluation Mode                                    ; Enable             ; Enable             ;
; Verilog Version                                                  ; Verilog_2001       ; Verilog_2001       ;
; VHDL Version                                                     ; VHDL_1993          ; VHDL_1993          ;
; State Machine Processing                                         ; Auto               ; Auto               ;
; Safe State Machine                                               ; Off                ; Off                ;
; Extract Verilog State Machines                                   ; On                 ; On                 ;
; Extract VHDL State Machines                                      ; On                 ; On                 ;
; Ignore Verilog initial constructs                                ; Off                ; Off                ;
; Iteration limit for constant Verilog loops                       ; 5000               ; 5000               ;
; Iteration limit for non-constant Verilog loops                   ; 250                ; 250                ;
; Add Pass-Through Logic to Inferred RAMs                          ; On                 ; On                 ;
; Infer RAMs from Raw Logic                                        ; On                 ; On                 ;
; Parallel Synthesis                                               ; On                 ; On                 ;
; DSP Block Balancing                                              ; Auto               ; Auto               ;
; NOT Gate Push-Back                                               ; On                 ; On                 ;
; Power-Up Don't Care                                              ; On                 ; On                 ;
; Remove Redundant Logic Cells                                     ; Off                ; Off                ;
; Remove Duplicate Registers                                       ; On                 ; On                 ;
; Ignore CARRY Buffers                                             ; Off                ; Off                ;
; Ignore CASCADE Buffers                                           ; Off                ; Off                ;
; Ignore GLOBAL Buffers                                            ; Off                ; Off                ;
; Ignore ROW GLOBAL Buffers                                        ; Off                ; Off                ;
; Ignore LCELL Buffers                                             ; Off                ; Off                ;
; Ignore SOFT Buffers                                              ; On                 ; On                 ;
; Limit AHDL Integers to 32 Bits                                   ; Off                ; Off                ;
; Optimization Technique                                           ; Balanced           ; Balanced           ;
; Carry Chain Length                                               ; 70                 ; 70                 ;
; Auto Carry Chains                                                ; On                 ; On                 ;
; Auto Open-Drain Pins                                             ; On                 ; On                 ;
; Perform WYSIWYG Primitive Resynthesis                            ; Off                ; Off                ;
; Auto ROM Replacement                                             ; On                 ; On                 ;
; Auto RAM Replacement                                             ; On                 ; On                 ;
; Auto DSP Block Replacement                                       ; On                 ; On                 ;
; Auto Shift Register Replacement                                  ; Auto               ; Auto               ;
; Allow Shift Register Merging across Hierarchies                  ; Auto               ; Auto               ;
; Auto Clock Enable Replacement                                    ; On                 ; On                 ;
; Strict RAM Replacement                                           ; Off                ; Off                ;
; Allow Synchronous Control Signals                                ; On                 ; On                 ;
; Force Use of Synchronous Clear Signals                           ; Off                ; Off                ;
; Auto RAM Block Balancing                                         ; On                 ; On                 ;
; Auto RAM to Logic Cell Conversion                                ; Off                ; Off                ;
; Auto Resource Sharing                                            ; Off                ; Off                ;
; Allow Any RAM Size For Recognition                               ; Off                ; Off                ;
; Allow Any ROM Size For Recognition                               ; Off                ; Off                ;
; Allow Any Shift Register Size For Recognition                    ; Off                ; Off                ;
; Use LogicLock Constraints during Resource Balancing              ; On                 ; On                 ;
; Ignore translate_off and synthesis_off directives                ; Off                ; Off                ;
; Timing-Driven Synthesis                                          ; On                 ; On                 ;
; Report Parameter Settings                                        ; On                 ; On                 ;
; Report Source Assignments                                        ; On                 ; On                 ;
; Report Connectivity Checks                                       ; On                 ; On                 ;
; Ignore Maximum Fan-Out Assignments                               ; Off                ; Off                ;
; Synchronization Register Chain Length                            ; 2                  ; 2                  ;
; Power Optimization During Synthesis                              ; Normal compilation ; Normal compilation ;
; HDL message level                                                ; Level2             ; Level2             ;
; Suppress Register Optimization Related Messages                  ; Off                ; Off                ;
; Number of Removed Registers Reported in Synthesis Report         ; 5000               ; 5000               ;
; Number of Swept Nodes Reported in Synthesis Report               ; 5000               ; 5000               ;
; Number of Inverted Registers Reported in Synthesis Report        ; 100                ; 100                ;
; Clock MUX Protection                                             ; On                 ; On                 ;
; Auto Gated Clock Conversion                                      ; Off                ; Off                ;
; Block Design Naming                                              ; Auto               ; Auto               ;
; SDC constraint protection                                        ; Off                ; Off                ;
; Synthesis Effort                                                 ; Auto               ; Auto               ;
; Shift Register Replacement - Allow Asynchronous Clear Signal     ; On                 ; On                 ;
; Pre-Mapping Resynthesis Optimization                             ; Off                ; Off                ;
; Analysis & Synthesis Message Level                               ; Medium             ; Medium             ;
; Disable Register Merging Across Hierarchies                      ; Auto               ; Auto               ;
; Resource Aware Inference For Block RAM                           ; On                 ; On                 ;
+------------------------------------------------------------------+--------------------+--------------------+


+------------------------------------------+
; Parallel Compilation                     ;
+----------------------------+-------------+
; Processors                 ; Number      ;
+----------------------------+-------------+
; Number detected on machine ; 16          ;
; Maximum allowed            ; 16          ;
;                            ;             ;
; Average used               ; 1.00        ;
; Maximum used               ; 16          ;
;                            ;             ;
; Usage by Processor         ; % Time Used ;
;     Processor 1            ; 100.0%      ;
;     Processors 2-16        ;   0.0%      ;
+----------------------------+-------------+


+---------------------------------------------------------------------------------------------------------------------------------------------------------------------------------------+
; Analysis & Synthesis Source Files Read                                                                                                                                                ;
+----------------------------------+-----------------+------------------------------+-----------------------------------------------------------------------------------------+---------+
; File Name with User-Entered Path ; Used in Netlist ; File Type                    ; File Name with Absolute Path                                                            ; Library ;
+----------------------------------+-----------------+------------------------------+-----------------------------------------------------------------------------------------+---------+
; CAM.v                            ; yes             ; User Verilog HDL File        ; /home/paok/Documents/Verilog_Labs/Content_Addressable_Memory/CAM.v                      ;         ;
; BCD.v                            ; yes             ; User Verilog HDL File        ; /home/paok/Documents/Verilog_Labs/Content_Addressable_Memory/BCD.v                      ;         ;
; altsyncram.tdf                   ; yes             ; Megafunction                 ; /home/paok/intelFPGA_lite/20.1/quartus/libraries/megafunctions/altsyncram.tdf           ;         ;
; stratix_ram_block.inc            ; yes             ; Megafunction                 ; /home/paok/intelFPGA_lite/20.1/quartus/libraries/megafunctions/stratix_ram_block.inc    ;         ;
; lpm_mux.inc                      ; yes             ; Megafunction                 ; /home/paok/intelFPGA_lite/20.1/quartus/libraries/megafunctions/lpm_mux.inc              ;         ;
; lpm_decode.inc                   ; yes             ; Megafunction                 ; /home/paok/intelFPGA_lite/20.1/quartus/libraries/megafunctions/lpm_decode.inc           ;         ;
; aglobal201.inc                   ; yes             ; Megafunction                 ; /home/paok/intelFPGA_lite/20.1/quartus/libraries/megafunctions/aglobal201.inc           ;         ;
; a_rdenreg.inc                    ; yes             ; Megafunction                 ; /home/paok/intelFPGA_lite/20.1/quartus/libraries/megafunctions/a_rdenreg.inc            ;         ;
; altrom.inc                       ; yes             ; Megafunction                 ; /home/paok/intelFPGA_lite/20.1/quartus/libraries/megafunctions/altrom.inc               ;         ;
; altram.inc                       ; yes             ; Megafunction                 ; /home/paok/intelFPGA_lite/20.1/quartus/libraries/megafunctions/altram.inc               ;         ;
; altdpram.inc                     ; yes             ; Megafunction                 ; /home/paok/intelFPGA_lite/20.1/quartus/libraries/megafunctions/altdpram.inc             ;         ;
; db/altsyncram_bjh1.tdf           ; yes             ; Auto-Generated Megafunction  ; /home/paok/Documents/Verilog_Labs/Content_Addressable_Memory/db/altsyncram_bjh1.tdf     ;         ;
; lpm_divide.tdf                   ; yes             ; Megafunction                 ; /home/paok/intelFPGA_lite/20.1/quartus/libraries/megafunctions/lpm_divide.tdf           ;         ;
; abs_divider.inc                  ; yes             ; Megafunction                 ; /home/paok/intelFPGA_lite/20.1/quartus/libraries/megafunctions/abs_divider.inc          ;         ;
; sign_div_unsign.inc              ; yes             ; Megafunction                 ; /home/paok/intelFPGA_lite/20.1/quartus/libraries/megafunctions/sign_div_unsign.inc      ;         ;
; db/lpm_divide_9kl.tdf            ; yes             ; Auto-Generated Megafunction  ; /home/paok/Documents/Verilog_Labs/Content_Addressable_Memory/db/lpm_divide_9kl.tdf      ;         ;
; db/sign_div_unsign_8kh.tdf       ; yes             ; Auto-Generated Megafunction  ; /home/paok/Documents/Verilog_Labs/Content_Addressable_Memory/db/sign_div_unsign_8kh.tdf ;         ;
; db/alt_u_div_qee.tdf             ; yes             ; Auto-Generated Megafunction  ; /home/paok/Documents/Verilog_Labs/Content_Addressable_Memory/db/alt_u_div_qee.tdf       ;         ;
; db/add_sub_t3c.tdf               ; yes             ; Auto-Generated Megafunction  ; /home/paok/Documents/Verilog_Labs/Content_Addressable_Memory/db/add_sub_t3c.tdf         ;         ;
; db/add_sub_u3c.tdf               ; yes             ; Auto-Generated Megafunction  ; /home/paok/Documents/Verilog_Labs/Content_Addressable_Memory/db/add_sub_u3c.tdf         ;         ;
; db/lpm_divide_6sl.tdf            ; yes             ; Auto-Generated Megafunction  ; /home/paok/Documents/Verilog_Labs/Content_Addressable_Memory/db/lpm_divide_6sl.tdf      ;         ;
+----------------------------------+-----------------+------------------------------+-----------------------------------------------------------------------------------------+---------+


+---------------------------------------------------------+
; Analysis & Synthesis Resource Usage Summary             ;
+---------------------------------------------+-----------+
; Resource                                    ; Usage     ;
+---------------------------------------------+-----------+
; Estimated Total logic elements              ; 105       ;
;                                             ;           ;
; Total combinational functions               ; 90        ;
; Logic element usage by number of LUT inputs ;           ;
;     -- 4 input functions                    ; 29        ;
;     -- 3 input functions                    ; 20        ;
;     -- <=2 input functions                  ; 41        ;
;                                             ;           ;
; Logic elements by mode                      ;           ;
;     -- normal mode                          ; 72        ;
;     -- arithmetic mode                      ; 18        ;
;                                             ;           ;
; Total registers                             ; 27        ;
;     -- Dedicated logic registers            ; 27        ;
;     -- I/O registers                        ; 0         ;
;                                             ;           ;
; I/O pins                                    ; 41        ;
; Total memory bits                           ; 160       ;
;                                             ;           ;
; Embedded Multiplier 9-bit elements          ; 0         ;
;                                             ;           ;
; Maximum fan-out node                        ; clk~input ;
; Maximum fan-out                             ; 32        ;
; Total fan-out                               ; 450       ;
; Average fan-out                             ; 2.21      ;
+---------------------------------------------+-----------+


+-----------------------------------------------------------------------------------------------------------------------------------------------------------------------------------------------------------------------------------------------------------------------------------------------------------------------------------------+
; Analysis & Synthesis Resource Utilization by Entity                                                                                                                                                                                                                                                                                     ;
+----------------------------------------+---------------------+---------------------------+-------------+------------+--------------+---------+-----------+------+--------------+------------+------------------------------------------------------------------------------------------------------+---------------------+--------------+
; Compilation Hierarchy Node             ; Combinational ALUTs ; Dedicated Logic Registers ; Memory Bits ; UFM Blocks ; DSP Elements ; DSP 9x9 ; DSP 18x18 ; Pins ; Virtual Pins ; ADC blocks ; Full Hierarchy Name                                                                                  ; Entity Name         ; Library Name ;
+----------------------------------------+---------------------+---------------------------+-------------+------------+--------------+---------+-----------+------+--------------+------------+------------------------------------------------------------------------------------------------------+---------------------+--------------+
; |CAM                                   ; 90 (29)             ; 27 (27)                   ; 160         ; 0          ; 0            ; 0       ; 0         ; 41   ; 0            ; 0          ; |CAM                                                                                                 ; CAM                 ; work         ;
;    |BCD:DATA|                          ; 14 (14)             ; 0 (0)                     ; 0           ; 0          ; 0            ; 0       ; 0         ; 0    ; 0            ; 0          ; |CAM|BCD:DATA                                                                                        ; BCD                 ; work         ;
;    |BCD:TEN|                           ; 3 (3)               ; 0 (0)                     ; 0           ; 0          ; 0            ; 0       ; 0         ; 0    ; 0            ; 0          ; |CAM|BCD:TEN                                                                                         ; BCD                 ; work         ;
;    |BCD:UNIT|                          ; 7 (7)               ; 0 (0)                     ; 0           ; 0          ; 0            ; 0       ; 0         ; 0    ; 0            ; 0          ; |CAM|BCD:UNIT                                                                                        ; BCD                 ; work         ;
;    |altsyncram:CAM_1_rtl_0|            ; 0 (0)               ; 0 (0)                     ; 160         ; 0          ; 0            ; 0       ; 0         ; 0    ; 0            ; 0          ; |CAM|altsyncram:CAM_1_rtl_0                                                                          ; altsyncram          ; work         ;
;       |altsyncram_bjh1:auto_generated| ; 0 (0)               ; 0 (0)                     ; 160         ; 0          ; 0            ; 0       ; 0         ; 0    ; 0            ; 0          ; |CAM|altsyncram:CAM_1_rtl_0|altsyncram_bjh1:auto_generated                                           ; altsyncram_bjh1     ; work         ;
;    |lpm_divide:Div0|                   ; 17 (0)              ; 0 (0)                     ; 0           ; 0          ; 0            ; 0       ; 0         ; 0    ; 0            ; 0          ; |CAM|lpm_divide:Div0                                                                                 ; lpm_divide          ; work         ;
;       |lpm_divide_6sl:auto_generated|  ; 17 (0)              ; 0 (0)                     ; 0           ; 0          ; 0            ; 0       ; 0         ; 0    ; 0            ; 0          ; |CAM|lpm_divide:Div0|lpm_divide_6sl:auto_generated                                                   ; lpm_divide_6sl      ; work         ;
;          |sign_div_unsign_8kh:divider| ; 17 (0)              ; 0 (0)                     ; 0           ; 0          ; 0            ; 0       ; 0         ; 0    ; 0            ; 0          ; |CAM|lpm_divide:Div0|lpm_divide_6sl:auto_generated|sign_div_unsign_8kh:divider                       ; sign_div_unsign_8kh ; work         ;
;             |alt_u_div_qee:divider|    ; 17 (17)             ; 0 (0)                     ; 0           ; 0          ; 0            ; 0       ; 0         ; 0    ; 0            ; 0          ; |CAM|lpm_divide:Div0|lpm_divide_6sl:auto_generated|sign_div_unsign_8kh:divider|alt_u_div_qee:divider ; alt_u_div_qee       ; work         ;
;    |lpm_divide:Mod0|                   ; 20 (0)              ; 0 (0)                     ; 0           ; 0          ; 0            ; 0       ; 0         ; 0    ; 0            ; 0          ; |CAM|lpm_divide:Mod0                                                                                 ; lpm_divide          ; work         ;
;       |lpm_divide_9kl:auto_generated|  ; 20 (0)              ; 0 (0)                     ; 0           ; 0          ; 0            ; 0       ; 0         ; 0    ; 0            ; 0          ; |CAM|lpm_divide:Mod0|lpm_divide_9kl:auto_generated                                                   ; lpm_divide_9kl      ; work         ;
;          |sign_div_unsign_8kh:divider| ; 20 (0)              ; 0 (0)                     ; 0           ; 0          ; 0            ; 0       ; 0         ; 0    ; 0            ; 0          ; |CAM|lpm_divide:Mod0|lpm_divide_9kl:auto_generated|sign_div_unsign_8kh:divider                       ; sign_div_unsign_8kh ; work         ;
;             |alt_u_div_qee:divider|    ; 20 (20)             ; 0 (0)                     ; 0           ; 0          ; 0            ; 0       ; 0         ; 0    ; 0            ; 0          ; |CAM|lpm_divide:Mod0|lpm_divide_9kl:auto_generated|sign_div_unsign_8kh:divider|alt_u_div_qee:divider ; alt_u_div_qee       ; work         ;
+----------------------------------------+---------------------+---------------------------+-------------+------------+--------------+---------+-----------+------+--------------+------------+------------------------------------------------------------------------------------------------------+---------------------+--------------+
Note: For table entries with two numbers listed, the numbers in parentheses indicate the number of resources of the given type used by the specific entity alone. The numbers listed outside of parentheses indicate the total resources of the given type used by the specific entity and all of its sub-entities in the hierarchy.


+----------------------------------------------------------------------------------------------------------------------------------------------------------------------+
; Analysis & Synthesis RAM Summary                                                                                                                                     ;
+------------------------------------------------------------------+------+------------------+--------------+--------------+--------------+--------------+------+------+
; Name                                                             ; Type ; Mode             ; Port A Depth ; Port A Width ; Port B Depth ; Port B Width ; Size ; MIF  ;
+------------------------------------------------------------------+------+------------------+--------------+--------------+--------------+--------------+------+------+
; altsyncram:CAM_1_rtl_0|altsyncram_bjh1:auto_generated|ALTSYNCRAM ; AUTO ; Simple Dual Port ; 32           ; 5            ; 32           ; 5            ; 160  ; None ;
+------------------------------------------------------------------+------+------------------+--------------+--------------+--------------+--------------+------+------+


+------------------------------------------------------+
; General Register Statistics                          ;
+----------------------------------------------+-------+
; Statistic                                    ; Value ;
+----------------------------------------------+-------+
; Total registers                              ; 27    ;
; Number of registers using Synchronous Clear  ; 0     ;
; Number of registers using Synchronous Load   ; 0     ;
; Number of registers using Asynchronous Clear ; 0     ;
; Number of registers using Asynchronous Load  ; 0     ;
; Number of registers using Clock Enable       ; 16    ;
; Number of registers using Preset             ; 0     ;
+----------------------------------------------+-------+


+--------------------------------------------+
; Registers Added for RAM Pass-Through Logic ;
+------------------------+-------------------+
; Register Name          ; RAM Name          ;
+------------------------+-------------------+
; CAM_1_rtl_0_bypass[0]  ; CAM_1_rtl_0       ;
; CAM_1_rtl_0_bypass[1]  ; CAM_1_rtl_0       ;
; CAM_1_rtl_0_bypass[2]  ; CAM_1_rtl_0       ;
; CAM_1_rtl_0_bypass[3]  ; CAM_1_rtl_0       ;
; CAM_1_rtl_0_bypass[4]  ; CAM_1_rtl_0       ;
; CAM_1_rtl_0_bypass[5]  ; CAM_1_rtl_0       ;
; CAM_1_rtl_0_bypass[6]  ; CAM_1_rtl_0       ;
; CAM_1_rtl_0_bypass[7]  ; CAM_1_rtl_0       ;
; CAM_1_rtl_0_bypass[8]  ; CAM_1_rtl_0       ;
; CAM_1_rtl_0_bypass[9]  ; CAM_1_rtl_0       ;
; CAM_1_rtl_0_bypass[10] ; CAM_1_rtl_0       ;
; CAM_1_rtl_0_bypass[11] ; CAM_1_rtl_0       ;
; CAM_1_rtl_0_bypass[12] ; CAM_1_rtl_0       ;
; CAM_1_rtl_0_bypass[13] ; CAM_1_rtl_0       ;
; CAM_1_rtl_0_bypass[14] ; CAM_1_rtl_0       ;
; CAM_1_rtl_0_bypass[15] ; CAM_1_rtl_0       ;
+------------------------+-------------------+


+------------------------------------------------------------------------------------------------------------------------------------------+
; Multiplexer Restructuring Statistics (Restructuring Performed)                                                                           ;
+--------------------+-----------+---------------+----------------------+------------------------+------------+----------------------------+
; Multiplexer Inputs ; Bus Width ; Baseline Area ; Area if Restructured ; Saving if Restructured ; Registered ; Example Multiplexer Output ;
+--------------------+-----------+---------------+----------------------+------------------------+------------+----------------------------+
; 4:1                ; 5 bits    ; 10 LEs        ; 10 LEs               ; 0 LEs                  ; Yes        ; |CAM|address_out[0]~reg0   ;
; 3:1                ; 5 bits    ; 10 LEs        ; 10 LEs               ; 0 LEs                  ; No         ; |CAM|searchedAddress       ;
+--------------------+-----------+---------------+----------------------+------------------------+------------+----------------------------+


+------------------------------------------------------------------------------+
; Source assignments for altsyncram:CAM_1_rtl_0|altsyncram_bjh1:auto_generated ;
+---------------------------------+--------------------+------+----------------+
; Assignment                      ; Value              ; From ; To             ;
+---------------------------------+--------------------+------+----------------+
; OPTIMIZE_POWER_DURING_SYNTHESIS ; NORMAL_COMPILATION ; -    ; -              ;
+---------------------------------+--------------------+------+----------------+


+---------------------------------------------------------------------+
; Parameter Settings for User Entity Instance: Top-level Entity: |CAM ;
+----------------+-------+--------------------------------------------+
; Parameter Name ; Value ; Type                                       ;
+----------------+-------+--------------------------------------------+
; dataSize       ; 5     ; Signed Integer                             ;
; addressSize    ; 5     ; Signed Integer                             ;
+----------------+-------+--------------------------------------------+
Note: In order to hide this table in the UI and the text report file, please set the "Show Parameter Settings in Synthesis Report" option in "Analysis and Synthesis Settings -> More Settings" to "Off".


+----------------------------------------------------------------------------+
; Parameter Settings for Inferred Entity Instance: altsyncram:CAM_1_rtl_0    ;
+------------------------------------+----------------------+----------------+
; Parameter Name                     ; Value                ; Type           ;
+------------------------------------+----------------------+----------------+
; BYTE_SIZE_BLOCK                    ; 8                    ; Untyped        ;
; AUTO_CARRY_CHAINS                  ; ON                   ; AUTO_CARRY     ;
; IGNORE_CARRY_BUFFERS               ; OFF                  ; IGNORE_CARRY   ;
; AUTO_CASCADE_CHAINS                ; ON                   ; AUTO_CASCADE   ;
; IGNORE_CASCADE_BUFFERS             ; OFF                  ; IGNORE_CASCADE ;
; WIDTH_BYTEENA                      ; 1                    ; Untyped        ;
; OPERATION_MODE                     ; DUAL_PORT            ; Untyped        ;
; WIDTH_A                            ; 5                    ; Untyped        ;
; WIDTHAD_A                          ; 5                    ; Untyped        ;
; NUMWORDS_A                         ; 32                   ; Untyped        ;
; OUTDATA_REG_A                      ; UNREGISTERED         ; Untyped        ;
; ADDRESS_ACLR_A                     ; NONE                 ; Untyped        ;
; OUTDATA_ACLR_A                     ; NONE                 ; Untyped        ;
; WRCONTROL_ACLR_A                   ; NONE                 ; Untyped        ;
; INDATA_ACLR_A                      ; NONE                 ; Untyped        ;
; BYTEENA_ACLR_A                     ; NONE                 ; Untyped        ;
; WIDTH_B                            ; 5                    ; Untyped        ;
; WIDTHAD_B                          ; 5                    ; Untyped        ;
; NUMWORDS_B                         ; 32                   ; Untyped        ;
; INDATA_REG_B                       ; CLOCK1               ; Untyped        ;
; WRCONTROL_WRADDRESS_REG_B          ; CLOCK1               ; Untyped        ;
; RDCONTROL_REG_B                    ; CLOCK1               ; Untyped        ;
; ADDRESS_REG_B                      ; CLOCK0               ; Untyped        ;
; OUTDATA_REG_B                      ; UNREGISTERED         ; Untyped        ;
; BYTEENA_REG_B                      ; CLOCK1               ; Untyped        ;
; INDATA_ACLR_B                      ; NONE                 ; Untyped        ;
; WRCONTROL_ACLR_B                   ; NONE                 ; Untyped        ;
; ADDRESS_ACLR_B                     ; NONE                 ; Untyped        ;
; OUTDATA_ACLR_B                     ; NONE                 ; Untyped        ;
; RDCONTROL_ACLR_B                   ; NONE                 ; Untyped        ;
; BYTEENA_ACLR_B                     ; NONE                 ; Untyped        ;
; WIDTH_BYTEENA_A                    ; 1                    ; Untyped        ;
; WIDTH_BYTEENA_B                    ; 1                    ; Untyped        ;
; RAM_BLOCK_TYPE                     ; AUTO                 ; Untyped        ;
; BYTE_SIZE                          ; 8                    ; Untyped        ;
; READ_DURING_WRITE_MODE_MIXED_PORTS ; OLD_DATA             ; Untyped        ;
; READ_DURING_WRITE_MODE_PORT_A      ; NEW_DATA_NO_NBE_READ ; Untyped        ;
; READ_DURING_WRITE_MODE_PORT_B      ; NEW_DATA_NO_NBE_READ ; Untyped        ;
; INIT_FILE                          ; UNUSED               ; Untyped        ;
; INIT_FILE_LAYOUT                   ; PORT_A               ; Untyped        ;
; MAXIMUM_DEPTH                      ; 0                    ; Untyped        ;
; CLOCK_ENABLE_INPUT_A               ; NORMAL               ; Untyped        ;
; CLOCK_ENABLE_INPUT_B               ; NORMAL               ; Untyped        ;
; CLOCK_ENABLE_OUTPUT_A              ; NORMAL               ; Untyped        ;
; CLOCK_ENABLE_OUTPUT_B              ; NORMAL               ; Untyped        ;
; CLOCK_ENABLE_CORE_A                ; USE_INPUT_CLKEN      ; Untyped        ;
; CLOCK_ENABLE_CORE_B                ; USE_INPUT_CLKEN      ; Untyped        ;
; ENABLE_ECC                         ; FALSE                ; Untyped        ;
; ECC_PIPELINE_STAGE_ENABLED         ; FALSE                ; Untyped        ;
; WIDTH_ECCSTATUS                    ; 3                    ; Untyped        ;
; DEVICE_FAMILY                      ; MAX 10               ; Untyped        ;
; CBXI_PARAMETER                     ; altsyncram_bjh1      ; Untyped        ;
+------------------------------------+----------------------+----------------+
Note: In order to hide this table in the UI and the text report file, please set the "Show Parameter Settings in Synthesis Report" option in "Analysis and Synthesis Settings -> More Settings" to "Off".


+------------------------------------------------------------------+
; Parameter Settings for Inferred Entity Instance: lpm_divide:Mod0 ;
+------------------------+----------------+------------------------+
; Parameter Name         ; Value          ; Type                   ;
+------------------------+----------------+------------------------+
; LPM_WIDTHN             ; 5              ; Untyped                ;
; LPM_WIDTHD             ; 4              ; Untyped                ;
; LPM_NREPRESENTATION    ; UNSIGNED       ; Untyped                ;
; LPM_DREPRESENTATION    ; UNSIGNED       ; Untyped                ;
; LPM_PIPELINE           ; 0              ; Untyped                ;
; LPM_REMAINDERPOSITIVE  ; TRUE           ; Untyped                ;
; MAXIMIZE_SPEED         ; 5              ; Untyped                ;
; CBXI_PARAMETER         ; lpm_divide_9kl ; Untyped                ;
; CARRY_CHAIN            ; MANUAL         ; Untyped                ;
; OPTIMIZE_FOR_SPEED     ; 5              ; Untyped                ;
; AUTO_CARRY_CHAINS      ; ON             ; AUTO_CARRY             ;
; IGNORE_CARRY_BUFFERS   ; OFF            ; IGNORE_CARRY           ;
; AUTO_CASCADE_CHAINS    ; ON             ; AUTO_CASCADE           ;
; IGNORE_CASCADE_BUFFERS ; OFF            ; IGNORE_CASCADE         ;
+------------------------+----------------+------------------------+
Note: In order to hide this table in the UI and the text report file, please set the "Show Parameter Settings in Synthesis Report" option in "Analysis and Synthesis Settings -> More Settings" to "Off".


+------------------------------------------------------------------+
; Parameter Settings for Inferred Entity Instance: lpm_divide:Div0 ;
+------------------------+----------------+------------------------+
; Parameter Name         ; Value          ; Type                   ;
+------------------------+----------------+------------------------+
; LPM_WIDTHN             ; 5              ; Untyped                ;
; LPM_WIDTHD             ; 4              ; Untyped                ;
; LPM_NREPRESENTATION    ; UNSIGNED       ; Untyped                ;
; LPM_DREPRESENTATION    ; UNSIGNED       ; Untyped                ;
; LPM_PIPELINE           ; 0              ; Untyped                ;
; LPM_REMAINDERPOSITIVE  ; TRUE           ; Untyped                ;
; MAXIMIZE_SPEED         ; 5              ; Untyped                ;
; CBXI_PARAMETER         ; lpm_divide_6sl ; Untyped                ;
; CARRY_CHAIN            ; MANUAL         ; Untyped                ;
; OPTIMIZE_FOR_SPEED     ; 5              ; Untyped                ;
; AUTO_CARRY_CHAINS      ; ON             ; AUTO_CARRY             ;
; IGNORE_CARRY_BUFFERS   ; OFF            ; IGNORE_CARRY           ;
; AUTO_CASCADE_CHAINS    ; ON             ; AUTO_CASCADE           ;
; IGNORE_CASCADE_BUFFERS ; OFF            ; IGNORE_CASCADE         ;
+------------------------+----------------+------------------------+
Note: In order to hide this table in the UI and the text report file, please set the "Show Parameter Settings in Synthesis Report" option in "Analysis and Synthesis Settings -> More Settings" to "Off".


+------------------------------------------------------------------+
; Parameter Settings for Inferred Entity Instance: lpm_divide:Mod1 ;
+------------------------+----------------+------------------------+
; Parameter Name         ; Value          ; Type                   ;
+------------------------+----------------+------------------------+
; LPM_WIDTHN             ; 5              ; Untyped                ;
; LPM_WIDTHD             ; 4              ; Untyped                ;
; LPM_NREPRESENTATION    ; UNSIGNED       ; Untyped                ;
; LPM_DREPRESENTATION    ; UNSIGNED       ; Untyped                ;
; LPM_PIPELINE           ; 0              ; Untyped                ;
; LPM_REMAINDERPOSITIVE  ; TRUE           ; Untyped                ;
; MAXIMIZE_SPEED         ; 5              ; Untyped                ;
; CBXI_PARAMETER         ; lpm_divide_9kl ; Untyped                ;
; CARRY_CHAIN            ; MANUAL         ; Untyped                ;
; OPTIMIZE_FOR_SPEED     ; 5              ; Untyped                ;
; AUTO_CARRY_CHAINS      ; ON             ; AUTO_CARRY             ;
; IGNORE_CARRY_BUFFERS   ; OFF            ; IGNORE_CARRY           ;
; AUTO_CASCADE_CHAINS    ; ON             ; AUTO_CASCADE           ;
; IGNORE_CASCADE_BUFFERS ; OFF            ; IGNORE_CASCADE         ;
+------------------------+----------------+------------------------+
Note: In order to hide this table in the UI and the text report file, please set the "Show Parameter Settings in Synthesis Report" option in "Analysis and Synthesis Settings -> More Settings" to "Off".


+--------------------------------------------------------------------+
; altsyncram Parameter Settings by Entity Instance                   ;
+-------------------------------------------+------------------------+
; Name                                      ; Value                  ;
+-------------------------------------------+------------------------+
; Number of entity instances                ; 1                      ;
; Entity Instance                           ; altsyncram:CAM_1_rtl_0 ;
;     -- OPERATION_MODE                     ; DUAL_PORT              ;
;     -- WIDTH_A                            ; 5                      ;
;     -- NUMWORDS_A                         ; 32                     ;
;     -- OUTDATA_REG_A                      ; UNREGISTERED           ;
;     -- WIDTH_B                            ; 5                      ;
;     -- NUMWORDS_B                         ; 32                     ;
;     -- ADDRESS_REG_B                      ; CLOCK0                 ;
;     -- OUTDATA_REG_B                      ; UNREGISTERED           ;
;     -- RAM_BLOCK_TYPE                     ; AUTO                   ;
;     -- READ_DURING_WRITE_MODE_MIXED_PORTS ; OLD_DATA               ;
+-------------------------------------------+------------------------+


+-----------------------------------------------------------------------------------------------------------------------------------------------------------------------+
; Port Connectivity Checks: "BCD:DATA"                                                                                                                                  ;
+------+-------+----------+---------------------------------------------------------------------------------------------------------------------------------------------+
; Port ; Type  ; Severity ; Details                                                                                                                                     ;
+------+-------+----------+---------------------------------------------------------------------------------------------------------------------------------------------+
; num  ; Input ; Warning  ; Input port expression (5 bits) is smaller than the input port (6 bits) it drives.  Extra input bit(s) "num[5..5]" will be connected to GND. ;
+------+-------+----------+---------------------------------------------------------------------------------------------------------------------------------------------+


+-------------------------------------------------------------------------------------------------------------------------------------------------------------------------+
; Port Connectivity Checks: "BCD:TEN"                                                                                                                                     ;
+--------+-------+----------+---------------------------------------------------------------------------------------------------------------------------------------------+
; Port   ; Type  ; Severity ; Details                                                                                                                                     ;
+--------+-------+----------+---------------------------------------------------------------------------------------------------------------------------------------------+
; num    ; Input ; Warning  ; Input port expression (5 bits) is smaller than the input port (6 bits) it drives.  Extra input bit(s) "num[5..5]" will be connected to GND. ;
; num[5] ; Input ; Info     ; Stuck at GND                                                                                                                                ;
+--------+-------+----------+---------------------------------------------------------------------------------------------------------------------------------------------+


+-------------------------------------------------------------------------------------------------------------------------------------------------------------------------+
; Port Connectivity Checks: "BCD:UNIT"                                                                                                                                    ;
+--------+-------+----------+---------------------------------------------------------------------------------------------------------------------------------------------+
; Port   ; Type  ; Severity ; Details                                                                                                                                     ;
+--------+-------+----------+---------------------------------------------------------------------------------------------------------------------------------------------+
; num    ; Input ; Warning  ; Input port expression (5 bits) is smaller than the input port (6 bits) it drives.  Extra input bit(s) "num[5..5]" will be connected to GND. ;
; num[5] ; Input ; Info     ; Stuck at GND                                                                                                                                ;
+--------+-------+----------+---------------------------------------------------------------------------------------------------------------------------------------------+


+-----------------------------------------------------+
; Post-Synthesis Netlist Statistics for Top Partition ;
+-----------------------+-----------------------------+
; Type                  ; Count                       ;
+-----------------------+-----------------------------+
; boundary_port         ; 41                          ;
; cycloneiii_ff         ; 27                          ;
;     ENA               ; 16                          ;
;     plain             ; 11                          ;
; cycloneiii_lcell_comb ; 94                          ;
;     arith             ; 18                          ;
;         2 data inputs ; 9                           ;
;         3 data inputs ; 9                           ;
;     normal            ; 76                          ;
;         0 data inputs ; 5                           ;
;         1 data inputs ; 5                           ;
;         2 data inputs ; 26                          ;
;         3 data inputs ; 11                          ;
;         4 data inputs ; 29                          ;
; cycloneiii_ram_block  ; 5                           ;
;                       ;                             ;
; Max LUT depth         ; 6.70                        ;
; Average LUT depth     ; 4.86                        ;
+-----------------------+-----------------------------+


+-------------------------------+
; Elapsed Time Per Partition    ;
+----------------+--------------+
; Partition Name ; Elapsed Time ;
+----------------+--------------+
; Top            ; 00:00:00     ;
+----------------+--------------+


+-------------------------------+
; Analysis & Synthesis Messages ;
+-------------------------------+
Info: *******************************************************************
Info: Running Quartus Prime Analysis & Synthesis
    Info: Version 20.1.1 Build 720 11/11/2020 SJ Lite Edition
    Info: Processing started: Wed Mar  9 10:13:23 2022
Info: Command: quartus_map --read_settings_files=on --write_settings_files=off CAM -c CAM
Warning (18236): Number of processors has not been specified which may cause overloading on shared machines.  Set the global assignment NUM_PARALLEL_PROCESSORS in your QSF to an appropriate value for best performance.
Info (20030): Parallel compilation is enabled and will use 16 of the 16 processors detected
Info (12021): Found 1 design units, including 1 entities, in source file CAM.v
    Info (12023): Found entity 1: CAM File: /home/paok/Documents/Verilog_Labs/Content_Addressable_Memory/CAM.v Line: 1
Info (12021): Found 1 design units, including 1 entities, in source file RAM.v
    Info (12023): Found entity 1: RAM File: /home/paok/Documents/Verilog_Labs/Content_Addressable_Memory/RAM.v Line: 1
Info (12021): Found 1 design units, including 1 entities, in source file BCD.v
    Info (12023): Found entity 1: BCD File: /home/paok/Documents/Verilog_Labs/Content_Addressable_Memory/BCD.v Line: 1
Info (12127): Elaborating entity "CAM" for the top level hierarchy
Warning (10230): Verilog HDL assignment warning at CAM.v(16): truncated value with size 32 to match size of target (5) File: /home/paok/Documents/Verilog_Labs/Content_Addressable_Memory/CAM.v Line: 16
Warning (10230): Verilog HDL assignment warning at CAM.v(17): truncated value with size 32 to match size of target (5) File: /home/paok/Documents/Verilog_Labs/Content_Addressable_Memory/CAM.v Line: 17
Warning (10230): Verilog HDL assignment warning at CAM.v(52): truncated value with size 32 to match size of target (5) File: /home/paok/Documents/Verilog_Labs/Content_Addressable_Memory/CAM.v Line: 52
Info (12128): Elaborating entity "BCD" for hierarchy "BCD:UNIT" File: /home/paok/Documents/Verilog_Labs/Content_Addressable_Memory/CAM.v Line: 22
Warning (276020): Inferred RAM node "CAM_1_rtl_0" from synchronous design logic.  Pass-through logic has been added to match the read-during-write behavior of the original design.
Info (19000): Inferred 1 megafunctions from design logic
    Info (276029): Inferred altsyncram megafunction from the following design logic: "CAM_1_rtl_0" 
        Info (286033): Parameter OPERATION_MODE set to DUAL_PORT
        Info (286033): Parameter WIDTH_A set to 5
        Info (286033): Parameter WIDTHAD_A set to 5
        Info (286033): Parameter NUMWORDS_A set to 32
        Info (286033): Parameter WIDTH_B set to 5
        Info (286033): Parameter WIDTHAD_B set to 5
        Info (286033): Parameter NUMWORDS_B set to 32
        Info (286033): Parameter ADDRESS_ACLR_A set to NONE
        Info (286033): Parameter OUTDATA_REG_B set to UNREGISTERED
        Info (286033): Parameter ADDRESS_ACLR_B set to NONE
        Info (286033): Parameter OUTDATA_ACLR_B set to NONE
        Info (286033): Parameter ADDRESS_REG_B set to CLOCK0
        Info (286033): Parameter INDATA_ACLR_A set to NONE
        Info (286033): Parameter WRCONTROL_ACLR_A set to NONE
        Info (286033): Parameter READ_DURING_WRITE_MODE_MIXED_PORTS set to OLD_DATA
Info (278001): Inferred 3 megafunctions from design logic
    Info (278004): Inferred divider/modulo megafunction ("lpm_divide") from the following logic: "Mod0" File: /home/paok/Documents/Verilog_Labs/Content_Addressable_Memory/CAM.v Line: 16
    Info (278004): Inferred divider/modulo megafunction ("lpm_divide") from the following logic: "Div0" File: /home/paok/Documents/Verilog_Labs/Content_Addressable_Memory/CAM.v Line: 17
    Info (278004): Inferred divider/modulo megafunction ("lpm_divide") from the following logic: "Mod1" File: /home/paok/Documents/Verilog_Labs/Content_Addressable_Memory/CAM.v Line: 17
Info (12130): Elaborated megafunction instantiation "altsyncram:CAM_1_rtl_0"
Info (12133): Instantiated megafunction "altsyncram:CAM_1_rtl_0" with the following parameter:
    Info (12134): Parameter "OPERATION_MODE" = "DUAL_PORT"
    Info (12134): Parameter "WIDTH_A" = "5"
    Info (12134): Parameter "WIDTHAD_A" = "5"
    Info (12134): Parameter "NUMWORDS_A" = "32"
    Info (12134): Parameter "WIDTH_B" = "5"
    Info (12134): Parameter "WIDTHAD_B" = "5"
    Info (12134): Parameter "NUMWORDS_B" = "32"
    Info (12134): Parameter "ADDRESS_ACLR_A" = "NONE"
    Info (12134): Parameter "OUTDATA_REG_B" = "UNREGISTERED"
    Info (12134): Parameter "ADDRESS_ACLR_B" = "NONE"
    Info (12134): Parameter "OUTDATA_ACLR_B" = "NONE"
    Info (12134): Parameter "ADDRESS_REG_B" = "CLOCK0"
    Info (12134): Parameter "INDATA_ACLR_A" = "NONE"
    Info (12134): Parameter "WRCONTROL_ACLR_A" = "NONE"
    Info (12134): Parameter "READ_DURING_WRITE_MODE_MIXED_PORTS" = "OLD_DATA"
Info (12021): Found 1 design units, including 1 entities, in source file db/altsyncram_bjh1.tdf
    Info (12023): Found entity 1: altsyncram_bjh1 File: /home/paok/Documents/Verilog_Labs/Content_Addressable_Memory/db/altsyncram_bjh1.tdf Line: 28
Info (12130): Elaborated megafunction instantiation "lpm_divide:Mod0" File: /home/paok/Documents/Verilog_Labs/Content_Addressable_Memory/CAM.v Line: 16
Info (12133): Instantiated megafunction "lpm_divide:Mod0" with the following parameter: File: /home/paok/Documents/Verilog_Labs/Content_Addressable_Memory/CAM.v Line: 16
    Info (12134): Parameter "LPM_WIDTHN" = "5"
    Info (12134): Parameter "LPM_WIDTHD" = "4"
    Info (12134): Parameter "LPM_NREPRESENTATION" = "UNSIGNED"
    Info (12134): Parameter "LPM_DREPRESENTATION" = "UNSIGNED"
Info (12021): Found 1 design units, including 1 entities, in source file db/lpm_divide_9kl.tdf
    Info (12023): Found entity 1: lpm_divide_9kl File: /home/paok/Documents/Verilog_Labs/Content_Addressable_Memory/db/lpm_divide_9kl.tdf Line: 25
Info (12021): Found 1 design units, including 1 entities, in source file db/sign_div_unsign_8kh.tdf
    Info (12023): Found entity 1: sign_div_unsign_8kh File: /home/paok/Documents/Verilog_Labs/Content_Addressable_Memory/db/sign_div_unsign_8kh.tdf Line: 25
Info (12021): Found 1 design units, including 1 entities, in source file db/alt_u_div_qee.tdf
    Info (12023): Found entity 1: alt_u_div_qee File: /home/paok/Documents/Verilog_Labs/Content_Addressable_Memory/db/alt_u_div_qee.tdf Line: 27
Info (12021): Found 1 design units, including 1 entities, in source file db/add_sub_t3c.tdf
    Info (12023): Found entity 1: add_sub_t3c File: /home/paok/Documents/Verilog_Labs/Content_Addressable_Memory/db/add_sub_t3c.tdf Line: 23
Info (12021): Found 1 design units, including 1 entities, in source file db/add_sub_u3c.tdf
    Info (12023): Found entity 1: add_sub_u3c File: /home/paok/Documents/Verilog_Labs/Content_Addressable_Memory/db/add_sub_u3c.tdf Line: 23
Info (12130): Elaborated megafunction instantiation "lpm_divide:Div0" File: /home/paok/Documents/Verilog_Labs/Content_Addressable_Memory/CAM.v Line: 17
Info (12133): Instantiated megafunction "lpm_divide:Div0" with the following parameter: File: /home/paok/Documents/Verilog_Labs/Content_Addressable_Memory/CAM.v Line: 17
    Info (12134): Parameter "LPM_WIDTHN" = "5"
    Info (12134): Parameter "LPM_WIDTHD" = "4"
    Info (12134): Parameter "LPM_NREPRESENTATION" = "UNSIGNED"
    Info (12134): Parameter "LPM_DREPRESENTATION" = "UNSIGNED"
Info (12021): Found 1 design units, including 1 entities, in source file db/lpm_divide_6sl.tdf
    Info (12023): Found entity 1: lpm_divide_6sl File: /home/paok/Documents/Verilog_Labs/Content_Addressable_Memory/db/lpm_divide_6sl.tdf Line: 25
Warning (12241): 3 hierarchies have connectivity warnings - see the Connectivity Checks report folder
Warning (13024): Output pins are stuck at VCC or GND
    Warning (13410): Pin "dispT[1]" is stuck at GND File: /home/paok/Documents/Verilog_Labs/Content_Addressable_Memory/CAM.v Line: 7
Info (286030): Timing-Driven Synthesis is running
Info (144001): Generated suppressed messages file /home/paok/Documents/Verilog_Labs/Content_Addressable_Memory/output_files/CAM.map.smsg
Info (16010): Generating hard_block partition "hard_block:auto_generated_inst"
    Info (16011): Adding 0 node(s), including 0 DDIO, 0 PLL, 0 transceiver and 0 LCELL
Warning (21074): Design contains 1 input pin(s) that do not drive logic
    Warning (15610): No output dependent on input pin "clear" File: /home/paok/Documents/Verilog_Labs/Content_Addressable_Memory/CAM.v Line: 2
Info (21057): Implemented 156 device resources after synthesis - the final resource count might be different
    Info (21058): Implemented 14 input pins
    Info (21059): Implemented 27 output pins
    Info (21061): Implemented 110 logic cells
    Info (21064): Implemented 5 RAM segments
Info: Quartus Prime Analysis & Synthesis was successful. 0 errors, 10 warnings
    Info: Peak virtual memory: 710 megabytes
    Info: Processing ended: Wed Mar  9 10:13:29 2022
    Info: Elapsed time: 00:00:06
    Info: Total CPU time (on all processors): 00:00:17


+------------------------------------------+
; Analysis & Synthesis Suppressed Messages ;
+------------------------------------------+
The suppressed messages can be found in /home/paok/Documents/Verilog_Labs/Content_Addressable_Memory/output_files/CAM.map.smsg.


